[ 2017-04-10T18:59:21+08:00 ] ::1 /2nd%20Project/04.10/project/HMadmin
INFO: [ app_init ] --START--
INFO: Run Behavior\BuildLiteBehavior [ RunTime:0.000017s ]
INFO: [ app_init ] --END-- [ RunTime:0.000634s ]
INFO: [ app_begin ] --START--
INFO: Run Behavior\ReadHtmlCacheBehavior [ RunTime:0.000622s ]
INFO: [ app_begin ] --END-- [ RunTime:0.000690s ]
SQL: SHOW COLUMNS FROM `hm_auth_group_access` [ RunTime:0.0027s ]
SQL: SELECT `uid`,`group_id`,`title`,`rules` FROM hm_auth_group_access a INNER JOIN hm_auth_group g on a.group_id=g.id  WHERE ( a.uid='1' and g.status='1' )  [ RunTime:0.0007s ]
INFO: [ view_parse ] --START--
INFO: [ template_filter ] --START--
INFO: Run Behavior\ContentReplaceBehavior [ RunTime:0.000146s ]
INFO: [ template_filter ] --END-- [ RunTime:0.000247s ]
INFO: Run Behavior\ParseTemplateBehavior [ RunTime:0.050774s ]
INFO: [ view_parse ] --END-- [ RunTime:0.050866s ]
INFO: [ view_filter ] --START--
INFO: Run Behavior\WriteHtmlCacheBehavior [ RunTime:0.000510s ]
INFO: [ view_filter ] --END-- [ RunTime:0.000585s ]
INFO: [ app_end ] --START--
INFO: Run Behavior\ShowPageTraceBehavior [ RunTime:0.001003s ]
INFO: [ app_end ] --END-- [ RunTime:0.001098s ]

[ 2017-04-10T18:59:24+08:00 ] ::1 /2nd%20Project/04.10/project/index.php/HMadmin/Order/index
INFO: [ app_init ] --START--
INFO: Run Behavior\BuildLiteBehavior [ RunTime:0.000016s ]
INFO: [ app_init ] --END-- [ RunTime:0.000538s ]
INFO: [ app_begin ] --START--
INFO: Run Behavior\ReadHtmlCacheBehavior [ RunTime:0.000660s ]
INFO: [ app_begin ] --END-- [ RunTime:0.000728s ]
SQL: SHOW COLUMNS FROM `hm_auth_group_access` [ RunTime:0.0010s ]
SQL: SELECT `uid`,`group_id`,`title`,`rules` FROM hm_auth_group_access a INNER JOIN hm_auth_group g on a.group_id=g.id  WHERE ( a.uid='1' and g.status='1' )  [ RunTime:0.0004s ]
SQL: SHOW COLUMNS FROM `hm_order` [ RunTime:0.0009s ]
SQL: SHOW COLUMNS FROM `hm_order` [ RunTime:0.0006s ]
SQL: SELECT `id` FROM `hm_order`  [ RunTime:0.0005s ]
SQL: SELECT `id`,`uid`,`orderAddtime`,`orderStatus`,`orderSendStatus`,`orderTotalPrice` FROM `hm_order` LIMIT 0,10   [ RunTime:0.0007s ]
INFO: [ view_parse ] --START--
INFO: [ template_filter ] --START--
INFO: Run Behavior\ContentReplaceBehavior [ RunTime:0.000419s ]
INFO: [ template_filter ] --END-- [ RunTime:0.000751s ]
NOTIC: [8] Use of undefined constant HMadmin - assumed 'HMadmin' D:\wamp64\www\GZ25\2nd Project\04.10\project\Application\Runtime\Cache\HMadmin\32f07f2cb58e11afeb0f28bf2e9c9c45.php 第 299 行.
NOTIC: [8] Use of undefined constant Order - assumed 'Order' D:\wamp64\www\GZ25\2nd Project\04.10\project\Application\Runtime\Cache\HMadmin\32f07f2cb58e11afeb0f28bf2e9c9c45.php 第 299 行.
NOTIC: [2] Division by zero D:\wamp64\www\GZ25\2nd Project\04.10\project\Application\Runtime\Cache\HMadmin\32f07f2cb58e11afeb0f28bf2e9c9c45.php 第 299 行.
NOTIC: [8] Use of undefined constant deleteOrder - assumed 'deleteOrder' D:\wamp64\www\GZ25\2nd Project\04.10\project\Application\Runtime\Cache\HMadmin\32f07f2cb58e11afeb0f28bf2e9c9c45.php 第 299 行.
NOTIC: [2] Division by zero D:\wamp64\www\GZ25\2nd Project\04.10\project\Application\Runtime\Cache\HMadmin\32f07f2cb58e11afeb0f28bf2e9c9c45.php 第 299 行.
INFO: Run Behavior\ParseTemplateBehavior [ RunTime:0.035597s ]
INFO: [ view_parse ] --END-- [ RunTime:0.035836s ]
INFO: [ view_filter ] --START--
INFO: Run Behavior\WriteHtmlCacheBehavior [ RunTime:0.002815s ]
INFO: [ view_filter ] --END-- [ RunTime:0.003041s ]
INFO: [ app_end ] --START--
INFO: Run Behavior\ShowPageTraceBehavior [ RunTime:0.002869s ]
INFO: [ app_end ] --END-- [ RunTime:0.003195s ]

[ 2017-04-10T18:59:28+08:00 ] ::1 /2nd%20Project/04.10/project/index.php/HMadmin/OrderDetail/getOrderDetail/oid/8
INFO: [ app_init ] --START--
INFO: Run Behavior\BuildLiteBehavior [ RunTime:0.000016s ]
INFO: [ app_init ] --END-- [ RunTime:0.000344s ]
INFO: [ app_begin ] --START--
INFO: Run Behavior\ReadHtmlCacheBehavior [ RunTime:0.000452s ]
INFO: [ app_begin ] --END-- [ RunTime:0.000516s ]
SQL: SHOW COLUMNS FROM `hm_auth_group_access` [ RunTime:0.0006s ]
SQL: SELECT `uid`,`group_id`,`title`,`rules` FROM hm_auth_group_access a INNER JOIN hm_auth_group g on a.group_id=g.id  WHERE ( a.uid='1' and g.status='1' )  [ RunTime:0.0003s ]
SQL: SHOW COLUMNS FROM `hm_order_detail` [ RunTime:0.0034s ]
SQL: SHOW COLUMNS FROM `hm_order` [ RunTime:0.0005s ]
SQL: SELECT * FROM `hm_order` WHERE `id` = 8 LIMIT 1   [ RunTime:0.0003s ]
SQL: SHOW COLUMNS FROM `hm_order_detail` [ RunTime:0.0004s ]
SQL: SELECT * FROM `hm_order_detail` WHERE ( 8 )  [ RunTime:0.0002s ]
INFO: [ view_parse ] --START--
INFO: [ template_filter ] --START--
INFO: Run Behavior\ContentReplaceBehavior [ RunTime:0.000038s ]
INFO: [ template_filter ] --END-- [ RunTime:0.000122s ]
INFO: Run Behavior\ParseTemplateBehavior [ RunTime:0.016173s ]
INFO: [ view_parse ] --END-- [ RunTime:0.016259s ]
INFO: [ view_filter ] --START--
INFO: Run Behavior\WriteHtmlCacheBehavior [ RunTime:0.000562s ]
INFO: [ view_filter ] --END-- [ RunTime:0.000627s ]

[ 2017-04-10T18:59:36+08:00 ] ::1 /2nd%20Project/04.10/project/index.php/HMadmin/OrderDetail/getOrderDetail/oid/8
INFO: [ app_init ] --START--
INFO: Run Behavior\BuildLiteBehavior [ RunTime:0.000023s ]
INFO: [ app_init ] --END-- [ RunTime:0.000720s ]
INFO: [ app_begin ] --START--
INFO: Run Behavior\ReadHtmlCacheBehavior [ RunTime:0.001045s ]
INFO: [ app_begin ] --END-- [ RunTime:0.001149s ]
SQL: SHOW COLUMNS FROM `hm_auth_group_access` [ RunTime:0.0007s ]
SQL: SELECT `uid`,`group_id`,`title`,`rules` FROM hm_auth_group_access a INNER JOIN hm_auth_group g on a.group_id=g.id  WHERE ( a.uid='1' and g.status='1' )  [ RunTime:0.0003s ]
SQL: SHOW COLUMNS FROM `hm_order_detail` [ RunTime:0.0007s ]
SQL: SHOW COLUMNS FROM `hm_order` [ RunTime:0.0005s ]
SQL: SELECT * FROM `hm_order` WHERE `id` = 8 LIMIT 1   [ RunTime:0.0003s ]
SQL: SHOW COLUMNS FROM `hm_order_detail` [ RunTime:0.0004s ]
SQL: SELECT * FROM `hm_order_detail` WHERE ( 8 )  [ RunTime:0.0002s ]
INFO: [ view_parse ] --START--
INFO: [ template_filter ] --START--
INFO: Run Behavior\ContentReplaceBehavior [ RunTime:0.000042s ]
INFO: [ template_filter ] --END-- [ RunTime:0.000115s ]
INFO: Run Behavior\ParseTemplateBehavior [ RunTime:0.006559s ]
INFO: [ view_parse ] --END-- [ RunTime:0.006631s ]
INFO: [ view_filter ] --START--
INFO: Run Behavior\WriteHtmlCacheBehavior [ RunTime:0.000584s ]
INFO: [ view_filter ] --END-- [ RunTime:0.000639s ]

[ 2017-04-10T22:18:02+08:00 ] ::1 /2nd%20Project/04.10/project/index.php/HMadmin/Commentary
INFO: [ app_init ] --START--
INFO: Run Behavior\BuildLiteBehavior [ RunTime:0.000022s ]
INFO: [ app_init ] --END-- [ RunTime:0.000719s ]
INFO: [ app_begin ] --START--
INFO: Run Behavior\ReadHtmlCacheBehavior [ RunTime:0.000771s ]
INFO: [ app_begin ] --END-- [ RunTime:0.000840s ]
SQL: SHOW COLUMNS FROM `hm_auth_group_access` [ RunTime:0.0021s ]
SQL: SELECT `uid`,`group_id`,`title`,`rules` FROM hm_auth_group_access a INNER JOIN hm_auth_group g on a.group_id=g.id  WHERE ( a.uid='1' and g.status='1' )  [ RunTime:0.0006s ]
SQL: SHOW COLUMNS FROM `hm_commentary` [ RunTime:0.0827s ]
SQL: SHOW COLUMNS FROM `hm_commentary` [ RunTime:0.0013s ]
SQL: SELECT `id` FROM `hm_commentary`  [ RunTime:0.0004s ]
SQL: SELECT * FROM `hm_commentary` LIMIT 0,10   [ RunTime:0.0004s ]
INFO: [ view_parse ] --START--
INFO: [ template_filter ] --START--
INFO: Run Behavior\ContentReplaceBehavior [ RunTime:0.000278s ]
INFO: [ template_filter ] --END-- [ RunTime:0.000469s ]
NOTIC: [8] Use of undefined constant HMadmin - assumed 'HMadmin' D:\wamp64\www\GZ25\2nd Project\04.10\project\Application\Runtime\Cache\HMadmin\43fe8e9b8903d1b3dad562134f6c5c38.php 第 299 行.
NOTIC: [8] Use of undefined constant Order - assumed 'Order' D:\wamp64\www\GZ25\2nd Project\04.10\project\Application\Runtime\Cache\HMadmin\43fe8e9b8903d1b3dad562134f6c5c38.php 第 299 行.
NOTIC: [2] Division by zero D:\wamp64\www\GZ25\2nd Project\04.10\project\Application\Runtime\Cache\HMadmin\43fe8e9b8903d1b3dad562134f6c5c38.php 第 299 行.
NOTIC: [8] Use of undefined constant deleteOrder - assumed 'deleteOrder' D:\wamp64\www\GZ25\2nd Project\04.10\project\Application\Runtime\Cache\HMadmin\43fe8e9b8903d1b3dad562134f6c5c38.php 第 299 行.
NOTIC: [2] Division by zero D:\wamp64\www\GZ25\2nd Project\04.10\project\Application\Runtime\Cache\HMadmin\43fe8e9b8903d1b3dad562134f6c5c38.php 第 299 行.
INFO: Run Behavior\ParseTemplateBehavior [ RunTime:0.035140s ]
INFO: [ view_parse ] --END-- [ RunTime:0.035307s ]
INFO: [ view_filter ] --START--
INFO: Run Behavior\WriteHtmlCacheBehavior [ RunTime:0.001405s ]
INFO: [ view_filter ] --END-- [ RunTime:0.001585s ]
INFO: [ app_end ] --START--
INFO: Run Behavior\ShowPageTraceBehavior [ RunTime:0.001475s ]
INFO: [ app_end ] --END-- [ RunTime:0.001607s ]

[ 2017-04-10T22:22:26+08:00 ] ::1 /2nd%20Project/04.10/project/index.php/HMadmin/Commentary
INFO: [ app_init ] --START--
INFO: Run Behavior\BuildLiteBehavior [ RunTime:0.000018s ]
INFO: [ app_init ] --END-- [ RunTime:0.000515s ]
INFO: [ app_begin ] --START--
INFO: Run Behavior\ReadHtmlCacheBehavior [ RunTime:0.000846s ]
INFO: [ app_begin ] --END-- [ RunTime:0.000918s ]
SQL: SHOW COLUMNS FROM `hm_auth_group_access` [ RunTime:0.0010s ]
SQL: SELECT `uid`,`group_id`,`title`,`rules` FROM hm_auth_group_access a INNER JOIN hm_auth_group g on a.group_id=g.id  WHERE ( a.uid='1' and g.status='1' )  [ RunTime:0.0003s ]
SQL: SHOW COLUMNS FROM `hm_commentary` [ RunTime:0.0030s ]
SQL: SHOW COLUMNS FROM `hm_commentary` [ RunTime:0.0005s ]
SQL: SELECT `id` FROM `hm_commentary`  [ RunTime:0.0001s ]
SQL: SELECT * FROM `hm_commentary` LIMIT 0,10   [ RunTime:0.0001s ]
INFO: [ view_parse ] --START--
INFO: [ template_filter ] --START--
INFO: Run Behavior\ContentReplaceBehavior [ RunTime:0.000111s ]
INFO: [ template_filter ] --END-- [ RunTime:0.000183s ]
NOTIC: [8] Use of undefined constant HMadmin - assumed 'HMadmin' D:\wamp64\www\GZ25\2nd Project\04.10\project\Application\Runtime\Cache\HMadmin\43fe8e9b8903d1b3dad562134f6c5c38.php 第 302 行.
NOTIC: [8] Use of undefined constant Order - assumed 'Order' D:\wamp64\www\GZ25\2nd Project\04.10\project\Application\Runtime\Cache\HMadmin\43fe8e9b8903d1b3dad562134f6c5c38.php 第 302 行.
NOTIC: [2] Division by zero D:\wamp64\www\GZ25\2nd Project\04.10\project\Application\Runtime\Cache\HMadmin\43fe8e9b8903d1b3dad562134f6c5c38.php 第 302 行.
NOTIC: [8] Use of undefined constant deleteOrder - assumed 'deleteOrder' D:\wamp64\www\GZ25\2nd Project\04.10\project\Application\Runtime\Cache\HMadmin\43fe8e9b8903d1b3dad562134f6c5c38.php 第 302 行.
NOTIC: [2] Division by zero D:\wamp64\www\GZ25\2nd Project\04.10\project\Application\Runtime\Cache\HMadmin\43fe8e9b8903d1b3dad562134f6c5c38.php 第 302 行.
INFO: Run Behavior\ParseTemplateBehavior [ RunTime:0.009740s ]
INFO: [ view_parse ] --END-- [ RunTime:0.009809s ]
INFO: [ view_filter ] --START--
INFO: Run Behavior\WriteHtmlCacheBehavior [ RunTime:0.000570s ]
INFO: [ view_filter ] --END-- [ RunTime:0.000636s ]
INFO: [ app_end ] --START--
INFO: Run Behavior\ShowPageTraceBehavior [ RunTime:0.000752s ]
INFO: [ app_end ] --END-- [ RunTime:0.000822s ]

[ 2017-04-10T22:24:07+08:00 ] ::1 /2nd%20Project/04.10/project/index.php/HMadmin/Commentary
INFO: [ app_init ] --START--
INFO: Run Behavior\BuildLiteBehavior [ RunTime:0.000017s ]
INFO: [ app_init ] --END-- [ RunTime:0.000565s ]
INFO: [ app_begin ] --START--
INFO: Run Behavior\ReadHtmlCacheBehavior [ RunTime:0.000804s ]
INFO: [ app_begin ] --END-- [ RunTime:0.000888s ]
SQL: SHOW COLUMNS FROM `hm_auth_group_access` [ RunTime:0.0008s ]
SQL: SELECT `uid`,`group_id`,`title`,`rules` FROM hm_auth_group_access a INNER JOIN hm_auth_group g on a.group_id=g.id  WHERE ( a.uid='1' and g.status='1' )  [ RunTime:0.0003s ]
SQL: SHOW COLUMNS FROM `hm_commentary` [ RunTime:0.0026s ]
SQL: SHOW COLUMNS FROM `hm_commentary` [ RunTime:0.0004s ]
SQL: SELECT `id` FROM `hm_commentary`  [ RunTime:0.0001s ]
SQL: SELECT * FROM `hm_commentary` LIMIT 0,10   [ RunTime:0.0002s ]
INFO: [ view_parse ] --START--
INFO: [ template_filter ] --START--
INFO: Run Behavior\ContentReplaceBehavior [ RunTime:0.000107s ]
INFO: [ template_filter ] --END-- [ RunTime:0.000182s ]
INFO: Run Behavior\ParseTemplateBehavior [ RunTime:0.008566s ]
INFO: [ view_parse ] --END-- [ RunTime:0.008634s ]
INFO: [ view_filter ] --START--
INFO: Run Behavior\WriteHtmlCacheBehavior [ RunTime:0.000536s ]
INFO: [ view_filter ] --END-- [ RunTime:0.000595s ]
INFO: [ app_end ] --START--
INFO: Run Behavior\ShowPageTraceBehavior [ RunTime:0.000739s ]
INFO: [ app_end ] --END-- [ RunTime:0.000806s ]

[ 2017-04-10T22:25:19+08:00 ] ::1 /2nd%20Project/04.10/project/index.php/HMadmin/Commentary
INFO: [ app_init ] --START--
INFO: Run Behavior\BuildLiteBehavior [ RunTime:0.000022s ]
INFO: [ app_init ] --END-- [ RunTime:0.000597s ]
INFO: [ app_begin ] --START--
INFO: Run Behavior\ReadHtmlCacheBehavior [ RunTime:0.000613s ]
INFO: [ app_begin ] --END-- [ RunTime:0.000680s ]
SQL: SHOW COLUMNS FROM `hm_auth_group_access` [ RunTime:0.0009s ]
SQL: SELECT `uid`,`group_id`,`title`,`rules` FROM hm_auth_group_access a INNER JOIN hm_auth_group g on a.group_id=g.id  WHERE ( a.uid='1' and g.status='1' )  [ RunTime:0.0004s ]
SQL: SHOW COLUMNS FROM `hm_commentary` [ RunTime:0.0027s ]
SQL: SHOW COLUMNS FROM `hm_commentary` [ RunTime:0.0004s ]
SQL: SELECT `id` FROM `hm_commentary`  [ RunTime:0.0002s ]
SQL: SELECT * FROM `hm_commentary` LIMIT 0,10   [ RunTime:0.0002s ]
INFO: [ view_parse ] --START--
INFO: [ template_filter ] --START--
INFO: Run Behavior\ContentReplaceBehavior [ RunTime:0.000104s ]
INFO: [ template_filter ] --END-- [ RunTime:0.000179s ]
INFO: Run Behavior\ParseTemplateBehavior [ RunTime:0.009328s ]
INFO: [ view_parse ] --END-- [ RunTime:0.009403s ]
INFO: [ view_filter ] --START--
INFO: Run Behavior\WriteHtmlCacheBehavior [ RunTime:0.000560s ]
INFO: [ view_filter ] --END-- [ RunTime:0.000623s ]
INFO: [ app_end ] --START--
INFO: Run Behavior\ShowPageTraceBehavior [ RunTime:0.000791s ]
INFO: [ app_end ] --END-- [ RunTime:0.000872s ]

[ 2017-04-10T22:25:22+08:00 ] ::1 /2nd%20Project/04.10/project/index.php/HMadmin/Links/index
INFO: [ app_init ] --START--
INFO: Run Behavior\BuildLiteBehavior [ RunTime:0.000020s ]
INFO: [ app_init ] --END-- [ RunTime:0.000491s ]
INFO: [ app_begin ] --START--
INFO: Run Behavior\ReadHtmlCacheBehavior [ RunTime:0.000606s ]
INFO: [ app_begin ] --END-- [ RunTime:0.000688s ]
SQL: SHOW COLUMNS FROM `hm_auth_group_access` [ RunTime:0.0005s ]
SQL: SELECT `uid`,`group_id`,`title`,`rules` FROM hm_auth_group_access a INNER JOIN hm_auth_group g on a.group_id=g.id  WHERE ( a.uid='1' and g.status='1' )  [ RunTime:0.0002s ]
SQL: SHOW COLUMNS FROM `hm_links` [ RunTime:0.0108s ]
SQL: SHOW COLUMNS FROM `hm_links` [ RunTime:0.0005s ]
SQL: SELECT `id` FROM `hm_links`  [ RunTime:0.0002s ]
NOTIC: [8] Undefined variable: orderList D:\wamp64\www\GZ25\2nd Project\04.10\project\Application\HMadmin\Model\LinksModel.class.php 第 20 行.
SQL: SELECT * FROM `hm_links` LIMIT 0,10   [ RunTime:0.0002s ]
INFO: [ view_parse ] --START--
INFO: [ template_filter ] --START--
INFO: Run Behavior\ContentReplaceBehavior [ RunTime:0.000106s ]
INFO: [ template_filter ] --END-- [ RunTime:0.000182s ]
NOTIC: [8] Use of undefined constant HMadmin - assumed 'HMadmin' D:\wamp64\www\GZ25\2nd Project\04.10\project\Application\Runtime\Cache\HMadmin\d5d7cbbeca40f30572a0aeeaec8f38ec.php 第 309 行.
NOTIC: [8] Use of undefined constant Order - assumed 'Order' D:\wamp64\www\GZ25\2nd Project\04.10\project\Application\Runtime\Cache\HMadmin\d5d7cbbeca40f30572a0aeeaec8f38ec.php 第 309 行.
NOTIC: [2] Division by zero D:\wamp64\www\GZ25\2nd Project\04.10\project\Application\Runtime\Cache\HMadmin\d5d7cbbeca40f30572a0aeeaec8f38ec.php 第 309 行.
NOTIC: [8] Use of undefined constant deleteOrder - assumed 'deleteOrder' D:\wamp64\www\GZ25\2nd Project\04.10\project\Application\Runtime\Cache\HMadmin\d5d7cbbeca40f30572a0aeeaec8f38ec.php 第 309 行.
NOTIC: [2] Division by zero D:\wamp64\www\GZ25\2nd Project\04.10\project\Application\Runtime\Cache\HMadmin\d5d7cbbeca40f30572a0aeeaec8f38ec.php 第 309 行.
INFO: Run Behavior\ParseTemplateBehavior [ RunTime:0.016838s ]
INFO: [ view_parse ] --END-- [ RunTime:0.016905s ]
INFO: [ view_filter ] --START--
INFO: Run Behavior\WriteHtmlCacheBehavior [ RunTime:0.000551s ]
INFO: [ view_filter ] --END-- [ RunTime:0.000613s ]
INFO: [ app_end ] --START--
INFO: Run Behavior\ShowPageTraceBehavior [ RunTime:0.000720s ]
INFO: [ app_end ] --END-- [ RunTime:0.000787s ]

[ 2017-04-10T22:25:36+08:00 ] ::1 /2nd%20Project/04.10/project/index.php/HMadmin/Links/index
INFO: [ app_init ] --START--
INFO: Run Behavior\BuildLiteBehavior [ RunTime:0.000016s ]
INFO: [ app_init ] --END-- [ RunTime:0.000362s ]
INFO: [ app_begin ] --START--
INFO: Run Behavior\ReadHtmlCacheBehavior [ RunTime:0.000509s ]
INFO: [ app_begin ] --END-- [ RunTime:0.000585s ]
SQL: SHOW COLUMNS FROM `hm_auth_group_access` [ RunTime:0.0007s ]
SQL: SELECT `uid`,`group_id`,`title`,`rules` FROM hm_auth_group_access a INNER JOIN hm_auth_group g on a.group_id=g.id  WHERE ( a.uid='1' and g.status='1' )  [ RunTime:0.0003s ]
SQL: SHOW COLUMNS FROM `hm_links` [ RunTime:0.0028s ]
SQL: SHOW COLUMNS FROM `hm_links` [ RunTime:0.0004s ]
SQL: SELECT `id` FROM `hm_links`  [ RunTime:0.0002s ]
NOTIC: [8] Undefined variable: orderList D:\wamp64\www\GZ25\2nd Project\04.10\project\Application\HMadmin\Model\LinksModel.class.php 第 20 行.
SQL: SELECT * FROM `hm_links` LIMIT 0,10   [ RunTime:0.0002s ]
INFO: [ view_parse ] --START--
INFO: [ template_filter ] --START--
INFO: Run Behavior\ContentReplaceBehavior [ RunTime:0.000114s ]
INFO: [ template_filter ] --END-- [ RunTime:0.000195s ]
NOTIC: [8] Use of undefined constant HMadmin - assumed 'HMadmin' D:\wamp64\www\GZ25\2nd Project\04.10\project\Application\Runtime\Cache\HMadmin\d5d7cbbeca40f30572a0aeeaec8f38ec.php 第 309 行.
NOTIC: [8] Use of undefined constant Order - assumed 'Order' D:\wamp64\www\GZ25\2nd Project\04.10\project\Application\Runtime\Cache\HMadmin\d5d7cbbeca40f30572a0aeeaec8f38ec.php 第 309 行.
NOTIC: [2] Division by zero D:\wamp64\www\GZ25\2nd Project\04.10\project\Application\Runtime\Cache\HMadmin\d5d7cbbeca40f30572a0aeeaec8f38ec.php 第 309 行.
NOTIC: [8] Use of undefined constant deleteOrder - assumed 'deleteOrder' D:\wamp64\www\GZ25\2nd Project\04.10\project\Application\Runtime\Cache\HMadmin\d5d7cbbeca40f30572a0aeeaec8f38ec.php 第 309 行.
NOTIC: [2] Division by zero D:\wamp64\www\GZ25\2nd Project\04.10\project\Application\Runtime\Cache\HMadmin\d5d7cbbeca40f30572a0aeeaec8f38ec.php 第 309 行.
INFO: Run Behavior\ParseTemplateBehavior [ RunTime:0.008300s ]
INFO: [ view_parse ] --END-- [ RunTime:0.008363s ]
INFO: [ view_filter ] --START--
INFO: Run Behavior\WriteHtmlCacheBehavior [ RunTime:0.000547s ]
INFO: [ view_filter ] --END-- [ RunTime:0.000604s ]
INFO: [ app_end ] --START--
INFO: Run Behavior\ShowPageTraceBehavior [ RunTime:0.000717s ]
INFO: [ app_end ] --END-- [ RunTime:0.000784s ]

[ 2017-04-10T22:25:40+08:00 ] ::1 /2nd%20Project/04.10/project/index.php/HMadmin/Commentary/index
INFO: [ app_init ] --START--
INFO: Run Behavior\BuildLiteBehavior [ RunTime:0.000020s ]
INFO: [ app_init ] --END-- [ RunTime:0.000453s ]
INFO: [ app_begin ] --START--
INFO: Run Behavior\ReadHtmlCacheBehavior [ RunTime:0.000586s ]
INFO: [ app_begin ] --END-- [ RunTime:0.000682s ]
SQL: SHOW COLUMNS FROM `hm_auth_group_access` [ RunTime:0.0006s ]
SQL: SELECT `uid`,`group_id`,`title`,`rules` FROM hm_auth_group_access a INNER JOIN hm_auth_group g on a.group_id=g.id  WHERE ( a.uid='1' and g.status='1' )  [ RunTime:0.0003s ]
SQL: SHOW COLUMNS FROM `hm_commentary` [ RunTime:0.0025s ]
SQL: SHOW COLUMNS FROM `hm_commentary` [ RunTime:0.0003s ]
SQL: SELECT `id` FROM `hm_commentary`  [ RunTime:0.0002s ]
SQL: SELECT * FROM `hm_commentary` LIMIT 0,10   [ RunTime:0.0002s ]
INFO: [ view_parse ] --START--
INFO: [ template_filter ] --START--
INFO: Run Behavior\ContentReplaceBehavior [ RunTime:0.000106s ]
INFO: [ template_filter ] --END-- [ RunTime:0.000182s ]
INFO: Run Behavior\ParseTemplateBehavior [ RunTime:0.007824s ]
INFO: [ view_parse ] --END-- [ RunTime:0.007895s ]
INFO: [ view_filter ] --START--
INFO: Run Behavior\WriteHtmlCacheBehavior [ RunTime:0.000554s ]
INFO: [ view_filter ] --END-- [ RunTime:0.000616s ]
INFO: [ app_end ] --START--
INFO: Run Behavior\ShowPageTraceBehavior [ RunTime:0.000726s ]
INFO: [ app_end ] --END-- [ RunTime:0.000793s ]

[ 2017-04-10T22:27:01+08:00 ] ::1 /2nd%20Project/04.10/project/index.php/HMadmin/Commentary/index
INFO: [ app_init ] --START--
INFO: Run Behavior\BuildLiteBehavior [ RunTime:0.000028s ]
INFO: [ app_init ] --END-- [ RunTime:0.000487s ]
INFO: [ app_begin ] --START--
INFO: Run Behavior\ReadHtmlCacheBehavior [ RunTime:0.000611s ]
INFO: [ app_begin ] --END-- [ RunTime:0.000696s ]
SQL: SHOW COLUMNS FROM `hm_auth_group_access` [ RunTime:0.0010s ]
SQL: SELECT `uid`,`group_id`,`title`,`rules` FROM hm_auth_group_access a INNER JOIN hm_auth_group g on a.group_id=g.id  WHERE ( a.uid='1' and g.status='1' )  [ RunTime:0.0005s ]
SQL: SHOW COLUMNS FROM `hm_commentary` [ RunTime:0.0030s ]
SQL: SHOW COLUMNS FROM `hm_commentary` [ RunTime:0.0004s ]
SQL: SELECT `id` FROM `hm_commentary`  [ RunTime:0.0002s ]
SQL: SELECT * FROM `hm_commentary` LIMIT 0,10   [ RunTime:0.0002s ]
INFO: [ view_parse ] --START--
INFO: [ template_filter ] --START--
INFO: Run Behavior\ContentReplaceBehavior [ RunTime:0.000105s ]
INFO: [ template_filter ] --END-- [ RunTime:0.000181s ]
NOTIC: [8] Undefined index: contents D:\wamp64\www\GZ25\2nd Project\04.10\project\Application\Runtime\Cache\HMadmin\43fe8e9b8903d1b3dad562134f6c5c38.php 第 248 行.
INFO: Run Behavior\ParseTemplateBehavior [ RunTime:0.008893s ]
INFO: [ view_parse ] --END-- [ RunTime:0.008958s ]
INFO: [ view_filter ] --START--
INFO: Run Behavior\WriteHtmlCacheBehavior [ RunTime:0.000517s ]
INFO: [ view_filter ] --END-- [ RunTime:0.000575s ]
INFO: [ app_end ] --START--
INFO: Run Behavior\ShowPageTraceBehavior [ RunTime:0.000715s ]
INFO: [ app_end ] --END-- [ RunTime:0.000781s ]

[ 2017-04-10T22:27:05+08:00 ] ::1 /2nd%20Project/04.10/project/index.php/HMadmin/Commentary/deleteCommentary?id=1
INFO: [ app_init ] --START--
INFO: Run Behavior\BuildLiteBehavior [ RunTime:0.000022s ]
INFO: [ app_init ] --END-- [ RunTime:0.000493s ]
INFO: [ app_begin ] --START--
INFO: Run Behavior\ReadHtmlCacheBehavior [ RunTime:0.000652s ]
INFO: [ app_begin ] --END-- [ RunTime:0.000741s ]
SQL: SHOW COLUMNS FROM `hm_auth_group_access` [ RunTime:0.0007s ]
SQL: SELECT `uid`,`group_id`,`title`,`rules` FROM hm_auth_group_access a INNER JOIN hm_auth_group g on a.group_id=g.id  WHERE ( a.uid='1' and g.status='1' )  [ RunTime:0.0003s ]
ERR: 非法操作:deleteCommentary

[ 2017-04-10T22:27:13+08:00 ] ::1 /2nd%20Project/04.10/project/index.php/HMadmin/Commentary/index
INFO: [ app_init ] --START--
INFO: Run Behavior\BuildLiteBehavior [ RunTime:0.000023s ]
INFO: [ app_init ] --END-- [ RunTime:0.000749s ]
INFO: [ app_begin ] --START--
INFO: Run Behavior\ReadHtmlCacheBehavior [ RunTime:0.000781s ]
INFO: [ app_begin ] --END-- [ RunTime:0.000878s ]
SQL: SHOW COLUMNS FROM `hm_auth_group_access` [ RunTime:0.0007s ]
SQL: SELECT `uid`,`group_id`,`title`,`rules` FROM hm_auth_group_access a INNER JOIN hm_auth_group g on a.group_id=g.id  WHERE ( a.uid='1' and g.status='1' )  [ RunTime:0.0004s ]
SQL: SHOW COLUMNS FROM `hm_commentary` [ RunTime:0.0035s ]
SQL: SHOW COLUMNS FROM `hm_commentary` [ RunTime:0.0005s ]
SQL: SELECT `id` FROM `hm_commentary`  [ RunTime:0.0002s ]
SQL: SELECT * FROM `hm_commentary` LIMIT 0,10   [ RunTime:0.0002s ]
INFO: [ view_parse ] --START--
INFO: [ template_filter ] --START--
INFO: Run Behavior\ContentReplaceBehavior [ RunTime:0.000105s ]
INFO: [ template_filter ] --END-- [ RunTime:0.000183s ]
NOTIC: [8] Undefined index: contents D:\wamp64\www\GZ25\2nd Project\04.10\project\Application\Runtime\Cache\HMadmin\43fe8e9b8903d1b3dad562134f6c5c38.php 第 248 行.
INFO: Run Behavior\ParseTemplateBehavior [ RunTime:0.008365s ]
INFO: [ view_parse ] --END-- [ RunTime:0.008449s ]
INFO: [ view_filter ] --START--
INFO: Run Behavior\WriteHtmlCacheBehavior [ RunTime:0.000613s ]
INFO: [ view_filter ] --END-- [ RunTime:0.000678s ]
INFO: [ app_end ] --START--
INFO: Run Behavior\ShowPageTraceBehavior [ RunTime:0.000976s ]
INFO: [ app_end ] --END-- [ RunTime:0.001060s ]

[ 2017-04-10T22:27:46+08:00 ] ::1 /2nd%20Project/04.10/project/index.php/HMadmin/Commentary/deleteCommentary?id=1
INFO: [ app_init ] --START--
INFO: Run Behavior\BuildLiteBehavior [ RunTime:0.000018s ]
INFO: [ app_init ] --END-- [ RunTime:0.000613s ]
INFO: [ app_begin ] --START--
INFO: Run Behavior\ReadHtmlCacheBehavior [ RunTime:0.000652s ]
INFO: [ app_begin ] --END-- [ RunTime:0.000737s ]
SQL: SHOW COLUMNS FROM `hm_auth_group_access` [ RunTime:0.0008s ]
SQL: SELECT `uid`,`group_id`,`title`,`rules` FROM hm_auth_group_access a INNER JOIN hm_auth_group g on a.group_id=g.id  WHERE ( a.uid='1' and g.status='1' )  [ RunTime:0.0003s ]
ERR: 非法操作:deleteCommentary

[ 2017-04-10T22:28:13+08:00 ] ::1 /2nd%20Project/04.10/project/index.php/HMadmin/Commentary/index
INFO: [ app_init ] --START--
INFO: Run Behavior\BuildLiteBehavior [ RunTime:0.000023s ]
INFO: [ app_init ] --END-- [ RunTime:0.000500s ]
INFO: [ app_begin ] --START--
INFO: Run Behavior\ReadHtmlCacheBehavior [ RunTime:0.000692s ]
INFO: [ app_begin ] --END-- [ RunTime:0.000806s ]
SQL: SHOW COLUMNS FROM `hm_auth_group_access` [ RunTime:0.0005s ]
SQL: SELECT `uid`,`group_id`,`title`,`rules` FROM hm_auth_group_access a INNER JOIN hm_auth_group g on a.group_id=g.id  WHERE ( a.uid='1' and g.status='1' )  [ RunTime:0.0003s ]
SQL: SHOW COLUMNS FROM `hm_commentary` [ RunTime:0.0028s ]
SQL: SHOW COLUMNS FROM `hm_commentary` [ RunTime:0.0004s ]
SQL: SELECT `id` FROM `hm_commentary`  [ RunTime:0.0001s ]
SQL: SELECT * FROM `hm_commentary` LIMIT 0,10   [ RunTime:0.0002s ]
INFO: [ view_parse ] --START--
INFO: [ template_filter ] --START--
INFO: Run Behavior\ContentReplaceBehavior [ RunTime:0.000110s ]
INFO: [ template_filter ] --END-- [ RunTime:0.000195s ]
NOTIC: [8] Undefined index: contents D:\wamp64\www\GZ25\2nd Project\04.10\project\Application\Runtime\Cache\HMadmin\43fe8e9b8903d1b3dad562134f6c5c38.php 第 248 行.
INFO: Run Behavior\ParseTemplateBehavior [ RunTime:0.009979s ]
INFO: [ view_parse ] --END-- [ RunTime:0.010049s ]
INFO: [ view_filter ] --START--
INFO: Run Behavior\WriteHtmlCacheBehavior [ RunTime:0.000561s ]
INFO: [ view_filter ] --END-- [ RunTime:0.000620s ]
INFO: [ app_end ] --START--
INFO: Run Behavior\ShowPageTraceBehavior [ RunTime:0.000760s ]
INFO: [ app_end ] --END-- [ RunTime:0.000827s ]

[ 2017-04-10T22:28:15+08:00 ] ::1 /2nd%20Project/04.10/project/index.php/HMadmin/Commentary/deleteCommentary?id=1
INFO: [ app_init ] --START--
INFO: Run Behavior\BuildLiteBehavior [ RunTime:0.000035s ]
INFO: [ app_init ] --END-- [ RunTime:0.000694s ]
INFO: [ app_begin ] --START--
INFO: Run Behavior\ReadHtmlCacheBehavior [ RunTime:0.000750s ]
INFO: [ app_begin ] --END-- [ RunTime:0.000841s ]
SQL: SHOW COLUMNS FROM `hm_auth_group_access` [ RunTime:0.0009s ]
SQL: SELECT `uid`,`group_id`,`title`,`rules` FROM hm_auth_group_access a INNER JOIN hm_auth_group g on a.group_id=g.id  WHERE ( a.uid='1' and g.status='1' )  [ RunTime:0.0006s ]
SQL: SHOW COLUMNS FROM `hm_commentary` [ RunTime:0.0031s ]
SQL: SHOW COLUMNS FROM `hm_commentary` [ RunTime:0.0006s ]
SQL: DELETE FROM `hm_commentary` WHERE `id` = 1 [ RunTime:0.0648s ]
INFO: [ app_end ] --START--
INFO: Run Behavior\ShowPageTraceBehavior [ RunTime:0.000963s ]
INFO: [ app_end ] --END-- [ RunTime:0.001046s ]

