[ 2017-04-07T09:03:30+08:00 ] ::1 /Project/project/index.php/HMadmin/AuthRule/index
INFO: [ app_init ] --START--
INFO: Run Behavior\BuildLiteBehavior [ RunTime:0.000000s ]
INFO: [ app_init ] --END-- [ RunTime:0.001000s ]
INFO: [ app_begin ] --START--
INFO: Run Behavior\ReadHtmlCacheBehavior [ RunTime:0.001000s ]
INFO: [ app_begin ] --END-- [ RunTime:0.001000s ]
NOTIC: [8] Undefined index: adminInfo D:\wamp64\www\Project\project\Application\HMadmin\Controller\CommonController.class.php 第 16 行.
INFO: [ view_parse ] --START--
INFO: [ template_filter ] --START--
INFO: Run Behavior\ContentReplaceBehavior [ RunTime:0.001000s ]
INFO: [ template_filter ] --END-- [ RunTime:0.001000s ]
INFO: Run Behavior\ParseTemplateBehavior [ RunTime:0.023001s ]
INFO: [ view_parse ] --END-- [ RunTime:0.024001s ]
INFO: [ view_filter ] --START--
INFO: Run Behavior\WriteHtmlCacheBehavior [ RunTime:0.001000s ]
INFO: [ view_filter ] --END-- [ RunTime:0.001000s ]

[ 2017-04-07T09:03:33+08:00 ] ::1 /Project/project/index.php/HMadmin/Public/login.html
INFO: [ app_init ] --START--
INFO: Run Behavior\BuildLiteBehavior [ RunTime:0.000000s ]
INFO: [ app_init ] --END-- [ RunTime:0.000000s ]
INFO: [ app_begin ] --START--
INFO: Run Behavior\ReadHtmlCacheBehavior [ RunTime:0.001000s ]
INFO: [ app_begin ] --END-- [ RunTime:0.001000s ]
INFO: [ view_parse ] --START--
INFO: [ template_filter ] --START--
INFO: Run Behavior\ContentReplaceBehavior [ RunTime:0.000000s ]
INFO: [ template_filter ] --END-- [ RunTime:0.000000s ]
INFO: Run Behavior\ParseTemplateBehavior [ RunTime:0.005000s ]
INFO: [ view_parse ] --END-- [ RunTime:0.005000s ]
INFO: [ view_filter ] --START--
INFO: Run Behavior\WriteHtmlCacheBehavior [ RunTime:0.000000s ]
INFO: [ view_filter ] --END-- [ RunTime:0.000000s ]
INFO: [ app_end ] --START--
INFO: Run Behavior\ShowPageTraceBehavior [ RunTime:0.001000s ]
INFO: [ app_end ] --END-- [ RunTime:0.001000s ]

[ 2017-04-07T09:03:37+08:00 ] ::1 /Project/project/index.php/HMadmin/Public/login.html
INFO: [ app_init ] --START--
INFO: Run Behavior\BuildLiteBehavior [ RunTime:0.000000s ]
INFO: [ app_init ] --END-- [ RunTime:0.000000s ]
INFO: [ app_begin ] --START--
INFO: Run Behavior\ReadHtmlCacheBehavior [ RunTime:0.000000s ]
INFO: [ app_begin ] --END-- [ RunTime:0.000000s ]
SQL: SHOW COLUMNS FROM `hm_admin` [ RunTime:0.0100s ]
SQL: SELECT `id`,`name`,`password` FROM `hm_admin` WHERE `name` = 'van' LIMIT 1   [ RunTime:0.0080s ]
INFO: [ view_parse ] --START--
INFO: [ template_filter ] --START--
INFO: Run Behavior\ContentReplaceBehavior [ RunTime:0.000000s ]
INFO: [ template_filter ] --END-- [ RunTime:0.000000s ]
INFO: Run Behavior\ParseTemplateBehavior [ RunTime:0.006001s ]
INFO: [ view_parse ] --END-- [ RunTime:0.006001s ]
INFO: [ view_filter ] --START--
INFO: Run Behavior\WriteHtmlCacheBehavior [ RunTime:0.001000s ]
INFO: [ view_filter ] --END-- [ RunTime:0.001000s ]

[ 2017-04-07T09:03:39+08:00 ] ::1 /Project/project/index.php/HMadmin/Index/index.html
INFO: [ app_init ] --START--
INFO: Run Behavior\BuildLiteBehavior [ RunTime:0.000000s ]
INFO: [ app_init ] --END-- [ RunTime:0.001000s ]
INFO: [ app_begin ] --START--
INFO: Run Behavior\ReadHtmlCacheBehavior [ RunTime:0.001000s ]
INFO: [ app_begin ] --END-- [ RunTime:0.001000s ]
SQL: SHOW COLUMNS FROM `hm_auth_group_access` [ RunTime:0.0090s ]
SQL: SELECT `uid`,`group_id`,`title`,`rules` FROM hm_auth_group_access a INNER JOIN hm_auth_group g on a.group_id=g.id  WHERE ( a.uid='19' and g.status='1' )  [ RunTime:0.0090s ]
SQL: SHOW COLUMNS FROM `hm_auth_rule` [ RunTime:0.0090s ]
SQL: SELECT `situation`,`name` FROM `hm_auth_rule` WHERE `id` IN ('6','8','9','10','12','13','14','15','17','18','19','20','21','22','23','24','25','26','27','28','29','30','31','33','34','35','36','37','38','39','40','41') AND `status` = 1  [ RunTime:0.0140s ]
INFO: [ view_parse ] --START--
INFO: [ template_filter ] --START--
INFO: Run Behavior\ContentReplaceBehavior [ RunTime:0.000000s ]
INFO: [ template_filter ] --END-- [ RunTime:0.001000s ]
INFO: Run Behavior\ParseTemplateBehavior [ RunTime:0.026002s ]
INFO: [ view_parse ] --END-- [ RunTime:0.026002s ]
INFO: [ view_filter ] --START--
INFO: Run Behavior\WriteHtmlCacheBehavior [ RunTime:0.001000s ]
INFO: [ view_filter ] --END-- [ RunTime:0.001000s ]
INFO: [ app_end ] --START--
INFO: Run Behavior\ShowPageTraceBehavior [ RunTime:0.002000s ]
INFO: [ app_end ] --END-- [ RunTime:0.002000s ]

[ 2017-04-07T09:03:59+08:00 ] ::1 /Project/project/index.php/HMadmin/Admin/index
INFO: [ app_init ] --START--
INFO: Run Behavior\BuildLiteBehavior [ RunTime:0.000000s ]
INFO: [ app_init ] --END-- [ RunTime:0.000000s ]
INFO: [ app_begin ] --START--
INFO: Run Behavior\ReadHtmlCacheBehavior [ RunTime:0.001000s ]
INFO: [ app_begin ] --END-- [ RunTime:0.001000s ]
SQL: SHOW COLUMNS FROM `hm_auth_group_access` [ RunTime:0.1630s ]
SQL: SELECT `uid`,`group_id`,`title`,`rules` FROM hm_auth_group_access a INNER JOIN hm_auth_group g on a.group_id=g.id  WHERE ( a.uid='19' and g.status='1' )  [ RunTime:0.1460s ]
SQL: SHOW COLUMNS FROM `hm_auth_rule` [ RunTime:0.1600s ]
SQL: SELECT `situation`,`name` FROM `hm_auth_rule` WHERE `id` IN ('6','8','9','10','12','13','14','15','17','18','19','20','21','22','23','24','25','26','27','28','29','30','31','33','34','35','36','37','38','39','40','41') AND `status` = 1  [ RunTime:0.1510s ]
SQL: SHOW COLUMNS FROM `hm_admin` [ RunTime:0.1220s ]
SQL: SELECT * FROM `hm_admin`  [ RunTime:0.0450s ]
INFO: [ view_parse ] --START--
INFO: [ template_filter ] --START--
INFO: Run Behavior\ContentReplaceBehavior [ RunTime:0.001000s ]
INFO: [ template_filter ] --END-- [ RunTime:0.001000s ]
NOTIC: [8] Use of undefined constant status - assumed 'status' D:\wamp64\www\Project\project\Application\Runtime\Cache\HMadmin\15847bd12c16715edf942658ea7e9c5a.php 第 264 行.
NOTIC: [8] Use of undefined constant id - assumed 'id' D:\wamp64\www\Project\project\Application\Runtime\Cache\HMadmin\15847bd12c16715edf942658ea7e9c5a.php 第 272 行.
NOTIC: [8] Use of undefined constant status - assumed 'status' D:\wamp64\www\Project\project\Application\Runtime\Cache\HMadmin\15847bd12c16715edf942658ea7e9c5a.php 第 264 行.
NOTIC: [8] Use of undefined constant id - assumed 'id' D:\wamp64\www\Project\project\Application\Runtime\Cache\HMadmin\15847bd12c16715edf942658ea7e9c5a.php 第 272 行.
NOTIC: [8] Use of undefined constant status - assumed 'status' D:\wamp64\www\Project\project\Application\Runtime\Cache\HMadmin\15847bd12c16715edf942658ea7e9c5a.php 第 264 行.
NOTIC: [8] Use of undefined constant id - assumed 'id' D:\wamp64\www\Project\project\Application\Runtime\Cache\HMadmin\15847bd12c16715edf942658ea7e9c5a.php 第 272 行.
NOTIC: [8] Use of undefined constant status - assumed 'status' D:\wamp64\www\Project\project\Application\Runtime\Cache\HMadmin\15847bd12c16715edf942658ea7e9c5a.php 第 264 行.
NOTIC: [8] Use of undefined constant id - assumed 'id' D:\wamp64\www\Project\project\Application\Runtime\Cache\HMadmin\15847bd12c16715edf942658ea7e9c5a.php 第 272 行.
NOTIC: [8] Use of undefined constant status - assumed 'status' D:\wamp64\www\Project\project\Application\Runtime\Cache\HMadmin\15847bd12c16715edf942658ea7e9c5a.php 第 264 行.
NOTIC: [8] Use of undefined constant id - assumed 'id' D:\wamp64\www\Project\project\Application\Runtime\Cache\HMadmin\15847bd12c16715edf942658ea7e9c5a.php 第 272 行.
INFO: Run Behavior\ParseTemplateBehavior [ RunTime:0.030002s ]
INFO: [ view_parse ] --END-- [ RunTime:0.031002s ]
INFO: [ view_filter ] --START--
INFO: Run Behavior\WriteHtmlCacheBehavior [ RunTime:0.001000s ]
INFO: [ view_filter ] --END-- [ RunTime:0.001000s ]
INFO: [ app_end ] --START--
INFO: Run Behavior\ShowPageTraceBehavior [ RunTime:0.006000s ]
INFO: [ app_end ] --END-- [ RunTime:0.006000s ]

[ 2017-04-07T09:03:59+08:00 ] ::1 /Project/project/index.php/HMadmin/Admin/showGroupName/id/7
INFO: [ app_init ] --START--
INFO: Run Behavior\BuildLiteBehavior [ RunTime:0.000000s ]
INFO: [ app_init ] --END-- [ RunTime:0.001000s ]
INFO: [ app_begin ] --START--
INFO: Run Behavior\ReadHtmlCacheBehavior [ RunTime:0.001000s ]
INFO: [ app_begin ] --END-- [ RunTime:0.001000s ]
SQL: SHOW COLUMNS FROM `hm_auth_group_access` [ RunTime:0.1460s ]
SQL: SELECT `uid`,`group_id`,`title`,`rules` FROM hm_auth_group_access a INNER JOIN hm_auth_group g on a.group_id=g.id  WHERE ( a.uid='19' and g.status='1' )  [ RunTime:0.1030s ]
SQL: SHOW COLUMNS FROM `hm_auth_rule` [ RunTime:0.0250s ]
SQL: SELECT `situation`,`name` FROM `hm_auth_rule` WHERE `id` IN ('6','8','9','10','12','13','14','15','17','18','19','20','21','22','23','24','25','26','27','28','29','30','31','33','34','35','36','37','38','39','40','41') AND `status` = 1  [ RunTime:0.0090s ]
SQL: SHOW COLUMNS FROM `hm_auth_group_access` [ RunTime:0.0090s ]
SQL: SELECT * FROM `hm_auth_group_access` INNER JOIN hm_auth_group ON hm_auth_group_access.group_id = hm_auth_group.id  WHERE ( uid=7 ) LIMIT 1   [ RunTime:0.0090s ]

[ 2017-04-07T09:04:01+08:00 ] ::1 /Project/project/index.php/HMadmin/Admin/showGroupName/id/19
INFO: [ app_init ] --START--
INFO: Run Behavior\BuildLiteBehavior [ RunTime:0.000000s ]
INFO: [ app_init ] --END-- [ RunTime:0.000000s ]
INFO: [ app_begin ] --START--
INFO: Run Behavior\ReadHtmlCacheBehavior [ RunTime:0.001000s ]
INFO: [ app_begin ] --END-- [ RunTime:0.001000s ]
SQL: SHOW COLUMNS FROM `hm_auth_group_access` [ RunTime:0.0780s ]
SQL: SELECT `uid`,`group_id`,`title`,`rules` FROM hm_auth_group_access a INNER JOIN hm_auth_group g on a.group_id=g.id  WHERE ( a.uid='19' and g.status='1' )  [ RunTime:0.0220s ]
SQL: SHOW COLUMNS FROM `hm_auth_rule` [ RunTime:0.1620s ]
SQL: SELECT `situation`,`name` FROM `hm_auth_rule` WHERE `id` IN ('6','8','9','10','12','13','14','15','17','18','19','20','21','22','23','24','25','26','27','28','29','30','31','33','34','35','36','37','38','39','40','41') AND `status` = 1  [ RunTime:0.1660s ]
SQL: SHOW COLUMNS FROM `hm_auth_group_access` [ RunTime:0.1590s ]
SQL: SELECT * FROM `hm_auth_group_access` INNER JOIN hm_auth_group ON hm_auth_group_access.group_id = hm_auth_group.id  WHERE ( uid=19 ) LIMIT 1   [ RunTime:0.1640s ]

[ 2017-04-07T09:04:03+08:00 ] ::1 /Project/project/index.php/HMadmin/Admin/showGroupName/id/21
INFO: [ app_init ] --START--
INFO: Run Behavior\BuildLiteBehavior [ RunTime:0.000000s ]
INFO: [ app_init ] --END-- [ RunTime:0.000000s ]
INFO: [ app_begin ] --START--
INFO: Run Behavior\ReadHtmlCacheBehavior [ RunTime:0.001000s ]
INFO: [ app_begin ] --END-- [ RunTime:0.001000s ]
SQL: SHOW COLUMNS FROM `hm_auth_group_access` [ RunTime:0.0220s ]
SQL: SELECT `uid`,`group_id`,`title`,`rules` FROM hm_auth_group_access a INNER JOIN hm_auth_group g on a.group_id=g.id  WHERE ( a.uid='19' and g.status='1' )  [ RunTime:0.1380s ]
SQL: SHOW COLUMNS FROM `hm_auth_rule` [ RunTime:0.5610s ]
SQL: SELECT `situation`,`name` FROM `hm_auth_rule` WHERE `id` IN ('6','8','9','10','12','13','14','15','17','18','19','20','21','22','23','24','25','26','27','28','29','30','31','33','34','35','36','37','38','39','40','41') AND `status` = 1  [ RunTime:0.1520s ]
SQL: SHOW COLUMNS FROM `hm_auth_group_access` [ RunTime:0.0940s ]
SQL: SELECT * FROM `hm_auth_group_access` INNER JOIN hm_auth_group ON hm_auth_group_access.group_id = hm_auth_group.id  WHERE ( uid=21 ) LIMIT 1   [ RunTime:0.3750s ]

[ 2017-04-07T09:04:06+08:00 ] ::1 /Project/project/index.php/HMadmin/Admin/showGroupName/id/20
INFO: [ app_init ] --START--
INFO: Run Behavior\BuildLiteBehavior [ RunTime:0.000000s ]
INFO: [ app_init ] --END-- [ RunTime:0.001001s ]
INFO: [ app_begin ] --START--
INFO: Run Behavior\ReadHtmlCacheBehavior [ RunTime:0.001000s ]
INFO: [ app_begin ] --END-- [ RunTime:0.001000s ]
SQL: SHOW COLUMNS FROM `hm_auth_group_access` [ RunTime:0.0750s ]
SQL: SELECT `uid`,`group_id`,`title`,`rules` FROM hm_auth_group_access a INNER JOIN hm_auth_group g on a.group_id=g.id  WHERE ( a.uid='19' and g.status='1' )  [ RunTime:0.1380s ]
SQL: SHOW COLUMNS FROM `hm_auth_rule` [ RunTime:1.2751s ]
SQL: SELECT `situation`,`name` FROM `hm_auth_rule` WHERE `id` IN ('6','8','9','10','12','13','14','15','17','18','19','20','21','22','23','24','25','26','27','28','29','30','31','33','34','35','36','37','38','39','40','41') AND `status` = 1  [ RunTime:0.1020s ]
SQL: SHOW COLUMNS FROM `hm_auth_group_access` [ RunTime:0.1170s ]
SQL: SELECT * FROM `hm_auth_group_access` INNER JOIN hm_auth_group ON hm_auth_group_access.group_id = hm_auth_group.id  WHERE ( uid=20 ) LIMIT 1   [ RunTime:0.1330s ]

[ 2017-04-07T09:04:08+08:00 ] ::1 /Project/project/index.php/HMadmin/Admin/showGroupName/id/22
INFO: [ app_init ] --START--
INFO: Run Behavior\BuildLiteBehavior [ RunTime:0.000000s ]
INFO: [ app_init ] --END-- [ RunTime:0.001000s ]
INFO: [ app_begin ] --START--
INFO: Run Behavior\ReadHtmlCacheBehavior [ RunTime:0.001000s ]
INFO: [ app_begin ] --END-- [ RunTime:0.001000s ]
SQL: SHOW COLUMNS FROM `hm_auth_group_access` [ RunTime:0.1020s ]
SQL: SELECT `uid`,`group_id`,`title`,`rules` FROM hm_auth_group_access a INNER JOIN hm_auth_group g on a.group_id=g.id  WHERE ( a.uid='19' and g.status='1' )  [ RunTime:0.1380s ]
SQL: SHOW COLUMNS FROM `hm_auth_rule` [ RunTime:0.0610s ]
SQL: SELECT `situation`,`name` FROM `hm_auth_rule` WHERE `id` IN ('6','8','9','10','12','13','14','15','17','18','19','20','21','22','23','24','25','26','27','28','29','30','31','33','34','35','36','37','38','39','40','41') AND `status` = 1  [ RunTime:0.1140s ]
SQL: SHOW COLUMNS FROM `hm_auth_group_access` [ RunTime:0.1500s ]
SQL: SELECT * FROM `hm_auth_group_access` INNER JOIN hm_auth_group ON hm_auth_group_access.group_id = hm_auth_group.id  WHERE ( uid=22 ) LIMIT 1   [ RunTime:0.1450s ]

[ 2017-04-07T09:04:11+08:00 ] ::1 /Project/project/index.php/HMadmin/AuthGroup/index
INFO: [ app_init ] --START--
INFO: Run Behavior\BuildLiteBehavior [ RunTime:0.000000s ]
INFO: [ app_init ] --END-- [ RunTime:0.001000s ]
INFO: [ app_begin ] --START--
INFO: Run Behavior\ReadHtmlCacheBehavior [ RunTime:0.000000s ]
INFO: [ app_begin ] --END-- [ RunTime:0.000000s ]
SQL: SHOW COLUMNS FROM `hm_auth_group_access` [ RunTime:0.0100s ]
SQL: SELECT `uid`,`group_id`,`title`,`rules` FROM hm_auth_group_access a INNER JOIN hm_auth_group g on a.group_id=g.id  WHERE ( a.uid='19' and g.status='1' )  [ RunTime:0.0080s ]
SQL: SHOW COLUMNS FROM `hm_auth_rule` [ RunTime:0.0100s ]
SQL: SELECT `situation`,`name` FROM `hm_auth_rule` WHERE `id` IN ('6','8','9','10','12','13','14','15','17','18','19','20','21','22','23','24','25','26','27','28','29','30','31','33','34','35','36','37','38','39','40','41') AND `status` = 1  [ RunTime:0.0090s ]
SQL: SHOW COLUMNS FROM `hm_auth_group` [ RunTime:0.0090s ]
SQL: SELECT * FROM `hm_auth_group`  [ RunTime:0.0080s ]
INFO: [ view_parse ] --START--
INFO: [ template_filter ] --START--
INFO: Run Behavior\ContentReplaceBehavior [ RunTime:0.000000s ]
INFO: [ template_filter ] --END-- [ RunTime:0.000000s ]
NOTIC: [8] Use of undefined constant status - assumed 'status' D:\wamp64\www\Project\project\Application\Runtime\Cache\HMadmin\533e1cd2bb7d5dc9f65b05801c521cd3.php 第 264 行.
NOTIC: [8] Use of undefined constant id - assumed 'id' D:\wamp64\www\Project\project\Application\Runtime\Cache\HMadmin\533e1cd2bb7d5dc9f65b05801c521cd3.php 第 273 行.
NOTIC: [8] Use of undefined constant status - assumed 'status' D:\wamp64\www\Project\project\Application\Runtime\Cache\HMadmin\533e1cd2bb7d5dc9f65b05801c521cd3.php 第 264 行.
NOTIC: [8] Use of undefined constant id - assumed 'id' D:\wamp64\www\Project\project\Application\Runtime\Cache\HMadmin\533e1cd2bb7d5dc9f65b05801c521cd3.php 第 273 行.
NOTIC: [8] Use of undefined constant status - assumed 'status' D:\wamp64\www\Project\project\Application\Runtime\Cache\HMadmin\533e1cd2bb7d5dc9f65b05801c521cd3.php 第 264 行.
NOTIC: [8] Use of undefined constant id - assumed 'id' D:\wamp64\www\Project\project\Application\Runtime\Cache\HMadmin\533e1cd2bb7d5dc9f65b05801c521cd3.php 第 273 行.
INFO: Run Behavior\ParseTemplateBehavior [ RunTime:0.029002s ]
INFO: [ view_parse ] --END-- [ RunTime:0.029002s ]
INFO: [ view_filter ] --START--
INFO: Run Behavior\WriteHtmlCacheBehavior [ RunTime:0.001000s ]
INFO: [ view_filter ] --END-- [ RunTime:0.001000s ]
INFO: [ app_end ] --START--
INFO: Run Behavior\ShowPageTraceBehavior [ RunTime:0.003000s ]
INFO: [ app_end ] --END-- [ RunTime:0.003000s ]

[ 2017-04-07T09:04:18+08:00 ] ::1 /Project/project/index.php/HMadmin/AuthRule/index
INFO: [ app_init ] --START--
INFO: Run Behavior\BuildLiteBehavior [ RunTime:0.000000s ]
INFO: [ app_init ] --END-- [ RunTime:0.001000s ]
INFO: [ app_begin ] --START--
INFO: Run Behavior\ReadHtmlCacheBehavior [ RunTime:0.001000s ]
INFO: [ app_begin ] --END-- [ RunTime:0.001000s ]
SQL: SHOW COLUMNS FROM `hm_auth_group_access` [ RunTime:0.1700s ]
SQL: SELECT `uid`,`group_id`,`title`,`rules` FROM hm_auth_group_access a INNER JOIN hm_auth_group g on a.group_id=g.id  WHERE ( a.uid='19' and g.status='1' )  [ RunTime:0.0790s ]
SQL: SHOW COLUMNS FROM `hm_auth_rule` [ RunTime:0.1700s ]
SQL: SELECT `situation`,`name` FROM `hm_auth_rule` WHERE `id` IN ('6','8','9','10','12','13','14','15','17','18','19','20','21','22','23','24','25','26','27','28','29','30','31','33','34','35','36','37','38','39','40','41') AND `status` = 1  [ RunTime:0.1640s ]
SQL: SHOW COLUMNS FROM `hm_auth_rule` [ RunTime:0.1060s ]
SQL: SELECT * FROM `hm_auth_rule`  [ RunTime:0.1620s ]
INFO: [ view_parse ] --START--
INFO: [ template_filter ] --START--
INFO: Run Behavior\ContentReplaceBehavior [ RunTime:0.000000s ]
INFO: [ template_filter ] --END-- [ RunTime:0.000000s ]
NOTIC: [8] Use of undefined constant status - assumed 'status' D:\wamp64\www\Project\project\Application\Runtime\Cache\HMadmin\25c501eb6e992273f9e1cc1ff3e216dc.php 第 237 行.
NOTIC: [8] Use of undefined constant status - assumed 'status' D:\wamp64\www\Project\project\Application\Runtime\Cache\HMadmin\25c501eb6e992273f9e1cc1ff3e216dc.php 第 237 行.
NOTIC: [8] Use of undefined constant status - assumed 'status' D:\wamp64\www\Project\project\Application\Runtime\Cache\HMadmin\25c501eb6e992273f9e1cc1ff3e216dc.php 第 237 行.
NOTIC: [8] Use of undefined constant status - assumed 'status' D:\wamp64\www\Project\project\Application\Runtime\Cache\HMadmin\25c501eb6e992273f9e1cc1ff3e216dc.php 第 237 行.
NOTIC: [8] Use of undefined constant status - assumed 'status' D:\wamp64\www\Project\project\Application\Runtime\Cache\HMadmin\25c501eb6e992273f9e1cc1ff3e216dc.php 第 237 行.
NOTIC: [8] Use of undefined constant status - assumed 'status' D:\wamp64\www\Project\project\Application\Runtime\Cache\HMadmin\25c501eb6e992273f9e1cc1ff3e216dc.php 第 237 行.
NOTIC: [8] Use of undefined constant status - assumed 'status' D:\wamp64\www\Project\project\Application\Runtime\Cache\HMadmin\25c501eb6e992273f9e1cc1ff3e216dc.php 第 237 行.
NOTIC: [8] Use of undefined constant status - assumed 'status' D:\wamp64\www\Project\project\Application\Runtime\Cache\HMadmin\25c501eb6e992273f9e1cc1ff3e216dc.php 第 237 行.
NOTIC: [8] Use of undefined constant status - assumed 'status' D:\wamp64\www\Project\project\Application\Runtime\Cache\HMadmin\25c501eb6e992273f9e1cc1ff3e216dc.php 第 237 行.
NOTIC: [8] Use of undefined constant status - assumed 'status' D:\wamp64\www\Project\project\Application\Runtime\Cache\HMadmin\25c501eb6e992273f9e1cc1ff3e216dc.php 第 237 行.
NOTIC: [8] Use of undefined constant status - assumed 'status' D:\wamp64\www\Project\project\Application\Runtime\Cache\HMadmin\25c501eb6e992273f9e1cc1ff3e216dc.php 第 237 行.
NOTIC: [8] Use of undefined constant status - assumed 'status' D:\wamp64\www\Project\project\Application\Runtime\Cache\HMadmin\25c501eb6e992273f9e1cc1ff3e216dc.php 第 237 行.
NOTIC: [8] Use of undefined constant status - assumed 'status' D:\wamp64\www\Project\project\Application\Runtime\Cache\HMadmin\25c501eb6e992273f9e1cc1ff3e216dc.php 第 237 行.
NOTIC: [8] Use of undefined constant status - assumed 'status' D:\wamp64\www\Project\project\Application\Runtime\Cache\HMadmin\25c501eb6e992273f9e1cc1ff3e216dc.php 第 237 行.
NOTIC: [8] Use of undefined constant status - assumed 'status' D:\wamp64\www\Project\project\Application\Runtime\Cache\HMadmin\25c501eb6e992273f9e1cc1ff3e216dc.php 第 237 行.
NOTIC: [8] Use of undefined constant status - assumed 'status' D:\wamp64\www\Project\project\Application\Runtime\Cache\HMadmin\25c501eb6e992273f9e1cc1ff3e216dc.php 第 237 行.
NOTIC: [8] Use of undefined constant status - assumed 'status' D:\wamp64\www\Project\project\Application\Runtime\Cache\HMadmin\25c501eb6e992273f9e1cc1ff3e216dc.php 第 237 行.
NOTIC: [8] Use of undefined constant status - assumed 'status' D:\wamp64\www\Project\project\Application\Runtime\Cache\HMadmin\25c501eb6e992273f9e1cc1ff3e216dc.php 第 237 行.
NOTIC: [8] Use of undefined constant status - assumed 'status' D:\wamp64\www\Project\project\Application\Runtime\Cache\HMadmin\25c501eb6e992273f9e1cc1ff3e216dc.php 第 237 行.
NOTIC: [8] Use of undefined constant status - assumed 'status' D:\wamp64\www\Project\project\Application\Runtime\Cache\HMadmin\25c501eb6e992273f9e1cc1ff3e216dc.php 第 237 行.
NOTIC: [8] Use of undefined constant status - assumed 'status' D:\wamp64\www\Project\project\Application\Runtime\Cache\HMadmin\25c501eb6e992273f9e1cc1ff3e216dc.php 第 237 行.
NOTIC: [8] Use of undefined constant status - assumed 'status' D:\wamp64\www\Project\project\Application\Runtime\Cache\HMadmin\25c501eb6e992273f9e1cc1ff3e216dc.php 第 237 行.
NOTIC: [8] Use of undefined constant status - assumed 'status' D:\wamp64\www\Project\project\Application\Runtime\Cache\HMadmin\25c501eb6e992273f9e1cc1ff3e216dc.php 第 237 行.
NOTIC: [8] Use of undefined constant status - assumed 'status' D:\wamp64\www\Project\project\Application\Runtime\Cache\HMadmin\25c501eb6e992273f9e1cc1ff3e216dc.php 第 237 行.
NOTIC: [8] Use of undefined constant status - assumed 'status' D:\wamp64\www\Project\project\Application\Runtime\Cache\HMadmin\25c501eb6e992273f9e1cc1ff3e216dc.php 第 237 行.
NOTIC: [8] Use of undefined constant status - assumed 'status' D:\wamp64\www\Project\project\Application\Runtime\Cache\HMadmin\25c501eb6e992273f9e1cc1ff3e216dc.php 第 237 行.
NOTIC: [8] Use of undefined constant status - assumed 'status' D:\wamp64\www\Project\project\Application\Runtime\Cache\HMadmin\25c501eb6e992273f9e1cc1ff3e216dc.php 第 237 行.
NOTIC: [8] Use of undefined constant status - assumed 'status' D:\wamp64\www\Project\project\Application\Runtime\Cache\HMadmin\25c501eb6e992273f9e1cc1ff3e216dc.php 第 237 行.
NOTIC: [8] Use of undefined constant status - assumed 'status' D:\wamp64\www\Project\project\Application\Runtime\Cache\HMadmin\25c501eb6e992273f9e1cc1ff3e216dc.php 第 237 行.
NOTIC: [8] Use of undefined constant status - assumed 'status' D:\wamp64\www\Project\project\Application\Runtime\Cache\HMadmin\25c501eb6e992273f9e1cc1ff3e216dc.php 第 237 行.
NOTIC: [8] Use of undefined constant status - assumed 'status' D:\wamp64\www\Project\project\Application\Runtime\Cache\HMadmin\25c501eb6e992273f9e1cc1ff3e216dc.php 第 237 行.
NOTIC: [8] Use of undefined constant status - assumed 'status' D:\wamp64\www\Project\project\Application\Runtime\Cache\HMadmin\25c501eb6e992273f9e1cc1ff3e216dc.php 第 237 行.
INFO: Run Behavior\ParseTemplateBehavior [ RunTime:0.028002s ]
INFO: [ view_parse ] --END-- [ RunTime:0.029002s ]
INFO: [ view_filter ] --START--
INFO: Run Behavior\WriteHtmlCacheBehavior [ RunTime:0.002000s ]
INFO: [ view_filter ] --END-- [ RunTime:0.002000s ]
INFO: [ app_end ] --START--
INFO: Run Behavior\ShowPageTraceBehavior [ RunTime:0.002000s ]
INFO: [ app_end ] --END-- [ RunTime:0.003000s ]

[ 2017-04-07T09:04:57+08:00 ] ::1 /Project/project/index.php/HMadmin/XunSearch/index
INFO: [ app_init ] --START--
INFO: Run Behavior\BuildLiteBehavior [ RunTime:0.000000s ]
INFO: [ app_init ] --END-- [ RunTime:0.000000s ]
INFO: [ app_begin ] --START--
INFO: Run Behavior\ReadHtmlCacheBehavior [ RunTime:0.001000s ]
INFO: [ app_begin ] --END-- [ RunTime:0.001000s ]
SQL: SHOW COLUMNS FROM `hm_auth_group_access` [ RunTime:0.0080s ]
SQL: SELECT `uid`,`group_id`,`title`,`rules` FROM hm_auth_group_access a INNER JOIN hm_auth_group g on a.group_id=g.id  WHERE ( a.uid='19' and g.status='1' )  [ RunTime:0.0080s ]
SQL: SHOW COLUMNS FROM `hm_auth_rule` [ RunTime:0.0090s ]
SQL: SELECT `situation`,`name` FROM `hm_auth_rule` WHERE `id` IN ('6','8','9','10','12','13','14','15','17','18','19','20','21','22','23','24','25','26','27','28','29','30','31','33','34','35','36','37','38','39','40','41') AND `status` = 1  [ RunTime:0.0080s ]
INFO: [ view_parse ] --START--
INFO: [ template_filter ] --START--
INFO: Run Behavior\ContentReplaceBehavior [ RunTime:0.001000s ]
INFO: [ template_filter ] --END-- [ RunTime:0.001000s ]
NOTIC: [8] Undefined variable: typeList D:\wamp64\www\Project\project\Application\Runtime\Cache\HMadmin\e2efbe25fe725a9caec9d81694c0d88e.php 第 232 行.
INFO: Run Behavior\ParseTemplateBehavior [ RunTime:0.014001s ]
INFO: [ view_parse ] --END-- [ RunTime:0.014001s ]
INFO: [ view_filter ] --START--
INFO: Run Behavior\WriteHtmlCacheBehavior [ RunTime:0.001000s ]
INFO: [ view_filter ] --END-- [ RunTime:0.001000s ]
INFO: [ app_end ] --START--
INFO: Run Behavior\ShowPageTraceBehavior [ RunTime:0.001000s ]
INFO: [ app_end ] --END-- [ RunTime:0.002000s ]

[ 2017-04-07T09:05:14+08:00 ] ::1 /Project/project/index.php/HMadmin/Goods/index
INFO: [ app_init ] --START--
INFO: Run Behavior\BuildLiteBehavior [ RunTime:0.000000s ]
INFO: [ app_init ] --END-- [ RunTime:0.001000s ]
INFO: [ app_begin ] --START--
INFO: Run Behavior\ReadHtmlCacheBehavior [ RunTime:0.000000s ]
INFO: [ app_begin ] --END-- [ RunTime:0.001000s ]
SQL: SHOW COLUMNS FROM `hm_auth_group_access` [ RunTime:0.0530s ]
SQL: SELECT `uid`,`group_id`,`title`,`rules` FROM hm_auth_group_access a INNER JOIN hm_auth_group g on a.group_id=g.id  WHERE ( a.uid='19' and g.status='1' )  [ RunTime:0.0090s ]
SQL: SHOW COLUMNS FROM `hm_auth_rule` [ RunTime:0.0100s ]
SQL: SELECT `situation`,`name` FROM `hm_auth_rule` WHERE `id` IN ('6','8','9','10','12','13','14','15','17','18','19','20','21','22','23','24','25','26','27','28','29','30','31','33','34','35','36','37','38','39','40','41') AND `status` = 1  [ RunTime:0.0100s ]
SQL: SHOW COLUMNS FROM `hm_goods` [ RunTime:0.0110s ]
SQL: SELECT `id`,`name`,`price`,`tid`,`des`,`status`,`viewtimes`,`saled`,`addtime` FROM `hm_goods`  [ RunTime:0.0090s ]
SQL: SHOW COLUMNS FROM `hm_goods_detail` [ RunTime:0.0090s ]
SQL: SELECT `detail` FROM `hm_goods_detail` WHERE ( gid=84 )  [ RunTime:0.0090s ]
SQL: SELECT `detail` FROM `hm_goods_detail` WHERE ( gid=101 )  [ RunTime:0.0090s ]
SQL: SELECT `detail` FROM `hm_goods_detail` WHERE ( gid=102 )  [ RunTime:0.0110s ]
SQL: SELECT `detail` FROM `hm_goods_detail` WHERE ( gid=103 )  [ RunTime:0.0090s ]
SQL: SHOW COLUMNS FROM `hm_type` [ RunTime:0.0090s ]
SQL: SELECT `id`,`name` FROM `hm_type`  [ RunTime:0.0090s ]
INFO: [ view_parse ] --START--
INFO: [ template_filter ] --START--
INFO: Run Behavior\ContentReplaceBehavior [ RunTime:0.000000s ]
INFO: [ template_filter ] --END-- [ RunTime:0.001000s ]
INFO: Run Behavior\ParseTemplateBehavior [ RunTime:0.026002s ]
INFO: [ view_parse ] --END-- [ RunTime:0.026002s ]
INFO: [ view_filter ] --START--
INFO: Run Behavior\WriteHtmlCacheBehavior [ RunTime:0.002000s ]
INFO: [ view_filter ] --END-- [ RunTime:0.002000s ]
INFO: [ app_end ] --START--
INFO: Run Behavior\ShowPageTraceBehavior [ RunTime:0.003000s ]
INFO: [ app_end ] --END-- [ RunTime:0.003000s ]

[ 2017-04-07T09:05:24+08:00 ] ::1 /Project/project/index.php/HMadmin/Goods/addGood
INFO: [ app_init ] --START--
INFO: Run Behavior\BuildLiteBehavior [ RunTime:0.000000s ]
INFO: [ app_init ] --END-- [ RunTime:0.000000s ]
INFO: [ app_begin ] --START--
INFO: Run Behavior\ReadHtmlCacheBehavior [ RunTime:0.001000s ]
INFO: [ app_begin ] --END-- [ RunTime:0.001000s ]
SQL: SHOW COLUMNS FROM `hm_auth_group_access` [ RunTime:0.0090s ]
SQL: SELECT `uid`,`group_id`,`title`,`rules` FROM hm_auth_group_access a INNER JOIN hm_auth_group g on a.group_id=g.id  WHERE ( a.uid='19' and g.status='1' )  [ RunTime:0.0090s ]
SQL: SHOW COLUMNS FROM `hm_auth_rule` [ RunTime:0.0090s ]
SQL: SELECT `situation`,`name` FROM `hm_auth_rule` WHERE `id` IN ('6','8','9','10','12','13','14','15','17','18','19','20','21','22','23','24','25','26','27','28','29','30','31','33','34','35','36','37','38','39','40','41') AND `status` = 1  [ RunTime:0.0090s ]
SQL: SHOW COLUMNS FROM `hm_goods` [ RunTime:0.0110s ]
SQL: SHOW COLUMNS FROM `hm_type` [ RunTime:0.0080s ]
SQL: SELECT * FROM `hm_type` WHERE ( pid=0 )  [ RunTime:0.0080s ]
SQL: SHOW COLUMNS FROM `hm_attr` [ RunTime:0.0090s ]
SQL: SELECT * FROM `hm_attr`  [ RunTime:0.0080s ]
INFO: [ view_parse ] --START--
INFO: [ template_filter ] --START--
INFO: Run Behavior\ContentReplaceBehavior [ RunTime:0.001000s ]
INFO: [ template_filter ] --END-- [ RunTime:0.001000s ]
INFO: Run Behavior\ParseTemplateBehavior [ RunTime:0.030002s ]
INFO: [ view_parse ] --END-- [ RunTime:0.030002s ]
INFO: [ view_filter ] --START--
INFO: Run Behavior\WriteHtmlCacheBehavior [ RunTime:0.002000s ]
INFO: [ view_filter ] --END-- [ RunTime:0.002000s ]
INFO: [ app_end ] --START--
INFO: Run Behavior\ShowPageTraceBehavior [ RunTime:0.003000s ]
INFO: [ app_end ] --END-- [ RunTime:0.003000s ]

[ 2017-04-07T09:07:13+08:00 ] ::1 /Project/project/index.php/HMadmin/Goods/upload/
INFO: [ app_init ] --START--
INFO: Run Behavior\BuildLiteBehavior [ RunTime:0.000000s ]
INFO: [ app_init ] --END-- [ RunTime:0.001000s ]
INFO: [ app_begin ] --START--
INFO: Run Behavior\ReadHtmlCacheBehavior [ RunTime:0.000000s ]
INFO: [ app_begin ] --END-- [ RunTime:0.001000s ]
SQL: SHOW COLUMNS FROM `hm_auth_group_access` [ RunTime:0.1400s ]
SQL: SELECT `uid`,`group_id`,`title`,`rules` FROM hm_auth_group_access a INNER JOIN hm_auth_group g on a.group_id=g.id  WHERE ( a.uid='19' and g.status='1' )  [ RunTime:0.0620s ]
SQL: SHOW COLUMNS FROM `hm_auth_rule` [ RunTime:0.0850s ]
SQL: SELECT `situation`,`name` FROM `hm_auth_rule` WHERE `id` IN ('6','8','9','10','12','13','14','15','17','18','19','20','21','22','23','24','25','26','27','28','29','30','31','33','34','35','36','37','38','39','40','41') AND `status` = 1  [ RunTime:0.0380s ]
NOTIC: [2] call_user_func() expects parameter 1 to be a valid callback, no array or string given D:\wamp64\www\Project\project\ThinkPHP\Library\Think\Upload.class.php 第 170 行.
INFO: [ app_end ] --START--
INFO: Run Behavior\ShowPageTraceBehavior [ RunTime:0.007000s ]
INFO: [ app_end ] --END-- [ RunTime:0.007000s ]

[ 2017-04-07T09:07:15+08:00 ] ::1 /Project/project/index.php/HMadmin/Goods/upload/
INFO: [ app_init ] --START--
INFO: Run Behavior\BuildLiteBehavior [ RunTime:0.000000s ]
INFO: [ app_init ] --END-- [ RunTime:0.001000s ]
INFO: [ app_begin ] --START--
INFO: Run Behavior\ReadHtmlCacheBehavior [ RunTime:0.001000s ]
INFO: [ app_begin ] --END-- [ RunTime:0.001000s ]
SQL: SHOW COLUMNS FROM `hm_auth_group_access` [ RunTime:0.0100s ]
SQL: SELECT `uid`,`group_id`,`title`,`rules` FROM hm_auth_group_access a INNER JOIN hm_auth_group g on a.group_id=g.id  WHERE ( a.uid='19' and g.status='1' )  [ RunTime:0.5840s ]
SQL: SHOW COLUMNS FROM `hm_auth_rule` [ RunTime:0.9411s ]
SQL: SELECT `situation`,`name` FROM `hm_auth_rule` WHERE `id` IN ('6','8','9','10','12','13','14','15','17','18','19','20','21','22','23','24','25','26','27','28','29','30','31','33','34','35','36','37','38','39','40','41') AND `status` = 1  [ RunTime:0.0110s ]
NOTIC: [2] call_user_func() expects parameter 1 to be a valid callback, no array or string given D:\wamp64\www\Project\project\ThinkPHP\Library\Think\Upload.class.php 第 170 行.
INFO: [ app_end ] --START--
INFO: Run Behavior\ShowPageTraceBehavior [ RunTime:0.003000s ]
INFO: [ app_end ] --END-- [ RunTime:0.003000s ]

[ 2017-04-07T09:07:15+08:00 ] ::1 /Project/project/index.php/HMadmin/Goods/upload/
INFO: [ app_init ] --START--
INFO: Run Behavior\BuildLiteBehavior [ RunTime:0.000000s ]
INFO: [ app_init ] --END-- [ RunTime:0.000000s ]
INFO: [ app_begin ] --START--
INFO: Run Behavior\ReadHtmlCacheBehavior [ RunTime:0.001000s ]
INFO: [ app_begin ] --END-- [ RunTime:0.001000s ]
SQL: SHOW COLUMNS FROM `hm_auth_group_access` [ RunTime:0.0090s ]
SQL: SELECT `uid`,`group_id`,`title`,`rules` FROM hm_auth_group_access a INNER JOIN hm_auth_group g on a.group_id=g.id  WHERE ( a.uid='19' and g.status='1' )  [ RunTime:0.0090s ]
SQL: SHOW COLUMNS FROM `hm_auth_rule` [ RunTime:0.0090s ]
SQL: SELECT `situation`,`name` FROM `hm_auth_rule` WHERE `id` IN ('6','8','9','10','12','13','14','15','17','18','19','20','21','22','23','24','25','26','27','28','29','30','31','33','34','35','36','37','38','39','40','41') AND `status` = 1  [ RunTime:0.0090s ]
NOTIC: [2] call_user_func() expects parameter 1 to be a valid callback, no array or string given D:\wamp64\www\Project\project\ThinkPHP\Library\Think\Upload.class.php 第 170 行.
INFO: [ app_end ] --START--
INFO: Run Behavior\ShowPageTraceBehavior [ RunTime:0.002000s ]
INFO: [ app_end ] --END-- [ RunTime:0.002000s ]

[ 2017-04-07T09:07:15+08:00 ] ::1 /Project/project/index.php/HMadmin/Goods/upload/
INFO: [ app_init ] --START--
INFO: Run Behavior\BuildLiteBehavior [ RunTime:0.000000s ]
INFO: [ app_init ] --END-- [ RunTime:0.001000s ]
INFO: [ app_begin ] --START--
INFO: Run Behavior\ReadHtmlCacheBehavior [ RunTime:0.001000s ]
INFO: [ app_begin ] --END-- [ RunTime:0.002000s ]
SQL: SHOW COLUMNS FROM `hm_auth_group_access` [ RunTime:0.0300s ]
SQL: SELECT `uid`,`group_id`,`title`,`rules` FROM hm_auth_group_access a INNER JOIN hm_auth_group g on a.group_id=g.id  WHERE ( a.uid='19' and g.status='1' )  [ RunTime:0.0080s ]
SQL: SHOW COLUMNS FROM `hm_auth_rule` [ RunTime:0.0080s ]
SQL: SELECT `situation`,`name` FROM `hm_auth_rule` WHERE `id` IN ('6','8','9','10','12','13','14','15','17','18','19','20','21','22','23','24','25','26','27','28','29','30','31','33','34','35','36','37','38','39','40','41') AND `status` = 1  [ RunTime:0.0080s ]
NOTIC: [2] call_user_func() expects parameter 1 to be a valid callback, no array or string given D:\wamp64\www\Project\project\ThinkPHP\Library\Think\Upload.class.php 第 170 行.
INFO: [ app_end ] --START--
INFO: Run Behavior\ShowPageTraceBehavior [ RunTime:0.001000s ]
INFO: [ app_end ] --END-- [ RunTime:0.001000s ]

[ 2017-04-07T09:07:19+08:00 ] ::1 /Project/project/index.php/HMadmin/Goods/deletePic
INFO: [ app_init ] --START--
INFO: Run Behavior\BuildLiteBehavior [ RunTime:0.000000s ]
INFO: [ app_init ] --END-- [ RunTime:0.001000s ]
INFO: [ app_begin ] --START--
INFO: Run Behavior\ReadHtmlCacheBehavior [ RunTime:0.001000s ]
INFO: [ app_begin ] --END-- [ RunTime:0.001000s ]
SQL: SHOW COLUMNS FROM `hm_auth_group_access` [ RunTime:0.0090s ]
SQL: SELECT `uid`,`group_id`,`title`,`rules` FROM hm_auth_group_access a INNER JOIN hm_auth_group g on a.group_id=g.id  WHERE ( a.uid='19' and g.status='1' )  [ RunTime:0.0080s ]
SQL: SHOW COLUMNS FROM `hm_auth_rule` [ RunTime:0.0090s ]
SQL: SELECT `situation`,`name` FROM `hm_auth_rule` WHERE `id` IN ('6','8','9','10','12','13','14','15','17','18','19','20','21','22','23','24','25','26','27','28','29','30','31','33','34','35','36','37','38','39','40','41') AND `status` = 1  [ RunTime:0.0090s ]
INFO: [ app_end ] --START--
INFO: Run Behavior\ShowPageTraceBehavior [ RunTime:0.002000s ]
INFO: [ app_end ] --END-- [ RunTime:0.002000s ]

[ 2017-04-07T09:07:20+08:00 ] ::1 /Project/project/index.php/HMadmin/Goods/deletePic
INFO: [ app_init ] --START--
INFO: Run Behavior\BuildLiteBehavior [ RunTime:0.000000s ]
INFO: [ app_init ] --END-- [ RunTime:0.000000s ]
INFO: [ app_begin ] --START--
INFO: Run Behavior\ReadHtmlCacheBehavior [ RunTime:0.001000s ]
INFO: [ app_begin ] --END-- [ RunTime:0.001000s ]
SQL: SHOW COLUMNS FROM `hm_auth_group_access` [ RunTime:0.0090s ]
SQL: SELECT `uid`,`group_id`,`title`,`rules` FROM hm_auth_group_access a INNER JOIN hm_auth_group g on a.group_id=g.id  WHERE ( a.uid='19' and g.status='1' )  [ RunTime:0.0100s ]
SQL: SHOW COLUMNS FROM `hm_auth_rule` [ RunTime:0.0100s ]
SQL: SELECT `situation`,`name` FROM `hm_auth_rule` WHERE `id` IN ('6','8','9','10','12','13','14','15','17','18','19','20','21','22','23','24','25','26','27','28','29','30','31','33','34','35','36','37','38','39','40','41') AND `status` = 1  [ RunTime:0.0100s ]
INFO: [ app_end ] --START--
INFO: Run Behavior\ShowPageTraceBehavior [ RunTime:0.003000s ]
INFO: [ app_end ] --END-- [ RunTime:0.003000s ]

[ 2017-04-07T09:07:21+08:00 ] ::1 /Project/project/index.php/HMadmin/Goods/deletePic
INFO: [ app_init ] --START--
INFO: Run Behavior\BuildLiteBehavior [ RunTime:0.000000s ]
INFO: [ app_init ] --END-- [ RunTime:0.000000s ]
INFO: [ app_begin ] --START--
INFO: Run Behavior\ReadHtmlCacheBehavior [ RunTime:0.001000s ]
INFO: [ app_begin ] --END-- [ RunTime:0.001000s ]
SQL: SHOW COLUMNS FROM `hm_auth_group_access` [ RunTime:0.0400s ]
SQL: SELECT `uid`,`group_id`,`title`,`rules` FROM hm_auth_group_access a INNER JOIN hm_auth_group g on a.group_id=g.id  WHERE ( a.uid='19' and g.status='1' )  [ RunTime:0.0390s ]
SQL: SHOW COLUMNS FROM `hm_auth_rule` [ RunTime:0.0410s ]
SQL: SELECT `situation`,`name` FROM `hm_auth_rule` WHERE `id` IN ('6','8','9','10','12','13','14','15','17','18','19','20','21','22','23','24','25','26','27','28','29','30','31','33','34','35','36','37','38','39','40','41') AND `status` = 1  [ RunTime:0.0430s ]
INFO: [ app_end ] --START--
INFO: Run Behavior\ShowPageTraceBehavior [ RunTime:0.003000s ]
INFO: [ app_end ] --END-- [ RunTime:0.003000s ]

[ 2017-04-07T09:07:23+08:00 ] ::1 /Project/project/index.php/HMadmin/Goods/deletePic
INFO: [ app_init ] --START--
INFO: Run Behavior\BuildLiteBehavior [ RunTime:0.000000s ]
INFO: [ app_init ] --END-- [ RunTime:0.001000s ]
INFO: [ app_begin ] --START--
INFO: Run Behavior\ReadHtmlCacheBehavior [ RunTime:0.001000s ]
INFO: [ app_begin ] --END-- [ RunTime:0.001000s ]
SQL: SHOW COLUMNS FROM `hm_auth_group_access` [ RunTime:0.0410s ]
SQL: SELECT `uid`,`group_id`,`title`,`rules` FROM hm_auth_group_access a INNER JOIN hm_auth_group g on a.group_id=g.id  WHERE ( a.uid='19' and g.status='1' )  [ RunTime:0.0430s ]
SQL: SHOW COLUMNS FROM `hm_auth_rule` [ RunTime:0.0440s ]
SQL: SELECT `situation`,`name` FROM `hm_auth_rule` WHERE `id` IN ('6','8','9','10','12','13','14','15','17','18','19','20','21','22','23','24','25','26','27','28','29','30','31','33','34','35','36','37','38','39','40','41') AND `status` = 1  [ RunTime:0.0470s ]
INFO: [ app_end ] --START--
INFO: Run Behavior\ShowPageTraceBehavior [ RunTime:0.003000s ]
INFO: [ app_end ] --END-- [ RunTime:0.003000s ]

[ 2017-04-07T09:07:34+08:00 ] ::1 /Project/project/index.php/HMadmin/User/index
INFO: [ app_init ] --START--
INFO: Run Behavior\BuildLiteBehavior [ RunTime:0.001000s ]
INFO: [ app_init ] --END-- [ RunTime:0.001000s ]
INFO: [ app_begin ] --START--
INFO: Run Behavior\ReadHtmlCacheBehavior [ RunTime:0.001000s ]
INFO: [ app_begin ] --END-- [ RunTime:0.001000s ]
SQL: SHOW COLUMNS FROM `hm_auth_group_access` [ RunTime:0.0090s ]
SQL: SELECT `uid`,`group_id`,`title`,`rules` FROM hm_auth_group_access a INNER JOIN hm_auth_group g on a.group_id=g.id  WHERE ( a.uid='19' and g.status='1' )  [ RunTime:0.0090s ]
SQL: SHOW COLUMNS FROM `hm_auth_rule` [ RunTime:0.0130s ]
SQL: SELECT `situation`,`name` FROM `hm_auth_rule` WHERE `id` IN ('6','8','9','10','12','13','14','15','17','18','19','20','21','22','23','24','25','26','27','28','29','30','31','33','34','35','36','37','38','39','40','41') AND `status` = 1  [ RunTime:0.0080s ]
SQL: SHOW COLUMNS FROM `hm_user` [ RunTime:0.0090s ]
NOTIC: [8] Undefined variable: search D:\wamp64\www\Project\project\Application\HMadmin\Model\UserModel.class.php 第 55 行.
SQL: SELECT * FROM `hm_user`  [ RunTime:0.0090s ]
NOTIC: [8] Undefined variable: search D:\wamp64\www\Project\project\Application\HMadmin\Model\UserModel.class.php 第 64 行.
SQL: SELECT `id`,`email`,`status`,`addtime` FROM `hm_user` LIMIT 0,5   [ RunTime:0.0080s ]
INFO: [ view_parse ] --START--
INFO: [ template_filter ] --START--
INFO: Run Behavior\ContentReplaceBehavior [ RunTime:0.000000s ]
INFO: [ template_filter ] --END-- [ RunTime:0.000000s ]
INFO: Run Behavior\ParseTemplateBehavior [ RunTime:0.029002s ]
INFO: [ view_parse ] --END-- [ RunTime:0.029002s ]
INFO: [ view_filter ] --START--
INFO: Run Behavior\WriteHtmlCacheBehavior [ RunTime:0.001000s ]
INFO: [ view_filter ] --END-- [ RunTime:0.002000s ]
INFO: [ app_end ] --START--
INFO: Run Behavior\ShowPageTraceBehavior [ RunTime:0.004000s ]
INFO: [ app_end ] --END-- [ RunTime:0.005001s ]

[ 2017-04-07T15:02:46+08:00 ] ::1 /Project/project/index.php/HMadmin/Index/index
INFO: [ app_init ] --START--
INFO: Run Behavior\BuildLiteBehavior [ RunTime:0.000000s ]
INFO: [ app_init ] --END-- [ RunTime:0.001000s ]
INFO: [ app_begin ] --START--
INFO: Run Behavior\ReadHtmlCacheBehavior [ RunTime:0.001000s ]
INFO: [ app_begin ] --END-- [ RunTime:0.001000s ]
NOTIC: [8] Undefined index: adminInfo D:\wamp64\www\Project\project\Application\HMadmin\Controller\CommonController.class.php 第 16 行.
INFO: [ view_parse ] --START--
INFO: [ template_filter ] --START--
INFO: Run Behavior\ContentReplaceBehavior [ RunTime:0.000000s ]
INFO: [ template_filter ] --END-- [ RunTime:0.000000s ]
INFO: Run Behavior\ParseTemplateBehavior [ RunTime:0.132007s ]
INFO: [ view_parse ] --END-- [ RunTime:0.132007s ]
INFO: [ view_filter ] --START--
INFO: Run Behavior\WriteHtmlCacheBehavior [ RunTime:0.001000s ]
INFO: [ view_filter ] --END-- [ RunTime:0.001000s ]

[ 2017-04-07T15:02:48+08:00 ] ::1 /Project/project/index.php/HMadmin/Public/login.html
INFO: [ app_init ] --START--
INFO: Run Behavior\BuildLiteBehavior [ RunTime:0.000000s ]
INFO: [ app_init ] --END-- [ RunTime:0.001000s ]
INFO: [ app_begin ] --START--
INFO: Run Behavior\ReadHtmlCacheBehavior [ RunTime:0.001000s ]
INFO: [ app_begin ] --END-- [ RunTime:0.001000s ]
INFO: [ view_parse ] --START--
INFO: [ template_filter ] --START--
INFO: Run Behavior\ContentReplaceBehavior [ RunTime:0.000000s ]
INFO: [ template_filter ] --END-- [ RunTime:0.000000s ]
INFO: Run Behavior\ParseTemplateBehavior [ RunTime:0.032001s ]
INFO: [ view_parse ] --END-- [ RunTime:0.033001s ]
INFO: [ view_filter ] --START--
INFO: Run Behavior\WriteHtmlCacheBehavior [ RunTime:0.000000s ]
INFO: [ view_filter ] --END-- [ RunTime:0.000000s ]
INFO: [ app_end ] --START--
INFO: Run Behavior\ShowPageTraceBehavior [ RunTime:0.001001s ]
INFO: [ app_end ] --END-- [ RunTime:0.001001s ]

[ 2017-04-07T15:02:53+08:00 ] ::1 /Project/project/index.php/HMadmin/Public/login.html
INFO: [ app_init ] --START--
INFO: Run Behavior\BuildLiteBehavior [ RunTime:0.000000s ]
INFO: [ app_init ] --END-- [ RunTime:0.000000s ]
INFO: [ app_begin ] --START--
INFO: Run Behavior\ReadHtmlCacheBehavior [ RunTime:0.001000s ]
INFO: [ app_begin ] --END-- [ RunTime:0.002000s ]
SQL: SHOW COLUMNS FROM `hm_admin` [ RunTime:0.1490s ]
SQL: SELECT `id`,`name`,`password` FROM `hm_admin` WHERE `name` = 'van' LIMIT 1   [ RunTime:0.0820s ]
INFO: [ view_parse ] --START--
INFO: [ template_filter ] --START--
INFO: Run Behavior\ContentReplaceBehavior [ RunTime:0.000000s ]
INFO: [ template_filter ] --END-- [ RunTime:0.000000s ]
INFO: Run Behavior\ParseTemplateBehavior [ RunTime:0.004000s ]
INFO: [ view_parse ] --END-- [ RunTime:0.004000s ]
INFO: [ view_filter ] --START--
INFO: Run Behavior\WriteHtmlCacheBehavior [ RunTime:0.000000s ]
INFO: [ view_filter ] --END-- [ RunTime:0.000000s ]

[ 2017-04-07T15:02:55+08:00 ] ::1 /Project/project/index.php/HMadmin/Index/index.html
INFO: [ app_init ] --START--
INFO: Run Behavior\BuildLiteBehavior [ RunTime:0.000000s ]
INFO: [ app_init ] --END-- [ RunTime:0.001000s ]
INFO: [ app_begin ] --START--
INFO: Run Behavior\ReadHtmlCacheBehavior [ RunTime:0.001000s ]
INFO: [ app_begin ] --END-- [ RunTime:0.001000s ]
SQL: SHOW COLUMNS FROM `hm_auth_group_access` [ RunTime:0.0630s ]
SQL: SELECT `uid`,`group_id`,`title`,`rules` FROM hm_auth_group_access a INNER JOIN hm_auth_group g on a.group_id=g.id  WHERE ( a.uid='19' and g.status='1' )  [ RunTime:0.1510s ]
SQL: SHOW COLUMNS FROM `hm_auth_rule` [ RunTime:0.1050s ]
SQL: SELECT `situation`,`name` FROM `hm_auth_rule` WHERE `id` IN ('6','8','9','10','12','13','14','15','17','18','19','20','21','22','23','24','25','26','27','28','29','30','31','33','34','35','36','37','38','39','40','41') AND `status` = 1  [ RunTime:0.0630s ]
INFO: [ view_parse ] --START--
INFO: [ template_filter ] --START--
INFO: Run Behavior\ContentReplaceBehavior [ RunTime:0.000000s ]
INFO: [ template_filter ] --END-- [ RunTime:0.000000s ]
INFO: Run Behavior\ParseTemplateBehavior [ RunTime:0.054003s ]
INFO: [ view_parse ] --END-- [ RunTime:0.054003s ]
INFO: [ view_filter ] --START--
INFO: Run Behavior\WriteHtmlCacheBehavior [ RunTime:0.001000s ]
INFO: [ view_filter ] --END-- [ RunTime:0.001000s ]
INFO: [ app_end ] --START--
INFO: Run Behavior\ShowPageTraceBehavior [ RunTime:0.003000s ]
INFO: [ app_end ] --END-- [ RunTime:0.003000s ]

[ 2017-04-07T15:03:00+08:00 ] ::1 /Project/project/index.php/HMadmin/XunSearch/index
INFO: [ app_init ] --START--
INFO: Run Behavior\BuildLiteBehavior [ RunTime:0.000000s ]
INFO: [ app_init ] --END-- [ RunTime:0.001000s ]
INFO: [ app_begin ] --START--
INFO: Run Behavior\ReadHtmlCacheBehavior [ RunTime:0.002000s ]
INFO: [ app_begin ] --END-- [ RunTime:0.002000s ]

[ 2017-04-07T15:03:22+08:00 ] ::1 /Project/project/index.php/HMadmin/XunSearch/index
INFO: [ app_init ] --START--
INFO: Run Behavior\BuildLiteBehavior [ RunTime:0.000000s ]
INFO: [ app_init ] --END-- [ RunTime:0.001000s ]
INFO: [ app_begin ] --START--
INFO: Run Behavior\ReadHtmlCacheBehavior [ RunTime:0.001000s ]
INFO: [ app_begin ] --END-- [ RunTime:0.001000s ]
SQL: SHOW COLUMNS FROM `hm_auth_group_access` [ RunTime:0.1500s ]
SQL: SELECT `uid`,`group_id`,`title`,`rules` FROM hm_auth_group_access a INNER JOIN hm_auth_group g on a.group_id=g.id  WHERE ( a.uid='19' and g.status='1' )  [ RunTime:0.1490s ]
SQL: SHOW COLUMNS FROM `hm_auth_rule` [ RunTime:0.1200s ]
SQL: SELECT `situation`,`name` FROM `hm_auth_rule` WHERE `id` IN ('6','8','9','10','12','13','14','15','17','18','19','20','21','22','23','24','25','26','27','28','29','30','31','33','34','35','36','37','38','39','40','41') AND `status` = 1  [ RunTime:0.1210s ]
ERR: Class 'HMadmin\Controller\XS' not found

[ 2017-04-07T15:03:36+08:00 ] ::1 /Project/project/index.php/HMadmin/XunSearch/index
INFO: [ app_init ] --START--
INFO: Run Behavior\BuildLiteBehavior [ RunTime:0.000000s ]
INFO: [ app_init ] --END-- [ RunTime:0.000000s ]
INFO: [ app_begin ] --START--
INFO: Run Behavior\ReadHtmlCacheBehavior [ RunTime:0.001001s ]
INFO: [ app_begin ] --END-- [ RunTime:0.001001s ]
SQL: SHOW COLUMNS FROM `hm_auth_group_access` [ RunTime:0.1380s ]
SQL: SELECT `uid`,`group_id`,`title`,`rules` FROM hm_auth_group_access a INNER JOIN hm_auth_group g on a.group_id=g.id  WHERE ( a.uid='19' and g.status='1' )  [ RunTime:0.1310s ]
SQL: SHOW COLUMNS FROM `hm_auth_rule` [ RunTime:0.1050s ]
SQL: SELECT `situation`,`name` FROM `hm_auth_rule` WHERE `id` IN ('6','8','9','10','12','13','14','15','17','18','19','20','21','22','23','24','25','26','27','28','29','30','31','33','34','35','36','37','38','39','40','41') AND `status` = 1  [ RunTime:0.1470s ]
ERR: Class 'XS' not found

[ 2017-04-07T15:05:12+08:00 ] ::1 /Project/project/index.php/HMadmin/XunSearch/index
INFO: [ app_init ] --START--
INFO: Run Behavior\BuildLiteBehavior [ RunTime:0.000000s ]
INFO: [ app_init ] --END-- [ RunTime:0.000000s ]
INFO: [ app_begin ] --START--
INFO: Run Behavior\ReadHtmlCacheBehavior [ RunTime:0.001000s ]
INFO: [ app_begin ] --END-- [ RunTime:0.001000s ]
SQL: SHOW COLUMNS FROM `hm_auth_group_access` [ RunTime:0.3830s ]
SQL: SELECT `uid`,`group_id`,`title`,`rules` FROM hm_auth_group_access a INNER JOIN hm_auth_group g on a.group_id=g.id  WHERE ( a.uid='19' and g.status='1' )  [ RunTime:0.0790s ]
SQL: SHOW COLUMNS FROM `hm_auth_rule` [ RunTime:0.0710s ]
SQL: SELECT `situation`,`name` FROM `hm_auth_rule` WHERE `id` IN ('6','8','9','10','12','13','14','15','17','18','19','20','21','22','23','24','25','26','27','28','29','30','31','33','34','35','36','37','38','39','40','41') AND `status` = 1  [ RunTime:0.0320s ]
ERR: Class 'XS' not found

[ 2017-04-07T15:10:44+08:00 ] ::1 /Project/project/index.php/HMadmin/XunSearch/index
INFO: [ app_init ] --START--
INFO: Run Behavior\BuildLiteBehavior [ RunTime:0.000000s ]
INFO: [ app_init ] --END-- [ RunTime:0.000000s ]
INFO: [ app_begin ] --START--
INFO: Run Behavior\ReadHtmlCacheBehavior [ RunTime:0.001000s ]
INFO: [ app_begin ] --END-- [ RunTime:0.001000s ]
SQL: SHOW COLUMNS FROM `hm_auth_group_access` [ RunTime:0.1480s ]
SQL: SELECT `uid`,`group_id`,`title`,`rules` FROM hm_auth_group_access a INNER JOIN hm_auth_group g on a.group_id=g.id  WHERE ( a.uid='19' and g.status='1' )  [ RunTime:0.1520s ]
SQL: SHOW COLUMNS FROM `hm_auth_rule` [ RunTime:0.1240s ]
SQL: SELECT `situation`,`name` FROM `hm_auth_rule` WHERE `id` IN ('6','8','9','10','12','13','14','15','17','18','19','20','21','22','23','24','25','26','27','28','29','30','31','33','34','35','36','37','38','39','40','41') AND `status` = 1  [ RunTime:0.1110s ]
INFO: [ app_end ] --START--
INFO: Run Behavior\ShowPageTraceBehavior [ RunTime:0.002000s ]
INFO: [ app_end ] --END-- [ RunTime:0.003000s ]

[ 2017-04-07T15:13:18+08:00 ] ::1 /Project/project/index.php/HMadmin/XunSearch/index
INFO: [ app_init ] --START--
INFO: Run Behavior\BuildLiteBehavior [ RunTime:0.000000s ]
INFO: [ app_init ] --END-- [ RunTime:0.000000s ]
INFO: [ app_begin ] --START--
INFO: Run Behavior\ReadHtmlCacheBehavior [ RunTime:0.001000s ]
INFO: [ app_begin ] --END-- [ RunTime:0.001000s ]
SQL: SHOW COLUMNS FROM `hm_auth_group_access` [ RunTime:0.0970s ]
SQL: SELECT `uid`,`group_id`,`title`,`rules` FROM hm_auth_group_access a INNER JOIN hm_auth_group g on a.group_id=g.id  WHERE ( a.uid='19' and g.status='1' )  [ RunTime:0.1180s ]
SQL: SHOW COLUMNS FROM `hm_auth_rule` [ RunTime:0.1470s ]
SQL: SELECT `situation`,`name` FROM `hm_auth_rule` WHERE `id` IN ('6','8','9','10','12','13','14','15','17','18','19','20','21','22','23','24','25','26','27','28','29','30','31','33','34','35','36','37','38','39','40','41') AND `status` = 1  [ RunTime:0.1170s ]
INFO: [ app_end ] --START--
INFO: Run Behavior\ShowPageTraceBehavior [ RunTime:0.002000s ]
INFO: [ app_end ] --END-- [ RunTime:0.002000s ]

[ 2017-04-07T15:15:46+08:00 ] ::1 /Project/project/index.php/HMadmin/XunSearch/index
INFO: [ app_init ] --START--
INFO: Run Behavior\BuildLiteBehavior [ RunTime:0.000000s ]
INFO: [ app_init ] --END-- [ RunTime:0.001000s ]
INFO: [ app_begin ] --START--
INFO: Run Behavior\ReadHtmlCacheBehavior [ RunTime:0.000000s ]
INFO: [ app_begin ] --END-- [ RunTime:0.001000s ]
SQL: SHOW COLUMNS FROM `hm_auth_group_access` [ RunTime:0.5320s ]
SQL: SELECT `uid`,`group_id`,`title`,`rules` FROM hm_auth_group_access a INNER JOIN hm_auth_group g on a.group_id=g.id  WHERE ( a.uid='19' and g.status='1' )  [ RunTime:0.9791s ]
SQL: SHOW COLUMNS FROM `hm_auth_rule` [ RunTime:0.1550s ]
SQL: SELECT `situation`,`name` FROM `hm_auth_rule` WHERE `id` IN ('6','8','9','10','12','13','14','15','17','18','19','20','21','22','23','24','25','26','27','28','29','30','31','33','34','35','36','37','38','39','40','41') AND `status` = 1  [ RunTime:0.1260s ]
INFO: [ app_end ] --START--
INFO: Run Behavior\ShowPageTraceBehavior [ RunTime:0.002000s ]
INFO: [ app_end ] --END-- [ RunTime:0.002000s ]

[ 2017-04-07T15:24:58+08:00 ] ::1 /Project/project/index.php/HMadmin/XunSearch/index
INFO: [ app_init ] --START--
INFO: Run Behavior\BuildLiteBehavior [ RunTime:0.000000s ]
INFO: [ app_init ] --END-- [ RunTime:0.000000s ]
INFO: [ app_begin ] --START--
INFO: Run Behavior\ReadHtmlCacheBehavior [ RunTime:0.001000s ]
INFO: [ app_begin ] --END-- [ RunTime:0.001000s ]
SQL: SHOW COLUMNS FROM `hm_auth_group_access` [ RunTime:0.0970s ]
SQL: SELECT `uid`,`group_id`,`title`,`rules` FROM hm_auth_group_access a INNER JOIN hm_auth_group g on a.group_id=g.id  WHERE ( a.uid='19' and g.status='1' )  [ RunTime:0.0950s ]
SQL: SHOW COLUMNS FROM `hm_auth_rule` [ RunTime:0.1240s ]
SQL: SELECT `situation`,`name` FROM `hm_auth_rule` WHERE `id` IN ('6','8','9','10','12','13','14','15','17','18','19','20','21','22','23','24','25','26','27','28','29','30','31','33','34','35','36','37','38','39','40','41') AND `status` = 1  [ RunTime:0.1450s ]
INFO: [ app_end ] --START--
INFO: Run Behavior\ShowPageTraceBehavior [ RunTime:0.002000s ]
INFO: [ app_end ] --END-- [ RunTime:0.002000s ]

[ 2017-04-07T15:25:34+08:00 ] ::1 /Project/project/index.php/HMadmin/XunSearch/index
INFO: [ app_init ] --START--
INFO: Run Behavior\BuildLiteBehavior [ RunTime:0.000000s ]
INFO: [ app_init ] --END-- [ RunTime:0.001000s ]
INFO: [ app_begin ] --START--
INFO: Run Behavior\ReadHtmlCacheBehavior [ RunTime:0.001000s ]
INFO: [ app_begin ] --END-- [ RunTime:0.001000s ]
SQL: SHOW COLUMNS FROM `hm_auth_group_access` [ RunTime:0.0500s ]
SQL: SELECT `uid`,`group_id`,`title`,`rules` FROM hm_auth_group_access a INNER JOIN hm_auth_group g on a.group_id=g.id  WHERE ( a.uid='19' and g.status='1' )  [ RunTime:0.4370s ]
SQL: SHOW COLUMNS FROM `hm_auth_rule` [ RunTime:0.1600s ]
SQL: SELECT `situation`,`name` FROM `hm_auth_rule` WHERE `id` IN ('6','8','9','10','12','13','14','15','17','18','19','20','21','22','23','24','25','26','27','28','29','30','31','33','34','35','36','37','38','39','40','41') AND `status` = 1  [ RunTime:0.0750s ]
INFO: [ app_end ] --START--
INFO: Run Behavior\ShowPageTraceBehavior [ RunTime:0.002000s ]
INFO: [ app_end ] --END-- [ RunTime:0.003000s ]

