[ 2017-04-17T15:21:24+08:00 ] ::1 /xxoooo/Project/project/
INFO: [ app_init ] --START--
INFO: Run Behavior\BuildLiteBehavior [ RunTime:0.000023s ]
INFO: [ app_init ] --END-- [ RunTime:0.001121s ]
INFO: [ app_begin ] --START--
INFO: Run Behavior\ReadHtmlCacheBehavior [ RunTime:0.001744s ]
INFO: [ app_begin ] --END-- [ RunTime:0.001874s ]
ERR: 无法加载控制器:Index

[ 2017-04-17T15:21:52+08:00 ] ::1 /xxoooo/Project/project/
INFO: [ app_init ] --START--
INFO: Run Behavior\BuildLiteBehavior [ RunTime:0.000022s ]
INFO: [ app_init ] --END-- [ RunTime:0.001138s ]
INFO: [ app_begin ] --START--
INFO: Run Behavior\ReadHtmlCacheBehavior [ RunTime:0.000990s ]
INFO: [ app_begin ] --END-- [ RunTime:0.001065s ]
SQL: SHOW COLUMNS FROM `hm_goods` [ RunTime:0.0093s ]
SQL: SHOW COLUMNS FROM `hm_type` [ RunTime:0.0089s ]
SQL: SELECT `id`,`name` FROM `hm_type` WHERE ( pid=0 )  [ RunTime:0.0124s ]
SQL: SHOW COLUMNS FROM `hm_cart` [ RunTime:0.0094s ]
SQL: SHOW COLUMNS FROM `hm_cart` [ RunTime:0.0093s ]
SQL: SELECT * FROM `hm_cart` WHERE `id` = '623'  [ RunTime:0.0118s ]
INFO: [ view_parse ] --START--
INFO: [ template_filter ] --START--
INFO: Run Behavior\ContentReplaceBehavior [ RunTime:0.000761s ]
INFO: [ template_filter ] --END-- [ RunTime:0.000899s ]
INFO: Run Behavior\ParseTemplateBehavior [ RunTime:0.043368s ]
INFO: [ view_parse ] --END-- [ RunTime:0.043565s ]
INFO: [ view_filter ] --START--
INFO: Run Behavior\WriteHtmlCacheBehavior [ RunTime:0.001672s ]
INFO: [ view_filter ] --END-- [ RunTime:0.001804s ]
INFO: [ app_end ] --START--
INFO: Run Behavior\ShowPageTraceBehavior [ RunTime:0.002158s ]
INFO: [ app_end ] --END-- [ RunTime:0.002305s ]

[ 2017-04-17T15:21:54+08:00 ] ::1 /xxoooo/Project/project/index.php/Home/Index/base
INFO: [ app_init ] --START--
INFO: Run Behavior\BuildLiteBehavior [ RunTime:0.000019s ]
INFO: [ app_init ] --END-- [ RunTime:0.000745s ]
INFO: [ app_begin ] --START--
INFO: Run Behavior\ReadHtmlCacheBehavior [ RunTime:0.001982s ]
INFO: [ app_begin ] --END-- [ RunTime:0.002100s ]
SQL: SHOW COLUMNS FROM `hm_goods` [ RunTime:0.0091s ]
SQL: SHOW COLUMNS FROM `hm_type` [ RunTime:0.0088s ]
SQL: SELECT * FROM `hm_type` WHERE ( pid=22 )  [ RunTime:0.0085s ]
INFO: [ app_end ] --START--
INFO: Run Behavior\ShowPageTraceBehavior [ RunTime:0.001150s ]
INFO: [ app_end ] --END-- [ RunTime:0.001210s ]

[ 2017-04-17T15:21:57+08:00 ] ::1 /xxoooo/Project/project/index.php/Home/User/active/email/321654987@qq.com
INFO: [ app_init ] --START--
INFO: Run Behavior\BuildLiteBehavior [ RunTime:0.000021s ]
INFO: [ app_init ] --END-- [ RunTime:0.000552s ]
INFO: [ app_begin ] --START--
INFO: Run Behavior\ReadHtmlCacheBehavior [ RunTime:0.001201s ]
INFO: [ app_begin ] --END-- [ RunTime:0.001286s ]
SQL: SHOW COLUMNS FROM `hm_user` [ RunTime:0.0133s ]
ERR: Class 'Org\Util\mailer\phpmailerException' not found

[ 2017-04-17T15:23:05+08:00 ] ::1 /xxoooo/Project/project/index.php/Home/Index/base
INFO: [ app_init ] --START--
INFO: Run Behavior\BuildLiteBehavior [ RunTime:0.000034s ]
INFO: [ app_init ] --END-- [ RunTime:0.000585s ]
INFO: [ app_begin ] --START--
INFO: Run Behavior\ReadHtmlCacheBehavior [ RunTime:0.001274s ]
INFO: [ app_begin ] --END-- [ RunTime:0.001362s ]
SQL: SHOW COLUMNS FROM `hm_goods` [ RunTime:0.0105s ]
SQL: SHOW COLUMNS FROM `hm_type` [ RunTime:0.0117s ]
SQL: SELECT * FROM `hm_type` WHERE ( pid=20 )  [ RunTime:0.0144s ]
INFO: [ app_end ] --START--
INFO: Run Behavior\ShowPageTraceBehavior [ RunTime:0.001409s ]
INFO: [ app_end ] --END-- [ RunTime:0.001493s ]

[ 2017-04-17T15:23:23+08:00 ] ::1 /xxoooo/Project/project/Home/order/checkout
INFO: [ app_init ] --START--
INFO: Run Behavior\BuildLiteBehavior [ RunTime:0.000020s ]
INFO: [ app_init ] --END-- [ RunTime:0.000544s ]
INFO: [ app_begin ] --START--
INFO: Run Behavior\ReadHtmlCacheBehavior [ RunTime:0.001208s ]
INFO: [ app_begin ] --END-- [ RunTime:0.001294s ]
SQL: SHOW COLUMNS FROM `hm_order` [ RunTime:0.0093s ]
NOTIC: [8] Use of undefined constant ture - assumed 'ture' D:\wamp64\www\GZ25\xxoooo\Project\project\Application\Home\Model\OrderModel.class.php 第 16 行.
SQL: SHOW COLUMNS FROM `hm_cart` [ RunTime:0.0237s ]
NOTIC: [8] Use of undefined constant ture - assumed 'ture' D:\wamp64\www\GZ25\xxoooo\Project\project\Application\Home\Model\CartModel.class.php 第 90 行.
SQL: SHOW COLUMNS FROM `hm_cart` [ RunTime:0.0090s ]
SQL: SELECT * FROM `hm_cart` WHERE `id` = '623'  [ RunTime:0.0108s ]
SQL: SHOW COLUMNS FROM `hm_addr` [ RunTime:0.0177s ]
SQL: SELECT * FROM `hm_addr` WHERE `uid` = 623  [ RunTime:0.2292s ]
INFO: [ view_parse ] --START--
INFO: [ template_filter ] --START--
INFO: Run Behavior\ContentReplaceBehavior [ RunTime:0.000509s ]
INFO: [ template_filter ] --END-- [ RunTime:0.000629s ]
NOTIC: [8] Undefined variable: OneList D:\wamp64\www\GZ25\xxoooo\Project\project\Application\Runtime\Cache\Home\8ed9208c215b7cc97213b12662c03ed5.php 第 64 行.
NOTIC: [8] Use of undefined constant userInfo - assumed 'userInfo' D:\wamp64\www\GZ25\xxoooo\Project\project\Application\Runtime\Cache\Home\8ed9208c215b7cc97213b12662c03ed5.php 第 235 行.
NOTIC: [8] Use of undefined constant email - assumed 'email' D:\wamp64\www\GZ25\xxoooo\Project\project\Application\Runtime\Cache\Home\8ed9208c215b7cc97213b12662c03ed5.php 第 235 行.
NOTIC: [8] Undefined variable: empty D:\wamp64\www\GZ25\xxoooo\Project\project\Application\Runtime\Cache\Home\8ed9208c215b7cc97213b12662c03ed5.php 第 584 行.
NOTIC: [8] Undefined variable: ov D:\wamp64\www\GZ25\xxoooo\Project\project\Application\Runtime\Cache\Home\8ed9208c215b7cc97213b12662c03ed5.php 第 623 行.
NOTIC: [8] Undefined variable: ov D:\wamp64\www\GZ25\xxoooo\Project\project\Application\Runtime\Cache\Home\8ed9208c215b7cc97213b12662c03ed5.php 第 630 行.
INFO: Run Behavior\ParseTemplateBehavior [ RunTime:0.048048s ]
INFO: [ view_parse ] --END-- [ RunTime:0.048214s ]
INFO: [ view_filter ] --START--
INFO: Run Behavior\WriteHtmlCacheBehavior [ RunTime:0.001291s ]
INFO: [ view_filter ] --END-- [ RunTime:0.001385s ]
INFO: [ app_end ] --START--
INFO: Run Behavior\ShowPageTraceBehavior [ RunTime:0.002157s ]
INFO: [ app_end ] --END-- [ RunTime:0.002269s ]

[ 2017-04-17T15:23:42+08:00 ] ::1 /xxoooo/Project/project/index.php/Home/order/addAddress
INFO: [ app_init ] --START--
INFO: Run Behavior\BuildLiteBehavior [ RunTime:0.000016s ]
INFO: [ app_init ] --END-- [ RunTime:0.000741s ]
INFO: [ app_begin ] --START--
INFO: Run Behavior\ReadHtmlCacheBehavior [ RunTime:0.000988s ]
INFO: [ app_begin ] --END-- [ RunTime:0.001055s ]
SQL: SHOW COLUMNS FROM `hm_user` [ RunTime:0.0094s ]
INFO: [ app_end ] --START--
INFO: Run Behavior\ShowPageTraceBehavior [ RunTime:0.001249s ]
INFO: [ app_end ] --END-- [ RunTime:0.001313s ]

[ 2017-04-17T15:23:57+08:00 ] ::1 /xxoooo/Project/project/Home/order/checkout
INFO: [ app_init ] --START--
INFO: Run Behavior\BuildLiteBehavior [ RunTime:0.000019s ]
INFO: [ app_init ] --END-- [ RunTime:0.000479s ]
INFO: [ app_begin ] --START--
INFO: Run Behavior\ReadHtmlCacheBehavior [ RunTime:0.000951s ]
INFO: [ app_begin ] --END-- [ RunTime:0.001026s ]
SQL: SHOW COLUMNS FROM `hm_order` [ RunTime:0.0084s ]
NOTIC: [8] Use of undefined constant ture - assumed 'ture' D:\wamp64\www\GZ25\xxoooo\Project\project\Application\Home\Model\OrderModel.class.php 第 16 行.
SQL: SHOW COLUMNS FROM `hm_cart` [ RunTime:0.0083s ]
NOTIC: [8] Use of undefined constant ture - assumed 'ture' D:\wamp64\www\GZ25\xxoooo\Project\project\Application\Home\Model\CartModel.class.php 第 90 行.
SQL: SHOW COLUMNS FROM `hm_cart` [ RunTime:0.0085s ]
SQL: SELECT * FROM `hm_cart` WHERE `id` = '623'  [ RunTime:0.0082s ]
SQL: SHOW COLUMNS FROM `hm_addr` [ RunTime:0.0083s ]
SQL: SELECT * FROM `hm_addr` WHERE `uid` = 623  [ RunTime:0.0079s ]
INFO: [ view_parse ] --START--
INFO: [ template_filter ] --START--
INFO: Run Behavior\ContentReplaceBehavior [ RunTime:0.000326s ]
INFO: [ template_filter ] --END-- [ RunTime:0.000405s ]
NOTIC: [8] Undefined variable: OneList D:\wamp64\www\GZ25\xxoooo\Project\project\Application\Runtime\Cache\Home\8ed9208c215b7cc97213b12662c03ed5.php 第 64 行.
NOTIC: [8] Use of undefined constant userInfo - assumed 'userInfo' D:\wamp64\www\GZ25\xxoooo\Project\project\Application\Runtime\Cache\Home\8ed9208c215b7cc97213b12662c03ed5.php 第 235 行.
NOTIC: [8] Use of undefined constant email - assumed 'email' D:\wamp64\www\GZ25\xxoooo\Project\project\Application\Runtime\Cache\Home\8ed9208c215b7cc97213b12662c03ed5.php 第 235 行.
NOTIC: [8] Undefined variable: empty D:\wamp64\www\GZ25\xxoooo\Project\project\Application\Runtime\Cache\Home\8ed9208c215b7cc97213b12662c03ed5.php 第 584 行.
NOTIC: [8] Undefined variable: ov D:\wamp64\www\GZ25\xxoooo\Project\project\Application\Runtime\Cache\Home\8ed9208c215b7cc97213b12662c03ed5.php 第 623 行.
NOTIC: [8] Undefined variable: ov D:\wamp64\www\GZ25\xxoooo\Project\project\Application\Runtime\Cache\Home\8ed9208c215b7cc97213b12662c03ed5.php 第 630 行.
INFO: Run Behavior\ParseTemplateBehavior [ RunTime:0.017565s ]
INFO: [ view_parse ] --END-- [ RunTime:0.017645s ]
INFO: [ view_filter ] --START--
INFO: Run Behavior\WriteHtmlCacheBehavior [ RunTime:0.000868s ]
INFO: [ view_filter ] --END-- [ RunTime:0.000931s ]
INFO: [ app_end ] --START--
INFO: Run Behavior\ShowPageTraceBehavior [ RunTime:0.001030s ]
INFO: [ app_end ] --END-- [ RunTime:0.001101s ]

[ 2017-04-17T15:24:07+08:00 ] ::1 /xxoooo/Project/project/index.php/Home/order/addAddress
INFO: [ app_init ] --START--
INFO: Run Behavior\BuildLiteBehavior [ RunTime:0.000020s ]
INFO: [ app_init ] --END-- [ RunTime:0.000557s ]
INFO: [ app_begin ] --START--
INFO: Run Behavior\ReadHtmlCacheBehavior [ RunTime:0.000942s ]
INFO: [ app_begin ] --END-- [ RunTime:0.001006s ]
SQL: SHOW COLUMNS FROM `hm_user` [ RunTime:0.0092s ]
INFO: [ app_end ] --START--
INFO: Run Behavior\ShowPageTraceBehavior [ RunTime:0.001440s ]
INFO: [ app_end ] --END-- [ RunTime:0.001520s ]

[ 2017-04-17T15:26:44+08:00 ] ::1 /xxoooo/Project/project/Home/order/checkout
INFO: [ app_init ] --START--
INFO: Run Behavior\BuildLiteBehavior [ RunTime:0.000016s ]
INFO: [ app_init ] --END-- [ RunTime:0.000445s ]
INFO: [ app_begin ] --START--
INFO: Run Behavior\ReadHtmlCacheBehavior [ RunTime:0.000918s ]
INFO: [ app_begin ] --END-- [ RunTime:0.000987s ]
SQL: SHOW COLUMNS FROM `hm_order` [ RunTime:0.1002s ]
NOTIC: [8] Use of undefined constant ture - assumed 'ture' D:\wamp64\www\GZ25\xxoooo\Project\project\Application\Home\Model\OrderModel.class.php 第 16 行.
SQL: SHOW COLUMNS FROM `hm_cart` [ RunTime:0.1278s ]
NOTIC: [8] Use of undefined constant ture - assumed 'ture' D:\wamp64\www\GZ25\xxoooo\Project\project\Application\Home\Model\CartModel.class.php 第 90 行.
SQL: SHOW COLUMNS FROM `hm_cart` [ RunTime:0.0927s ]
SQL: SELECT * FROM `hm_cart` WHERE `id` = '623'  [ RunTime:0.0355s ]
SQL: SHOW COLUMNS FROM `hm_addr` [ RunTime:0.0095s ]
SQL: SELECT * FROM `hm_addr` WHERE `uid` = 623  [ RunTime:0.0149s ]
INFO: [ view_parse ] --START--
INFO: [ template_filter ] --START--
INFO: Run Behavior\ContentReplaceBehavior [ RunTime:0.000695s ]
INFO: [ template_filter ] --END-- [ RunTime:0.000858s ]
NOTIC: [8] Undefined variable: OneList D:\wamp64\www\GZ25\xxoooo\Project\project\Application\Runtime\Cache\Home\8ed9208c215b7cc97213b12662c03ed5.php 第 64 行.
NOTIC: [8] Use of undefined constant userInfo - assumed 'userInfo' D:\wamp64\www\GZ25\xxoooo\Project\project\Application\Runtime\Cache\Home\8ed9208c215b7cc97213b12662c03ed5.php 第 235 行.
NOTIC: [8] Use of undefined constant email - assumed 'email' D:\wamp64\www\GZ25\xxoooo\Project\project\Application\Runtime\Cache\Home\8ed9208c215b7cc97213b12662c03ed5.php 第 235 行.
NOTIC: [8] Undefined variable: empty D:\wamp64\www\GZ25\xxoooo\Project\project\Application\Runtime\Cache\Home\8ed9208c215b7cc97213b12662c03ed5.php 第 584 行.
NOTIC: [8] Undefined variable: ov D:\wamp64\www\GZ25\xxoooo\Project\project\Application\Runtime\Cache\Home\8ed9208c215b7cc97213b12662c03ed5.php 第 623 行.
NOTIC: [8] Undefined variable: ov D:\wamp64\www\GZ25\xxoooo\Project\project\Application\Runtime\Cache\Home\8ed9208c215b7cc97213b12662c03ed5.php 第 630 行.
INFO: Run Behavior\ParseTemplateBehavior [ RunTime:0.033565s ]
INFO: [ view_parse ] --END-- [ RunTime:0.033679s ]
INFO: [ view_filter ] --START--
INFO: Run Behavior\WriteHtmlCacheBehavior [ RunTime:0.001792s ]
INFO: [ view_filter ] --END-- [ RunTime:0.001926s ]
INFO: [ app_end ] --START--
INFO: Run Behavior\ShowPageTraceBehavior [ RunTime:0.001623s ]
INFO: [ app_end ] --END-- [ RunTime:0.001754s ]

[ 2017-04-17T15:26:56+08:00 ] ::1 /xxoooo/Project/project/index.php/Home/order/addAddress
INFO: [ app_init ] --START--
INFO: Run Behavior\BuildLiteBehavior [ RunTime:0.000020s ]
INFO: [ app_init ] --END-- [ RunTime:0.000629s ]
INFO: [ app_begin ] --START--
INFO: Run Behavior\ReadHtmlCacheBehavior [ RunTime:0.001378s ]
INFO: [ app_begin ] --END-- [ RunTime:0.001459s ]
SQL: SHOW COLUMNS FROM `hm_user` [ RunTime:0.0125s ]
INFO: [ app_end ] --START--
INFO: Run Behavior\ShowPageTraceBehavior [ RunTime:0.003890s ]
INFO: [ app_end ] --END-- [ RunTime:0.004116s ]

[ 2017-04-17T15:27:04+08:00 ] ::1 /xxoooo/Project/project/Home/order/checkout
INFO: [ app_init ] --START--
INFO: Run Behavior\BuildLiteBehavior [ RunTime:0.000023s ]
INFO: [ app_init ] --END-- [ RunTime:0.000580s ]
INFO: [ app_begin ] --START--
INFO: Run Behavior\ReadHtmlCacheBehavior [ RunTime:0.001225s ]
INFO: [ app_begin ] --END-- [ RunTime:0.001322s ]
SQL: SHOW COLUMNS FROM `hm_order` [ RunTime:0.0331s ]
NOTIC: [8] Use of undefined constant ture - assumed 'ture' D:\wamp64\www\GZ25\xxoooo\Project\project\Application\Home\Model\OrderModel.class.php 第 16 行.
SQL: SHOW COLUMNS FROM `hm_cart` [ RunTime:0.0307s ]
NOTIC: [8] Use of undefined constant ture - assumed 'ture' D:\wamp64\www\GZ25\xxoooo\Project\project\Application\Home\Model\CartModel.class.php 第 90 行.
SQL: SHOW COLUMNS FROM `hm_cart` [ RunTime:0.0326s ]
SQL: SELECT * FROM `hm_cart` WHERE `id` = '623'  [ RunTime:0.0373s ]
SQL: SHOW COLUMNS FROM `hm_addr` [ RunTime:0.0466s ]
SQL: SELECT * FROM `hm_addr` WHERE `uid` = 623  [ RunTime:0.0482s ]
INFO: [ view_parse ] --START--
INFO: [ template_filter ] --START--
INFO: Run Behavior\ContentReplaceBehavior [ RunTime:0.000328s ]
INFO: [ template_filter ] --END-- [ RunTime:0.000412s ]
NOTIC: [8] Undefined variable: OneList D:\wamp64\www\GZ25\xxoooo\Project\project\Application\Runtime\Cache\Home\8ed9208c215b7cc97213b12662c03ed5.php 第 64 行.
NOTIC: [8] Use of undefined constant userInfo - assumed 'userInfo' D:\wamp64\www\GZ25\xxoooo\Project\project\Application\Runtime\Cache\Home\8ed9208c215b7cc97213b12662c03ed5.php 第 235 行.
NOTIC: [8] Use of undefined constant email - assumed 'email' D:\wamp64\www\GZ25\xxoooo\Project\project\Application\Runtime\Cache\Home\8ed9208c215b7cc97213b12662c03ed5.php 第 235 行.
NOTIC: [8] Undefined variable: empty D:\wamp64\www\GZ25\xxoooo\Project\project\Application\Runtime\Cache\Home\8ed9208c215b7cc97213b12662c03ed5.php 第 584 行.
NOTIC: [8] Undefined variable: ov D:\wamp64\www\GZ25\xxoooo\Project\project\Application\Runtime\Cache\Home\8ed9208c215b7cc97213b12662c03ed5.php 第 623 行.
NOTIC: [8] Undefined variable: ov D:\wamp64\www\GZ25\xxoooo\Project\project\Application\Runtime\Cache\Home\8ed9208c215b7cc97213b12662c03ed5.php 第 630 行.
INFO: Run Behavior\ParseTemplateBehavior [ RunTime:0.017813s ]
INFO: [ view_parse ] --END-- [ RunTime:0.017893s ]
INFO: [ view_filter ] --START--
INFO: Run Behavior\WriteHtmlCacheBehavior [ RunTime:0.000887s ]
INFO: [ view_filter ] --END-- [ RunTime:0.000949s ]
INFO: [ app_end ] --START--
INFO: Run Behavior\ShowPageTraceBehavior [ RunTime:0.001024s ]
INFO: [ app_end ] --END-- [ RunTime:0.001102s ]

[ 2017-04-17T15:27:20+08:00 ] ::1 /xxoooo/Project/project/index.php/Home/order/addAddress
INFO: [ app_init ] --START--
INFO: Run Behavior\BuildLiteBehavior [ RunTime:0.000043s ]
INFO: [ app_init ] --END-- [ RunTime:0.000720s ]
INFO: [ app_begin ] --START--
INFO: Run Behavior\ReadHtmlCacheBehavior [ RunTime:0.001218s ]
INFO: [ app_begin ] --END-- [ RunTime:0.001305s ]
SQL: SHOW COLUMNS FROM `hm_user` [ RunTime:0.1491s ]
INFO: [ app_end ] --START--
INFO: Run Behavior\ShowPageTraceBehavior [ RunTime:0.002778s ]
INFO: [ app_end ] --END-- [ RunTime:0.002944s ]

