[ 2017-04-10T17:07:57+08:00 ] ::1 /2nd%20Project/04.10/project/Home/cart
INFO: [ app_init ] --START--
INFO: Run Behavior\BuildLiteBehavior [ RunTime:0.000019s ]
INFO: [ app_init ] --END-- [ RunTime:0.000543s ]
INFO: [ app_begin ] --START--
INFO: Run Behavior\ReadHtmlCacheBehavior [ RunTime:0.000829s ]
INFO: [ app_begin ] --END-- [ RunTime:0.000901s ]
SQL: SHOW COLUMNS FROM `hm_cart` [ RunTime:0.0085s ]
NOTIC: [8] Undefined index: cart D:\wamp64\www\GZ25\2nd Project\04.10\project\Application\Home\Model\CartModel.class.php 第 20 行.
INFO: [ view_parse ] --START--
INFO: [ template_filter ] --START--
INFO: Run Behavior\ContentReplaceBehavior [ RunTime:0.000940s ]
INFO: [ template_filter ] --END-- [ RunTime:0.001055s ]
ERR: syntax error, unexpected '$'

[ 2017-04-10T17:09:14+08:00 ] ::1 /2nd%20Project/04.10/project/Home/cart
INFO: [ app_init ] --START--
INFO: Run Behavior\BuildLiteBehavior [ RunTime:0.000018s ]
INFO: [ app_init ] --END-- [ RunTime:0.000434s ]
INFO: [ app_begin ] --START--
INFO: Run Behavior\ReadHtmlCacheBehavior [ RunTime:0.000596s ]
INFO: [ app_begin ] --END-- [ RunTime:0.000669s ]
SQL: SHOW COLUMNS FROM `hm_cart` [ RunTime:0.0029s ]
NOTIC: [8] Undefined index: cart D:\wamp64\www\GZ25\2nd Project\04.10\project\Application\Home\Model\CartModel.class.php 第 20 行.
INFO: [ view_parse ] --START--
INFO: [ template_filter ] --START--
INFO: Run Behavior\ContentReplaceBehavior [ RunTime:0.000579s ]
INFO: [ template_filter ] --END-- [ RunTime:0.000678s ]
ERR: syntax error, unexpected '$'

[ 2017-04-10T17:09:14+08:00 ] ::1 /2nd%20Project/04.10/project/Home/cart
INFO: [ app_init ] --START--
INFO: Run Behavior\BuildLiteBehavior [ RunTime:0.000020s ]
INFO: [ app_init ] --END-- [ RunTime:0.000457s ]
INFO: [ app_begin ] --START--
INFO: Run Behavior\ReadHtmlCacheBehavior [ RunTime:0.000621s ]
INFO: [ app_begin ] --END-- [ RunTime:0.000714s ]
SQL: SHOW COLUMNS FROM `hm_cart` [ RunTime:0.0033s ]
NOTIC: [8] Undefined index: cart D:\wamp64\www\GZ25\2nd Project\04.10\project\Application\Home\Model\CartModel.class.php 第 20 行.
INFO: [ view_parse ] --START--
INFO: [ template_filter ] --START--
INFO: Run Behavior\ContentReplaceBehavior [ RunTime:0.000560s ]
INFO: [ template_filter ] --END-- [ RunTime:0.000647s ]
ERR: syntax error, unexpected '$'

[ 2017-04-10T17:09:34+08:00 ] ::1 /2nd%20Project/04.10/project/Home/cart
INFO: [ app_init ] --START--
INFO: Run Behavior\BuildLiteBehavior [ RunTime:0.000022s ]
INFO: [ app_init ] --END-- [ RunTime:0.000476s ]
INFO: [ app_begin ] --START--
INFO: Run Behavior\ReadHtmlCacheBehavior [ RunTime:0.000607s ]
INFO: [ app_begin ] --END-- [ RunTime:0.000702s ]
SQL: SHOW COLUMNS FROM `hm_cart` [ RunTime:0.0007s ]
NOTIC: [8] Undefined index: cart D:\wamp64\www\GZ25\2nd Project\04.10\project\Application\Home\Model\CartModel.class.php 第 20 行.
INFO: [ view_parse ] --START--
INFO: [ template_filter ] --START--
INFO: Run Behavior\ContentReplaceBehavior [ RunTime:0.000558s ]
INFO: [ template_filter ] --END-- [ RunTime:0.000632s ]
ERR: syntax error, unexpected '$'

[ 2017-04-10T17:10:15+08:00 ] ::1 /2nd%20Project/04.10/project/Home/
INFO: [ app_init ] --START--
INFO: Run Behavior\BuildLiteBehavior [ RunTime:0.000021s ]
INFO: [ app_init ] --END-- [ RunTime:0.000545s ]
INFO: [ app_begin ] --START--
INFO: Run Behavior\ReadHtmlCacheBehavior [ RunTime:0.000768s ]
INFO: [ app_begin ] --END-- [ RunTime:0.000864s ]
SQL: SHOW COLUMNS FROM `hm_cart` [ RunTime:0.0008s ]
NOTIC: [8] Undefined index: cart D:\wamp64\www\GZ25\2nd Project\04.10\project\Application\Home\Model\CartModel.class.php 第 20 行.
INFO: [ view_parse ] --START--
INFO: [ template_filter ] --START--
INFO: Run Behavior\ContentReplaceBehavior [ RunTime:0.000904s ]
INFO: [ template_filter ] --END-- [ RunTime:0.000983s ]
NOTIC: [8] Use of undefined constant userInfo - assumed 'userInfo' D:\wamp64\www\GZ25\2nd Project\04.10\project\Application\Runtime\Cache\Home\2a94b8bda04ff446dcedd42276fc99ee.php 第 1536 行.
NOTIC: [8] Use of undefined constant email - assumed 'email' D:\wamp64\www\GZ25\2nd Project\04.10\project\Application\Runtime\Cache\Home\2a94b8bda04ff446dcedd42276fc99ee.php 第 1536 行.
NOTIC: [8] Undefined index: userInfo D:\wamp64\www\GZ25\2nd Project\04.10\project\Application\Runtime\Cache\Home\2a94b8bda04ff446dcedd42276fc99ee.php 第 1536 行.
INFO: Run Behavior\ParseTemplateBehavior [ RunTime:0.020564s ]
INFO: [ view_parse ] --END-- [ RunTime:0.020635s ]
INFO: [ view_filter ] --START--
INFO: Run Behavior\WriteHtmlCacheBehavior [ RunTime:0.000564s ]
INFO: [ view_filter ] --END-- [ RunTime:0.000625s ]
INFO: [ app_end ] --START--
INFO: Run Behavior\ShowPageTraceBehavior [ RunTime:0.000839s ]
INFO: [ app_end ] --END-- [ RunTime:0.000920s ]

[ 2017-04-10T17:11:38+08:00 ] ::1 /2nd%20Project/04.10/project/Home/cart
INFO: [ app_init ] --START--
INFO: Run Behavior\BuildLiteBehavior [ RunTime:0.000016s ]
INFO: [ app_init ] --END-- [ RunTime:0.000365s ]
INFO: [ app_begin ] --START--
INFO: Run Behavior\ReadHtmlCacheBehavior [ RunTime:0.000760s ]
INFO: [ app_begin ] --END-- [ RunTime:0.000850s ]
SQL: SHOW COLUMNS FROM `hm_cart` [ RunTime:0.0006s ]
NOTIC: [8] Undefined index: cart D:\wamp64\www\GZ25\2nd Project\04.10\project\Application\Home\Model\CartModel.class.php 第 20 行.
INFO: [ view_parse ] --START--
INFO: [ template_filter ] --START--
INFO: Run Behavior\ContentReplaceBehavior [ RunTime:0.000569s ]
INFO: [ template_filter ] --END-- [ RunTime:0.000657s ]
ERR: syntax error, unexpected '$'

[ 2017-04-10T17:20:57+08:00 ] ::1 /2nd%20Project/04.10/project/Home/cart
INFO: [ app_init ] --START--
INFO: Run Behavior\BuildLiteBehavior [ RunTime:0.000021s ]
INFO: [ app_init ] --END-- [ RunTime:0.000550s ]
INFO: [ app_begin ] --START--
INFO: Run Behavior\ReadHtmlCacheBehavior [ RunTime:0.000760s ]
INFO: [ app_begin ] --END-- [ RunTime:0.000855s ]
SQL: SHOW COLUMNS FROM `hm_cart` [ RunTime:0.0006s ]
NOTIC: [8] Undefined index: cart D:\wamp64\www\GZ25\2nd Project\04.10\project\Application\Home\Model\CartModel.class.php 第 20 行.
INFO: [ view_parse ] --START--
INFO: [ template_filter ] --START--
INFO: Run Behavior\ContentReplaceBehavior [ RunTime:0.000560s ]
INFO: [ template_filter ] --END-- [ RunTime:0.000652s ]
ERR: syntax error, unexpected '$'

[ 2017-04-10T17:22:31+08:00 ] ::1 /2nd%20Project/04.10/project/Home/cart
INFO: [ app_init ] --START--
INFO: Run Behavior\BuildLiteBehavior [ RunTime:0.000022s ]
INFO: [ app_init ] --END-- [ RunTime:0.000570s ]
INFO: [ app_begin ] --START--
INFO: Run Behavior\ReadHtmlCacheBehavior [ RunTime:0.001063s ]
INFO: [ app_begin ] --END-- [ RunTime:0.001158s ]
SQL: SHOW COLUMNS FROM `hm_cart` [ RunTime:0.0006s ]
NOTIC: [8] Undefined index: cart D:\wamp64\www\GZ25\2nd Project\04.10\project\Application\Home\Model\CartModel.class.php 第 20 行.
INFO: [ view_parse ] --START--
INFO: [ template_filter ] --START--
INFO: Run Behavior\ContentReplaceBehavior [ RunTime:0.000566s ]
INFO: [ template_filter ] --END-- [ RunTime:0.000660s ]
NOTIC: [8] Use of undefined constant userInfo - assumed 'userInfo' D:\wamp64\www\GZ25\2nd Project\04.10\project\Application\Runtime\Cache\Home\6f105010063b4e4da2af04cb5dd2d5a4.php 第 1538 行.
NOTIC: [8] Use of undefined constant email - assumed 'email' D:\wamp64\www\GZ25\2nd Project\04.10\project\Application\Runtime\Cache\Home\6f105010063b4e4da2af04cb5dd2d5a4.php 第 1538 行.
NOTIC: [8] Undefined index: userInfo D:\wamp64\www\GZ25\2nd Project\04.10\project\Application\Runtime\Cache\Home\6f105010063b4e4da2af04cb5dd2d5a4.php 第 1538 行.
NOTIC: [8] Undefined variable: ov D:\wamp64\www\GZ25\2nd Project\04.10\project\Application\Runtime\Cache\Home\6f105010063b4e4da2af04cb5dd2d5a4.php 第 1768 行.
NOTIC: [8] Undefined variable: ov D:\wamp64\www\GZ25\2nd Project\04.10\project\Application\Runtime\Cache\Home\6f105010063b4e4da2af04cb5dd2d5a4.php 第 1775 行.
INFO: Run Behavior\ParseTemplateBehavior [ RunTime:0.021378s ]
INFO: [ view_parse ] --END-- [ RunTime:0.021452s ]
INFO: [ view_filter ] --START--
INFO: Run Behavior\WriteHtmlCacheBehavior [ RunTime:0.000558s ]
INFO: [ view_filter ] --END-- [ RunTime:0.000618s ]
INFO: [ app_end ] --START--
INFO: Run Behavior\ShowPageTraceBehavior [ RunTime:0.000749s ]
INFO: [ app_end ] --END-- [ RunTime:0.000817s ]

[ 2017-04-10T17:25:14+08:00 ] ::1 /2nd%20Project/04.10/project/Home/cart
INFO: [ app_init ] --START--
INFO: Run Behavior\BuildLiteBehavior [ RunTime:0.000021s ]
INFO: [ app_init ] --END-- [ RunTime:0.000561s ]
INFO: [ app_begin ] --START--
INFO: Run Behavior\ReadHtmlCacheBehavior [ RunTime:0.000805s ]
INFO: [ app_begin ] --END-- [ RunTime:0.000906s ]
SQL: SHOW COLUMNS FROM `hm_cart` [ RunTime:0.0008s ]
NOTIC: [8] Undefined index: cart D:\wamp64\www\GZ25\2nd Project\04.10\project\Application\Home\Model\CartModel.class.php 第 20 行.
INFO: [ view_parse ] --START--
INFO: [ template_filter ] --START--
INFO: Run Behavior\ContentReplaceBehavior [ RunTime:0.000563s ]
INFO: [ template_filter ] --END-- [ RunTime:0.000655s ]
NOTIC: [8] Use of undefined constant userInfo - assumed 'userInfo' D:\wamp64\www\GZ25\2nd Project\04.10\project\Application\Runtime\Cache\Home\6f105010063b4e4da2af04cb5dd2d5a4.php 第 1538 行.
NOTIC: [8] Use of undefined constant email - assumed 'email' D:\wamp64\www\GZ25\2nd Project\04.10\project\Application\Runtime\Cache\Home\6f105010063b4e4da2af04cb5dd2d5a4.php 第 1538 行.
NOTIC: [8] Undefined index: userInfo D:\wamp64\www\GZ25\2nd Project\04.10\project\Application\Runtime\Cache\Home\6f105010063b4e4da2af04cb5dd2d5a4.php 第 1538 行.
NOTIC: [8] Undefined variable: ov D:\wamp64\www\GZ25\2nd Project\04.10\project\Application\Runtime\Cache\Home\6f105010063b4e4da2af04cb5dd2d5a4.php 第 1769 行.
NOTIC: [8] Undefined variable: ov D:\wamp64\www\GZ25\2nd Project\04.10\project\Application\Runtime\Cache\Home\6f105010063b4e4da2af04cb5dd2d5a4.php 第 1778 行.
INFO: Run Behavior\ParseTemplateBehavior [ RunTime:0.020997s ]
INFO: [ view_parse ] --END-- [ RunTime:0.021064s ]
INFO: [ view_filter ] --START--
INFO: Run Behavior\WriteHtmlCacheBehavior [ RunTime:0.000564s ]
INFO: [ view_filter ] --END-- [ RunTime:0.000624s ]
INFO: [ app_end ] --START--
INFO: Run Behavior\ShowPageTraceBehavior [ RunTime:0.000748s ]
INFO: [ app_end ] --END-- [ RunTime:0.000822s ]

[ 2017-04-10T17:25:40+08:00 ] ::1 /2nd%20Project/04.10/project/Home/cart
INFO: [ app_init ] --START--
INFO: Run Behavior\BuildLiteBehavior [ RunTime:0.000027s ]
INFO: [ app_init ] --END-- [ RunTime:0.000599s ]
INFO: [ app_begin ] --START--
INFO: Run Behavior\ReadHtmlCacheBehavior [ RunTime:0.000977s ]
INFO: [ app_begin ] --END-- [ RunTime:0.001079s ]
SQL: SHOW COLUMNS FROM `hm_cart` [ RunTime:0.0006s ]
NOTIC: [8] Undefined index: cart D:\wamp64\www\GZ25\2nd Project\04.10\project\Application\Home\Model\CartModel.class.php 第 20 行.
INFO: [ view_parse ] --START--
INFO: [ template_filter ] --START--
INFO: Run Behavior\ContentReplaceBehavior [ RunTime:0.000559s ]
INFO: [ template_filter ] --END-- [ RunTime:0.000647s ]
NOTIC: [8] Use of undefined constant userInfo - assumed 'userInfo' D:\wamp64\www\GZ25\2nd Project\04.10\project\Application\Runtime\Cache\Home\6f105010063b4e4da2af04cb5dd2d5a4.php 第 1538 行.
NOTIC: [8] Use of undefined constant email - assumed 'email' D:\wamp64\www\GZ25\2nd Project\04.10\project\Application\Runtime\Cache\Home\6f105010063b4e4da2af04cb5dd2d5a4.php 第 1538 行.
NOTIC: [8] Undefined index: userInfo D:\wamp64\www\GZ25\2nd Project\04.10\project\Application\Runtime\Cache\Home\6f105010063b4e4da2af04cb5dd2d5a4.php 第 1538 行.
INFO: Run Behavior\ParseTemplateBehavior [ RunTime:0.021328s ]
INFO: [ view_parse ] --END-- [ RunTime:0.021403s ]
INFO: [ view_filter ] --START--
INFO: Run Behavior\WriteHtmlCacheBehavior [ RunTime:0.000566s ]
INFO: [ view_filter ] --END-- [ RunTime:0.000627s ]
INFO: [ app_end ] --START--
INFO: Run Behavior\ShowPageTraceBehavior [ RunTime:0.000726s ]
INFO: [ app_end ] --END-- [ RunTime:0.000794s ]

[ 2017-04-10T17:25:49+08:00 ] ::1 /2nd%20Project/04.10/project/Home/cart
INFO: [ app_init ] --START--
INFO: Run Behavior\BuildLiteBehavior [ RunTime:0.000028s ]
INFO: [ app_init ] --END-- [ RunTime:0.000472s ]
INFO: [ app_begin ] --START--
INFO: Run Behavior\ReadHtmlCacheBehavior [ RunTime:0.000783s ]
INFO: [ app_begin ] --END-- [ RunTime:0.000918s ]
SQL: SHOW COLUMNS FROM `hm_cart` [ RunTime:0.0006s ]
NOTIC: [8] Undefined index: cart D:\wamp64\www\GZ25\2nd Project\04.10\project\Application\Home\Model\CartModel.class.php 第 20 行.
INFO: [ view_parse ] --START--
INFO: [ template_filter ] --START--
INFO: Run Behavior\ContentReplaceBehavior [ RunTime:0.000559s ]
INFO: [ template_filter ] --END-- [ RunTime:0.000644s ]
NOTIC: [8] Use of undefined constant userInfo - assumed 'userInfo' D:\wamp64\www\GZ25\2nd Project\04.10\project\Application\Runtime\Cache\Home\6f105010063b4e4da2af04cb5dd2d5a4.php 第 1538 行.
NOTIC: [8] Use of undefined constant email - assumed 'email' D:\wamp64\www\GZ25\2nd Project\04.10\project\Application\Runtime\Cache\Home\6f105010063b4e4da2af04cb5dd2d5a4.php 第 1538 行.
NOTIC: [8] Undefined index: userInfo D:\wamp64\www\GZ25\2nd Project\04.10\project\Application\Runtime\Cache\Home\6f105010063b4e4da2af04cb5dd2d5a4.php 第 1538 行.
INFO: Run Behavior\ParseTemplateBehavior [ RunTime:0.020467s ]
INFO: [ view_parse ] --END-- [ RunTime:0.020539s ]
INFO: [ view_filter ] --START--
INFO: Run Behavior\WriteHtmlCacheBehavior [ RunTime:0.000417s ]
INFO: [ view_filter ] --END-- [ RunTime:0.000476s ]
INFO: [ app_end ] --START--
INFO: Run Behavior\ShowPageTraceBehavior [ RunTime:0.000727s ]
INFO: [ app_end ] --END-- [ RunTime:0.000796s ]

[ 2017-04-10T17:29:50+08:00 ] ::1 /2nd%20Project/04.10/project/Home/cart
INFO: [ app_init ] --START--
INFO: Run Behavior\BuildLiteBehavior [ RunTime:0.000021s ]
INFO: [ app_init ] --END-- [ RunTime:0.000556s ]
INFO: [ app_begin ] --START--
INFO: Run Behavior\ReadHtmlCacheBehavior [ RunTime:0.000943s ]
INFO: [ app_begin ] --END-- [ RunTime:0.001040s ]
SQL: SHOW COLUMNS FROM `hm_cart` [ RunTime:0.0006s ]
NOTIC: [8] Undefined index: cart D:\wamp64\www\GZ25\2nd Project\04.10\project\Application\Home\Model\CartModel.class.php 第 20 行.
INFO: [ view_parse ] --START--
INFO: [ template_filter ] --START--
INFO: Run Behavior\ContentReplaceBehavior [ RunTime:0.000579s ]
INFO: [ template_filter ] --END-- [ RunTime:0.000672s ]
NOTIC: [8] Use of undefined constant userInfo - assumed 'userInfo' D:\wamp64\www\GZ25\2nd Project\04.10\project\Application\Runtime\Cache\Home\6f105010063b4e4da2af04cb5dd2d5a4.php 第 1538 行.
NOTIC: [8] Use of undefined constant email - assumed 'email' D:\wamp64\www\GZ25\2nd Project\04.10\project\Application\Runtime\Cache\Home\6f105010063b4e4da2af04cb5dd2d5a4.php 第 1538 行.
NOTIC: [8] Undefined index: userInfo D:\wamp64\www\GZ25\2nd Project\04.10\project\Application\Runtime\Cache\Home\6f105010063b4e4da2af04cb5dd2d5a4.php 第 1538 行.
INFO: Run Behavior\ParseTemplateBehavior [ RunTime:0.021181s ]
INFO: [ view_parse ] --END-- [ RunTime:0.021249s ]
INFO: [ view_filter ] --START--
INFO: Run Behavior\WriteHtmlCacheBehavior [ RunTime:0.000574s ]
INFO: [ view_filter ] --END-- [ RunTime:0.000636s ]
INFO: [ app_end ] --START--
INFO: Run Behavior\ShowPageTraceBehavior [ RunTime:0.000721s ]
INFO: [ app_end ] --END-- [ RunTime:0.000790s ]

