[ 2017-04-15T18:34:24+08:00 ] ::1 /Project/project/index.php/Home/Index/base
INFO: [ app_init ] --START--
INFO: Run Behavior\BuildLiteBehavior [ RunTime:0.000000s ]
INFO: [ app_init ] --END-- [ RunTime:0.001000s ]
INFO: [ app_begin ] --START--
INFO: Run Behavior\ReadHtmlCacheBehavior [ RunTime:0.000000s ]
INFO: [ app_begin ] --END-- [ RunTime:0.000000s ]
SQL: SHOW COLUMNS FROM `hm_goods` [ RunTime:0.0130s ]
SQL: SHOW COLUMNS FROM `hm_type` [ RunTime:0.0130s ]
SQL: SELECT * FROM `hm_type` WHERE ( pid=16 )  [ RunTime:0.0110s ]
INFO: [ app_end ] --START--
INFO: Run Behavior\ShowPageTraceBehavior [ RunTime:0.001000s ]
INFO: [ app_end ] --END-- [ RunTime:0.001000s ]

[ 2017-04-15T18:34:24+08:00 ] ::1 /Project/project/index.php/Home/Index/base
INFO: [ app_init ] --START--
INFO: Run Behavior\BuildLiteBehavior [ RunTime:0.000000s ]
INFO: [ app_init ] --END-- [ RunTime:0.001000s ]
INFO: [ app_begin ] --START--
INFO: Run Behavior\ReadHtmlCacheBehavior [ RunTime:0.000000s ]
INFO: [ app_begin ] --END-- [ RunTime:0.000000s ]
SQL: SHOW COLUMNS FROM `hm_goods` [ RunTime:0.0140s ]
SQL: SHOW COLUMNS FROM `hm_type` [ RunTime:0.0110s ]
SQL: SELECT * FROM `hm_type` WHERE ( pid=16 )  [ RunTime:0.0100s ]
INFO: [ app_end ] --START--
INFO: Run Behavior\ShowPageTraceBehavior [ RunTime:0.001000s ]
INFO: [ app_end ] --END-- [ RunTime:0.001000s ]

[ 2017-04-15T18:34:25+08:00 ] ::1 /Project/project/index.php/Home/Index/goods/pid/16
INFO: [ app_init ] --START--
INFO: Run Behavior\BuildLiteBehavior [ RunTime:0.000000s ]
INFO: [ app_init ] --END-- [ RunTime:0.001000s ]
INFO: [ app_begin ] --START--
INFO: Run Behavior\ReadHtmlCacheBehavior [ RunTime:0.001000s ]
INFO: [ app_begin ] --END-- [ RunTime:0.001000s ]
SQL: SHOW COLUMNS FROM `hm_goods` [ RunTime:0.0210s ]
SQL: SHOW COLUMNS FROM `hm_type` [ RunTime:0.0100s ]
SQL: SELECT `id`,`name` FROM `hm_type` WHERE ( pid=0 )  [ RunTime:0.0080s ]
SQL: SELECT * FROM `hm_type` WHERE ( pid=16 )  [ RunTime:0.0250s ]
SQL: SELECT p.pic,g.id,g.name,g.price FROM hm_goods g,hm_goods_pic p,hm_type t WHERE t.pid=16 AND g.tid=t.id AND p.gid=g.id AND g.status='1' ORDER BY g.addtime DESC LIMIT 6 [ RunTime:0.0100s ]
INFO: [ view_parse ] --START--
INFO: [ template_filter ] --START--
INFO: Run Behavior\ContentReplaceBehavior [ RunTime:0.000000s ]
INFO: [ template_filter ] --END-- [ RunTime:0.000000s ]
INFO: Run Behavior\ParseTemplateBehavior [ RunTime:0.069004s ]
INFO: [ view_parse ] --END-- [ RunTime:0.070004s ]
INFO: [ view_filter ] --START--
INFO: Run Behavior\WriteHtmlCacheBehavior [ RunTime:0.002000s ]
INFO: [ view_filter ] --END-- [ RunTime:0.002000s ]
INFO: [ app_end ] --START--
INFO: Run Behavior\ShowPageTraceBehavior [ RunTime:0.002000s ]
INFO: [ app_end ] --END-- [ RunTime:0.002000s ]

[ 2017-04-15T18:34:25+08:00 ] ::1 /Project/project/index.php/Home/Index/goods/pid/%E6%97%B6%E5%B0%9A%E5%A5%B3%E8%A3%85%E2%80%94%E2%80%94%E6%BD%AE%E6%B5%81%E8%B4%AD%E7%89%A9%20_%20H&M%20CN_files/hmprod(10)
INFO: [ app_init ] --START--
INFO: Run Behavior\BuildLiteBehavior [ RunTime:0.000000s ]
INFO: [ app_init ] --END-- [ RunTime:0.001000s ]
INFO: [ app_begin ] --START--
INFO: Run Behavior\ReadHtmlCacheBehavior [ RunTime:0.000000s ]
INFO: [ app_begin ] --END-- [ RunTime:0.000000s ]
SQL: SHOW COLUMNS FROM `hm_goods` [ RunTime:0.0120s ]
SQL: SHOW COLUMNS FROM `hm_type` [ RunTime:0.0100s ]
SQL: SELECT `id`,`name` FROM `hm_type` WHERE ( pid=0 )  [ RunTime:0.0090s ]
ERR: SQLSTATE[42000]: Syntax error or access violation: 1064 You have an error in your SQL syntax; check the manual that corresponds to your MySQL server version for the right syntax to use near '_ H&amp;M CN_files )' at line 1

[ 2017-04-15T18:34:25+08:00 ] ::1 /Project/project/index.php/Home/Index/goods/pid/%E6%97%B6%E5%B0%9A%E5%A5%B3%E8%A3%85%E2%80%94%E2%80%94%E6%BD%AE%E6%B5%81%E8%B4%AD%E7%89%A9%20_%20H&M%20CN_files/hmprod
INFO: [ app_init ] --START--
INFO: Run Behavior\BuildLiteBehavior [ RunTime:0.000000s ]
INFO: [ app_init ] --END-- [ RunTime:0.000000s ]
INFO: [ app_begin ] --START--
INFO: Run Behavior\ReadHtmlCacheBehavior [ RunTime:0.001000s ]
INFO: [ app_begin ] --END-- [ RunTime:0.001000s ]
SQL: SHOW COLUMNS FROM `hm_goods` [ RunTime:0.0090s ]
SQL: SHOW COLUMNS FROM `hm_type` [ RunTime:0.0110s ]
SQL: SELECT `id`,`name` FROM `hm_type` WHERE ( pid=0 )  [ RunTime:0.0160s ]
ERR: SQLSTATE[42000]: Syntax error or access violation: 1064 You have an error in your SQL syntax; check the manual that corresponds to your MySQL server version for the right syntax to use near '_ H&amp;M CN_files )' at line 1

[ 2017-04-15T18:34:25+08:00 ] ::1 /Project/project/index.php/Home/Index/goods/pid/%E6%97%B6%E5%B0%9A%E5%A5%B3%E8%A3%85%E2%80%94%E2%80%94%E6%BD%AE%E6%B5%81%E8%B4%AD%E7%89%A9%20_%20H&M%20CN_files/hmprod(7)
INFO: [ app_init ] --START--
INFO: Run Behavior\BuildLiteBehavior [ RunTime:0.000000s ]
INFO: [ app_init ] --END-- [ RunTime:0.001000s ]
INFO: [ app_begin ] --START--
INFO: Run Behavior\ReadHtmlCacheBehavior [ RunTime:0.000000s ]
INFO: [ app_begin ] --END-- [ RunTime:0.000000s ]
SQL: SHOW COLUMNS FROM `hm_goods` [ RunTime:0.0100s ]
SQL: SHOW COLUMNS FROM `hm_type` [ RunTime:0.0090s ]
SQL: SELECT `id`,`name` FROM `hm_type` WHERE ( pid=0 )  [ RunTime:0.0170s ]
ERR: SQLSTATE[42000]: Syntax error or access violation: 1064 You have an error in your SQL syntax; check the manual that corresponds to your MySQL server version for the right syntax to use near '_ H&amp;M CN_files )' at line 1

[ 2017-04-15T18:34:26+08:00 ] ::1 /Project/project/index.php/Home/Index/goods/pid/%E6%97%B6%E5%B0%9A%E5%A5%B3%E8%A3%85%E2%80%94%E2%80%94%E6%BD%AE%E6%B5%81%E8%B4%AD%E7%89%A9%20_%20H&M%20CN_files/hmprod(12)
INFO: [ app_init ] --START--
INFO: Run Behavior\BuildLiteBehavior [ RunTime:0.000000s ]
INFO: [ app_init ] --END-- [ RunTime:0.000000s ]
INFO: [ app_begin ] --START--
INFO: Run Behavior\ReadHtmlCacheBehavior [ RunTime:0.000000s ]
INFO: [ app_begin ] --END-- [ RunTime:0.001000s ]
SQL: SHOW COLUMNS FROM `hm_goods` [ RunTime:0.0180s ]
SQL: SHOW COLUMNS FROM `hm_type` [ RunTime:0.0090s ]
SQL: SELECT `id`,`name` FROM `hm_type` WHERE ( pid=0 )  [ RunTime:0.0090s ]
ERR: SQLSTATE[42000]: Syntax error or access violation: 1064 You have an error in your SQL syntax; check the manual that corresponds to your MySQL server version for the right syntax to use near '_ H&amp;M CN_files )' at line 1

[ 2017-04-15T18:34:26+08:00 ] ::1 /Project/project/index.php/Home/Index/goods/pid/%E6%97%B6%E5%B0%9A%E5%A5%B3%E8%A3%85%E2%80%94%E2%80%94%E6%BD%AE%E6%B5%81%E8%B4%AD%E7%89%A9%20_%20H&M%20CN_files/hmprod(9)
INFO: [ app_init ] --START--
INFO: Run Behavior\BuildLiteBehavior [ RunTime:0.000000s ]
INFO: [ app_init ] --END-- [ RunTime:0.000000s ]
INFO: [ app_begin ] --START--
INFO: Run Behavior\ReadHtmlCacheBehavior [ RunTime:0.001000s ]
INFO: [ app_begin ] --END-- [ RunTime:0.001000s ]
SQL: SHOW COLUMNS FROM `hm_goods` [ RunTime:0.0140s ]
SQL: SHOW COLUMNS FROM `hm_type` [ RunTime:0.0190s ]
SQL: SELECT `id`,`name` FROM `hm_type` WHERE ( pid=0 )  [ RunTime:0.0160s ]
ERR: SQLSTATE[42000]: Syntax error or access violation: 1064 You have an error in your SQL syntax; check the manual that corresponds to your MySQL server version for the right syntax to use near '_ H&amp;M CN_files )' at line 1

[ 2017-04-15T18:34:26+08:00 ] ::1 /Project/project/index.php/Home/Index/goods/pid/%E6%97%B6%E5%B0%9A%E5%A5%B3%E8%A3%85%E2%80%94%E2%80%94%E6%BD%AE%E6%B5%81%E8%B4%AD%E7%89%A9%20_%20H&M%20CN_files/hmprod(8)
INFO: [ app_init ] --START--
INFO: Run Behavior\BuildLiteBehavior [ RunTime:0.000000s ]
INFO: [ app_init ] --END-- [ RunTime:0.000000s ]
INFO: [ app_begin ] --START--
INFO: Run Behavior\ReadHtmlCacheBehavior [ RunTime:0.001000s ]
INFO: [ app_begin ] --END-- [ RunTime:0.001000s ]
SQL: SHOW COLUMNS FROM `hm_goods` [ RunTime:0.0150s ]
SQL: SHOW COLUMNS FROM `hm_type` [ RunTime:0.0100s ]
SQL: SELECT `id`,`name` FROM `hm_type` WHERE ( pid=0 )  [ RunTime:0.0140s ]
ERR: SQLSTATE[42000]: Syntax error or access violation: 1064 You have an error in your SQL syntax; check the manual that corresponds to your MySQL server version for the right syntax to use near '_ H&amp;M CN_files )' at line 1

[ 2017-04-15T18:34:26+08:00 ] ::1 /Project/project/index.php/Home/Index/base
INFO: [ app_init ] --START--
INFO: Run Behavior\BuildLiteBehavior [ RunTime:0.000000s ]
INFO: [ app_init ] --END-- [ RunTime:0.001000s ]
INFO: [ app_begin ] --START--
INFO: Run Behavior\ReadHtmlCacheBehavior [ RunTime:0.001000s ]
INFO: [ app_begin ] --END-- [ RunTime:0.001000s ]
SQL: SHOW COLUMNS FROM `hm_goods` [ RunTime:0.0220s ]
SQL: SHOW COLUMNS FROM `hm_type` [ RunTime:0.0100s ]
SQL: SELECT * FROM `hm_type` WHERE ( pid=16 )  [ RunTime:0.0220s ]
INFO: [ app_end ] --START--
INFO: Run Behavior\ShowPageTraceBehavior [ RunTime:0.001000s ]
INFO: [ app_end ] --END-- [ RunTime:0.001000s ]

[ 2017-04-15T18:35:29+08:00 ] ::1 /Project/project/index.php/Home/Index/index
INFO: [ app_init ] --START--
INFO: Run Behavior\BuildLiteBehavior [ RunTime:0.000000s ]
INFO: [ app_init ] --END-- [ RunTime:0.000000s ]
INFO: [ app_begin ] --START--
INFO: Run Behavior\ReadHtmlCacheBehavior [ RunTime:0.000000s ]
INFO: [ app_begin ] --END-- [ RunTime:0.000000s ]
SQL: SHOW COLUMNS FROM `hm_goods` [ RunTime:0.0150s ]
SQL: SHOW COLUMNS FROM `hm_type` [ RunTime:0.0110s ]
SQL: SELECT `id`,`name` FROM `hm_type` WHERE ( pid=0 )  [ RunTime:0.0120s ]
SQL: SHOW COLUMNS FROM `hm_cart` [ RunTime:0.0140s ]
INFO: [ view_parse ] --START--
INFO: [ template_filter ] --START--
INFO: Run Behavior\ContentReplaceBehavior [ RunTime:0.000000s ]
INFO: [ template_filter ] --END-- [ RunTime:0.000000s ]
INFO: Run Behavior\ParseTemplateBehavior [ RunTime:0.017001s ]
INFO: [ view_parse ] --END-- [ RunTime:0.017001s ]
INFO: [ view_filter ] --START--
INFO: Run Behavior\WriteHtmlCacheBehavior [ RunTime:0.000000s ]
INFO: [ view_filter ] --END-- [ RunTime:0.000000s ]
INFO: [ app_end ] --START--
INFO: Run Behavior\ShowPageTraceBehavior [ RunTime:0.001000s ]
INFO: [ app_end ] --END-- [ RunTime:0.001000s ]

[ 2017-04-15T18:35:38+08:00 ] ::1 /Project/project/index.php/Home/Index/base
INFO: [ app_init ] --START--
INFO: Run Behavior\BuildLiteBehavior [ RunTime:0.000000s ]
INFO: [ app_init ] --END-- [ RunTime:0.000000s ]
INFO: [ app_begin ] --START--
INFO: Run Behavior\ReadHtmlCacheBehavior [ RunTime:0.000000s ]
INFO: [ app_begin ] --END-- [ RunTime:0.001000s ]
SQL: SHOW COLUMNS FROM `hm_goods` [ RunTime:0.0120s ]
SQL: SHOW COLUMNS FROM `hm_type` [ RunTime:0.0100s ]
SQL: SELECT * FROM `hm_type` WHERE ( pid=19 )  [ RunTime:0.0100s ]
INFO: [ app_end ] --START--
INFO: Run Behavior\ShowPageTraceBehavior [ RunTime:0.003000s ]
INFO: [ app_end ] --END-- [ RunTime:0.003000s ]

[ 2017-04-15T18:35:39+08:00 ] ::1 /Project/project/index.php/Home/Index/base
INFO: [ app_init ] --START--
INFO: Run Behavior\BuildLiteBehavior [ RunTime:0.000000s ]
INFO: [ app_init ] --END-- [ RunTime:0.000000s ]
INFO: [ app_begin ] --START--
INFO: Run Behavior\ReadHtmlCacheBehavior [ RunTime:0.001000s ]
INFO: [ app_begin ] --END-- [ RunTime:0.001000s ]
SQL: SHOW COLUMNS FROM `hm_goods` [ RunTime:0.0110s ]
SQL: SHOW COLUMNS FROM `hm_type` [ RunTime:0.0120s ]
SQL: SELECT * FROM `hm_type` WHERE ( pid=16 )  [ RunTime:0.0110s ]
INFO: [ app_end ] --START--
INFO: Run Behavior\ShowPageTraceBehavior [ RunTime:0.002000s ]
INFO: [ app_end ] --END-- [ RunTime:0.002000s ]

[ 2017-04-15T18:35:42+08:00 ] ::1 /Project/project/index.php/Home/Index/goodsList/tid/31/pid/16
INFO: [ app_init ] --START--
INFO: Run Behavior\BuildLiteBehavior [ RunTime:0.000000s ]
INFO: [ app_init ] --END-- [ RunTime:0.001000s ]
INFO: [ app_begin ] --START--
INFO: Run Behavior\ReadHtmlCacheBehavior [ RunTime:0.001000s ]
INFO: [ app_begin ] --END-- [ RunTime:0.001000s ]
SQL: SHOW COLUMNS FROM `hm_goods` [ RunTime:0.0100s ]
SQL: SHOW COLUMNS FROM `hm_type` [ RunTime:0.0100s ]
SQL: SELECT `id`,`name` FROM `hm_type` WHERE ( pid=0 )  [ RunTime:0.0120s ]
SQL: SELECT * FROM `hm_type` WHERE ( pid=16 )  [ RunTime:0.0140s ]
SQL: SHOW COLUMNS FROM `hm_goods` [ RunTime:0.0120s ]
SQL: SELECT `id`,`name`,`price` FROM `hm_goods` WHERE ( tid=31 )  [ RunTime:0.0100s ]
SQL: SHOW COLUMNS FROM `hm_goods_pic` [ RunTime:0.0090s ]
SQL: SELECT `pic` FROM `hm_goods_pic` WHERE ( gid=161 )  [ RunTime:0.0170s ]
SQL: SHOW COLUMNS FROM `hm_stock` [ RunTime:0.0110s ]
SQL: SELECT `aid` FROM `hm_stock` WHERE ( gid=161 )  [ RunTime:0.0110s ]
SQL: SHOW COLUMNS FROM `hm_attr` [ RunTime:0.0100s ]
SQL: SELECT `attrName` FROM `hm_attr` WHERE `id` = 2  [ RunTime:0.0170s ]
SQL: SELECT `attrName` FROM `hm_attr` WHERE `id` = 4  [ RunTime:0.0170s ]
SQL: SELECT `attrName` FROM `hm_attr` WHERE ( attrType=1 )  [ RunTime:0.0120s ]
SQL: SELECT `attrName` FROM `hm_attr` WHERE ( attrType=2 )  [ RunTime:0.0090s ]
INFO: [ view_parse ] --START--
INFO: [ template_filter ] --START--
INFO: Run Behavior\ContentReplaceBehavior [ RunTime:0.001000s ]
INFO: [ template_filter ] --END-- [ RunTime:0.001000s ]
INFO: Run Behavior\ParseTemplateBehavior [ RunTime:0.060004s ]
INFO: [ view_parse ] --END-- [ RunTime:0.060004s ]
INFO: [ view_filter ] --START--
INFO: Run Behavior\WriteHtmlCacheBehavior [ RunTime:0.001000s ]
INFO: [ view_filter ] --END-- [ RunTime:0.001000s ]
INFO: [ app_end ] --START--
INFO: Run Behavior\ShowPageTraceBehavior [ RunTime:0.001000s ]
INFO: [ app_end ] --END-- [ RunTime:0.001000s ]

[ 2017-04-15T18:35:55+08:00 ] ::1 /Project/project/index.php/Home/Index/base
INFO: [ app_init ] --START--
INFO: Run Behavior\BuildLiteBehavior [ RunTime:0.000000s ]
INFO: [ app_init ] --END-- [ RunTime:0.000000s ]
INFO: [ app_begin ] --START--
INFO: Run Behavior\ReadHtmlCacheBehavior [ RunTime:0.001001s ]
INFO: [ app_begin ] --END-- [ RunTime:0.001001s ]
SQL: SHOW COLUMNS FROM `hm_goods` [ RunTime:0.0120s ]
SQL: SHOW COLUMNS FROM `hm_type` [ RunTime:0.0120s ]
SQL: SELECT * FROM `hm_type` WHERE ( pid=19 )  [ RunTime:0.0120s ]
INFO: [ app_end ] --START--
INFO: Run Behavior\ShowPageTraceBehavior [ RunTime:0.002000s ]
INFO: [ app_end ] --END-- [ RunTime:0.002000s ]

[ 2017-04-15T18:35:56+08:00 ] ::1 /Project/project/index.php/Home/Index/goods/pid/19
INFO: [ app_init ] --START--
INFO: Run Behavior\BuildLiteBehavior [ RunTime:0.000000s ]
INFO: [ app_init ] --END-- [ RunTime:0.000000s ]
INFO: [ app_begin ] --START--
INFO: Run Behavior\ReadHtmlCacheBehavior [ RunTime:0.001000s ]
INFO: [ app_begin ] --END-- [ RunTime:0.001000s ]
SQL: SHOW COLUMNS FROM `hm_goods` [ RunTime:0.0100s ]
SQL: SHOW COLUMNS FROM `hm_type` [ RunTime:0.0150s ]
SQL: SELECT `id`,`name` FROM `hm_type` WHERE ( pid=0 )  [ RunTime:0.0180s ]
SQL: SELECT * FROM `hm_type` WHERE ( pid=19 )  [ RunTime:0.0120s ]
SQL: SELECT p.pic,g.id,g.name,g.price FROM hm_goods g,hm_goods_pic p,hm_type t WHERE t.pid=19 AND g.tid=t.id AND p.gid=g.id AND g.status='1' ORDER BY g.addtime DESC LIMIT 6 [ RunTime:0.0110s ]
INFO: [ view_parse ] --START--
INFO: [ template_filter ] --START--
INFO: Run Behavior\ContentReplaceBehavior [ RunTime:0.001000s ]
INFO: [ template_filter ] --END-- [ RunTime:0.001000s ]
INFO: Run Behavior\ParseTemplateBehavior [ RunTime:0.033001s ]
INFO: [ view_parse ] --END-- [ RunTime:0.033001s ]
INFO: [ view_filter ] --START--
INFO: Run Behavior\WriteHtmlCacheBehavior [ RunTime:0.001001s ]
INFO: [ view_filter ] --END-- [ RunTime:0.001001s ]
INFO: [ app_end ] --START--
INFO: Run Behavior\ShowPageTraceBehavior [ RunTime:0.003000s ]
INFO: [ app_end ] --END-- [ RunTime:0.003000s ]

[ 2017-04-15T18:35:56+08:00 ] ::1 /Project/project/index.php/Home/Index/goods/pid/%E6%97%B6%E5%B0%9A%E5%A5%B3%E8%A3%85%E2%80%94%E2%80%94%E6%BD%AE%E6%B5%81%E8%B4%AD%E7%89%A9%20_%20H&M%20CN_files/hmprod
INFO: [ app_init ] --START--
INFO: Run Behavior\BuildLiteBehavior [ RunTime:0.000000s ]
INFO: [ app_init ] --END-- [ RunTime:0.001000s ]
INFO: [ app_begin ] --START--
INFO: Run Behavior\ReadHtmlCacheBehavior [ RunTime:0.001000s ]
INFO: [ app_begin ] --END-- [ RunTime:0.001000s ]
SQL: SHOW COLUMNS FROM `hm_goods` [ RunTime:0.0110s ]
SQL: SHOW COLUMNS FROM `hm_type` [ RunTime:0.0110s ]
SQL: SELECT `id`,`name` FROM `hm_type` WHERE ( pid=0 )  [ RunTime:0.0100s ]
ERR: SQLSTATE[42000]: Syntax error or access violation: 1064 You have an error in your SQL syntax; check the manual that corresponds to your MySQL server version for the right syntax to use near '_ H&amp;M CN_files )' at line 1

[ 2017-04-15T18:35:56+08:00 ] ::1 /Project/project/index.php/Home/Index/goods/pid/%E6%97%B6%E5%B0%9A%E5%A5%B3%E8%A3%85%E2%80%94%E2%80%94%E6%BD%AE%E6%B5%81%E8%B4%AD%E7%89%A9%20_%20H&M%20CN_files/hmprod(7)
INFO: [ app_init ] --START--
INFO: Run Behavior\BuildLiteBehavior [ RunTime:0.000000s ]
INFO: [ app_init ] --END-- [ RunTime:0.009001s ]
INFO: [ app_begin ] --START--
INFO: Run Behavior\ReadHtmlCacheBehavior [ RunTime:0.001000s ]
INFO: [ app_begin ] --END-- [ RunTime:0.001000s ]
SQL: SHOW COLUMNS FROM `hm_goods` [ RunTime:0.0290s ]
SQL: SHOW COLUMNS FROM `hm_type` [ RunTime:0.0100s ]
SQL: SELECT `id`,`name` FROM `hm_type` WHERE ( pid=0 )  [ RunTime:0.0210s ]
ERR: SQLSTATE[42000]: Syntax error or access violation: 1064 You have an error in your SQL syntax; check the manual that corresponds to your MySQL server version for the right syntax to use near '_ H&amp;M CN_files )' at line 1

[ 2017-04-15T18:35:56+08:00 ] ::1 /Project/project/index.php/Home/Index/goods/pid/%E6%97%B6%E5%B0%9A%E5%A5%B3%E8%A3%85%E2%80%94%E2%80%94%E6%BD%AE%E6%B5%81%E8%B4%AD%E7%89%A9%20_%20H&M%20CN_files/hmprod(8)
INFO: [ app_init ] --START--
INFO: Run Behavior\BuildLiteBehavior [ RunTime:0.000000s ]
INFO: [ app_init ] --END-- [ RunTime:0.001000s ]
INFO: [ app_begin ] --START--
INFO: Run Behavior\ReadHtmlCacheBehavior [ RunTime:0.000000s ]
INFO: [ app_begin ] --END-- [ RunTime:0.000000s ]
SQL: SHOW COLUMNS FROM `hm_goods` [ RunTime:0.0190s ]
SQL: SHOW COLUMNS FROM `hm_type` [ RunTime:0.0220s ]
SQL: SELECT `id`,`name` FROM `hm_type` WHERE ( pid=0 )  [ RunTime:0.0160s ]
ERR: SQLSTATE[42000]: Syntax error or access violation: 1064 You have an error in your SQL syntax; check the manual that corresponds to your MySQL server version for the right syntax to use near '_ H&amp;M CN_files )' at line 1

[ 2017-04-15T18:35:57+08:00 ] ::1 /Project/project/index.php/Home/Index/goods/pid/%E6%97%B6%E5%B0%9A%E5%A5%B3%E8%A3%85%E2%80%94%E2%80%94%E6%BD%AE%E6%B5%81%E8%B4%AD%E7%89%A9%20_%20H&M%20CN_files/hmprod(9)
INFO: [ app_init ] --START--
INFO: Run Behavior\BuildLiteBehavior [ RunTime:0.000000s ]
INFO: [ app_init ] --END-- [ RunTime:0.000000s ]
INFO: [ app_begin ] --START--
INFO: Run Behavior\ReadHtmlCacheBehavior [ RunTime:0.000000s ]
INFO: [ app_begin ] --END-- [ RunTime:0.000000s ]
SQL: SHOW COLUMNS FROM `hm_goods` [ RunTime:0.0160s ]
SQL: SHOW COLUMNS FROM `hm_type` [ RunTime:0.0260s ]
SQL: SELECT `id`,`name` FROM `hm_type` WHERE ( pid=0 )  [ RunTime:0.0270s ]
ERR: SQLSTATE[42000]: Syntax error or access violation: 1064 You have an error in your SQL syntax; check the manual that corresponds to your MySQL server version for the right syntax to use near '_ H&amp;M CN_files )' at line 1

[ 2017-04-15T18:35:57+08:00 ] ::1 /Project/project/index.php/Home/Index/goods/pid/%E6%97%B6%E5%B0%9A%E5%A5%B3%E8%A3%85%E2%80%94%E2%80%94%E6%BD%AE%E6%B5%81%E8%B4%AD%E7%89%A9%20_%20H&M%20CN_files/hmprod(10)
INFO: [ app_init ] --START--
INFO: Run Behavior\BuildLiteBehavior [ RunTime:0.000000s ]
INFO: [ app_init ] --END-- [ RunTime:0.001000s ]
INFO: [ app_begin ] --START--
INFO: Run Behavior\ReadHtmlCacheBehavior [ RunTime:0.001000s ]
INFO: [ app_begin ] --END-- [ RunTime:0.001000s ]
SQL: SHOW COLUMNS FROM `hm_goods` [ RunTime:0.0160s ]
SQL: SHOW COLUMNS FROM `hm_type` [ RunTime:0.0110s ]
SQL: SELECT `id`,`name` FROM `hm_type` WHERE ( pid=0 )  [ RunTime:0.0100s ]
ERR: SQLSTATE[42000]: Syntax error or access violation: 1064 You have an error in your SQL syntax; check the manual that corresponds to your MySQL server version for the right syntax to use near '_ H&amp;M CN_files )' at line 1

[ 2017-04-15T18:35:57+08:00 ] ::1 /Project/project/index.php/Home/Index/goods/pid/%E6%97%B6%E5%B0%9A%E5%A5%B3%E8%A3%85%E2%80%94%E2%80%94%E6%BD%AE%E6%B5%81%E8%B4%AD%E7%89%A9%20_%20H&M%20CN_files/hmprod(12)
INFO: [ app_init ] --START--
INFO: Run Behavior\BuildLiteBehavior [ RunTime:0.000000s ]
INFO: [ app_init ] --END-- [ RunTime:0.001000s ]
INFO: [ app_begin ] --START--
INFO: Run Behavior\ReadHtmlCacheBehavior [ RunTime:0.001000s ]
INFO: [ app_begin ] --END-- [ RunTime:0.001000s ]
SQL: SHOW COLUMNS FROM `hm_goods` [ RunTime:0.0220s ]
SQL: SHOW COLUMNS FROM `hm_type` [ RunTime:0.0100s ]
SQL: SELECT `id`,`name` FROM `hm_type` WHERE ( pid=0 )  [ RunTime:0.0100s ]
ERR: SQLSTATE[42000]: Syntax error or access violation: 1064 You have an error in your SQL syntax; check the manual that corresponds to your MySQL server version for the right syntax to use near '_ H&amp;M CN_files )' at line 1

[ 2017-04-15T18:35:57+08:00 ] ::1 /Project/project/index.php/Home/Index/base
INFO: [ app_init ] --START--
INFO: Run Behavior\BuildLiteBehavior [ RunTime:0.000000s ]
INFO: [ app_init ] --END-- [ RunTime:0.001000s ]
INFO: [ app_begin ] --START--
INFO: Run Behavior\ReadHtmlCacheBehavior [ RunTime:0.001000s ]
INFO: [ app_begin ] --END-- [ RunTime:0.001000s ]
SQL: SHOW COLUMNS FROM `hm_goods` [ RunTime:0.0320s ]
SQL: SHOW COLUMNS FROM `hm_type` [ RunTime:0.0120s ]
SQL: SELECT * FROM `hm_type` WHERE ( pid=19 )  [ RunTime:0.0090s ]
INFO: [ app_end ] --START--
INFO: Run Behavior\ShowPageTraceBehavior [ RunTime:0.001000s ]
INFO: [ app_end ] --END-- [ RunTime:0.001000s ]

[ 2017-04-15T18:35:58+08:00 ] ::1 /Project/project/index.php/Home/Index/base
INFO: [ app_init ] --START--
INFO: Run Behavior\BuildLiteBehavior [ RunTime:0.000000s ]
INFO: [ app_init ] --END-- [ RunTime:0.001000s ]
INFO: [ app_begin ] --START--
INFO: Run Behavior\ReadHtmlCacheBehavior [ RunTime:0.001000s ]
INFO: [ app_begin ] --END-- [ RunTime:0.001000s ]
SQL: SHOW COLUMNS FROM `hm_goods` [ RunTime:0.0110s ]
SQL: SHOW COLUMNS FROM `hm_type` [ RunTime:0.0090s ]
SQL: SELECT * FROM `hm_type` WHERE ( pid=20 )  [ RunTime:0.0090s ]
INFO: [ app_end ] --START--
INFO: Run Behavior\ShowPageTraceBehavior [ RunTime:0.002000s ]
INFO: [ app_end ] --END-- [ RunTime:0.002000s ]

[ 2017-04-15T18:35:58+08:00 ] ::1 /Project/project/index.php/Home/Index/goods/pid/20
INFO: [ app_init ] --START--
INFO: Run Behavior\BuildLiteBehavior [ RunTime:0.000000s ]
INFO: [ app_init ] --END-- [ RunTime:0.001001s ]
INFO: [ app_begin ] --START--
INFO: Run Behavior\ReadHtmlCacheBehavior [ RunTime:0.001000s ]
INFO: [ app_begin ] --END-- [ RunTime:0.001000s ]
SQL: SHOW COLUMNS FROM `hm_goods` [ RunTime:0.0180s ]
SQL: SHOW COLUMNS FROM `hm_type` [ RunTime:0.0180s ]
SQL: SELECT `id`,`name` FROM `hm_type` WHERE ( pid=0 )  [ RunTime:0.0200s ]
SQL: SELECT * FROM `hm_type` WHERE ( pid=20 )  [ RunTime:0.0100s ]
SQL: SELECT p.pic,g.id,g.name,g.price FROM hm_goods g,hm_goods_pic p,hm_type t WHERE t.pid=20 AND g.tid=t.id AND p.gid=g.id AND g.status='1' ORDER BY g.addtime DESC LIMIT 6 [ RunTime:0.0090s ]
INFO: [ view_parse ] --START--
INFO: [ template_filter ] --START--
INFO: Run Behavior\ContentReplaceBehavior [ RunTime:0.001000s ]
INFO: [ template_filter ] --END-- [ RunTime:0.001000s ]
INFO: Run Behavior\ParseTemplateBehavior [ RunTime:0.039002s ]
INFO: [ view_parse ] --END-- [ RunTime:0.039002s ]
INFO: [ view_filter ] --START--
INFO: Run Behavior\WriteHtmlCacheBehavior [ RunTime:0.001000s ]
INFO: [ view_filter ] --END-- [ RunTime:0.001000s ]
INFO: [ app_end ] --START--
INFO: Run Behavior\ShowPageTraceBehavior [ RunTime:0.001000s ]
INFO: [ app_end ] --END-- [ RunTime:0.001000s ]

[ 2017-04-15T18:35:59+08:00 ] ::1 /Project/project/index.php/Home/Index/goods/pid/%E6%97%B6%E5%B0%9A%E5%A5%B3%E8%A3%85%E2%80%94%E2%80%94%E6%BD%AE%E6%B5%81%E8%B4%AD%E7%89%A9%20_%20H&M%20CN_files/hmprod(10)
INFO: [ app_init ] --START--
INFO: Run Behavior\BuildLiteBehavior [ RunTime:0.000000s ]
INFO: [ app_init ] --END-- [ RunTime:0.000000s ]
INFO: [ app_begin ] --START--
INFO: Run Behavior\ReadHtmlCacheBehavior [ RunTime:0.001000s ]
INFO: [ app_begin ] --END-- [ RunTime:0.001000s ]
SQL: SHOW COLUMNS FROM `hm_goods` [ RunTime:0.0200s ]
SQL: SHOW COLUMNS FROM `hm_type` [ RunTime:0.0090s ]
SQL: SELECT `id`,`name` FROM `hm_type` WHERE ( pid=0 )  [ RunTime:0.0100s ]
ERR: SQLSTATE[42000]: Syntax error or access violation: 1064 You have an error in your SQL syntax; check the manual that corresponds to your MySQL server version for the right syntax to use near '_ H&amp;M CN_files )' at line 1

[ 2017-04-15T18:35:59+08:00 ] ::1 /Project/project/index.php/Home/Index/goods/pid/%E6%97%B6%E5%B0%9A%E5%A5%B3%E8%A3%85%E2%80%94%E2%80%94%E6%BD%AE%E6%B5%81%E8%B4%AD%E7%89%A9%20_%20H&M%20CN_files/hmprod(9)
INFO: [ app_init ] --START--
INFO: Run Behavior\BuildLiteBehavior [ RunTime:0.000000s ]
INFO: [ app_init ] --END-- [ RunTime:0.000000s ]
INFO: [ app_begin ] --START--
INFO: Run Behavior\ReadHtmlCacheBehavior [ RunTime:0.000000s ]
INFO: [ app_begin ] --END-- [ RunTime:0.000000s ]
SQL: SHOW COLUMNS FROM `hm_goods` [ RunTime:0.0100s ]
SQL: SHOW COLUMNS FROM `hm_type` [ RunTime:0.0100s ]
SQL: SELECT `id`,`name` FROM `hm_type` WHERE ( pid=0 )  [ RunTime:0.0100s ]
ERR: SQLSTATE[42000]: Syntax error or access violation: 1064 You have an error in your SQL syntax; check the manual that corresponds to your MySQL server version for the right syntax to use near '_ H&amp;M CN_files )' at line 1

[ 2017-04-15T18:35:59+08:00 ] ::1 /Project/project/index.php/Home/Index/goods/pid/%E6%97%B6%E5%B0%9A%E5%A5%B3%E8%A3%85%E2%80%94%E2%80%94%E6%BD%AE%E6%B5%81%E8%B4%AD%E7%89%A9%20_%20H&M%20CN_files/hmprod
INFO: [ app_init ] --START--
INFO: Run Behavior\BuildLiteBehavior [ RunTime:0.000000s ]
INFO: [ app_init ] --END-- [ RunTime:0.002000s ]
INFO: [ app_begin ] --START--
INFO: Run Behavior\ReadHtmlCacheBehavior [ RunTime:0.000000s ]
INFO: [ app_begin ] --END-- [ RunTime:0.000000s ]
SQL: SHOW COLUMNS FROM `hm_goods` [ RunTime:0.0260s ]
SQL: SHOW COLUMNS FROM `hm_type` [ RunTime:0.0140s ]
SQL: SELECT `id`,`name` FROM `hm_type` WHERE ( pid=0 )  [ RunTime:0.0150s ]
ERR: SQLSTATE[42000]: Syntax error or access violation: 1064 You have an error in your SQL syntax; check the manual that corresponds to your MySQL server version for the right syntax to use near '_ H&amp;M CN_files )' at line 1

[ 2017-04-15T18:35:59+08:00 ] ::1 /Project/project/index.php/Home/Index/goods/pid/%E6%97%B6%E5%B0%9A%E5%A5%B3%E8%A3%85%E2%80%94%E2%80%94%E6%BD%AE%E6%B5%81%E8%B4%AD%E7%89%A9%20_%20H&M%20CN_files/hmprod(8)
INFO: [ app_init ] --START--
INFO: Run Behavior\BuildLiteBehavior [ RunTime:0.000000s ]
INFO: [ app_init ] --END-- [ RunTime:0.001000s ]
INFO: [ app_begin ] --START--
INFO: Run Behavior\ReadHtmlCacheBehavior [ RunTime:0.001000s ]
INFO: [ app_begin ] --END-- [ RunTime:0.001000s ]
SQL: SHOW COLUMNS FROM `hm_goods` [ RunTime:0.0110s ]
SQL: SHOW COLUMNS FROM `hm_type` [ RunTime:0.0110s ]
SQL: SELECT `id`,`name` FROM `hm_type` WHERE ( pid=0 )  [ RunTime:0.0760s ]
ERR: SQLSTATE[42000]: Syntax error or access violation: 1064 You have an error in your SQL syntax; check the manual that corresponds to your MySQL server version for the right syntax to use near '_ H&amp;M CN_files )' at line 1

[ 2017-04-15T18:35:59+08:00 ] ::1 /Project/project/index.php/Home/Index/goods/pid/%E6%97%B6%E5%B0%9A%E5%A5%B3%E8%A3%85%E2%80%94%E2%80%94%E6%BD%AE%E6%B5%81%E8%B4%AD%E7%89%A9%20_%20H&M%20CN_files/hmprod(7)
INFO: [ app_init ] --START--
INFO: Run Behavior\BuildLiteBehavior [ RunTime:0.000000s ]
INFO: [ app_init ] --END-- [ RunTime:0.000000s ]
INFO: [ app_begin ] --START--
INFO: Run Behavior\ReadHtmlCacheBehavior [ RunTime:0.001001s ]
INFO: [ app_begin ] --END-- [ RunTime:0.001001s ]
SQL: SHOW COLUMNS FROM `hm_goods` [ RunTime:0.0520s ]
SQL: SHOW COLUMNS FROM `hm_type` [ RunTime:0.0080s ]
SQL: SELECT `id`,`name` FROM `hm_type` WHERE ( pid=0 )  [ RunTime:0.0080s ]
ERR: SQLSTATE[42000]: Syntax error or access violation: 1064 You have an error in your SQL syntax; check the manual that corresponds to your MySQL server version for the right syntax to use near '_ H&amp;M CN_files )' at line 1

[ 2017-04-15T18:35:59+08:00 ] ::1 /Project/project/index.php/Home/Index/goods/pid/%E6%97%B6%E5%B0%9A%E5%A5%B3%E8%A3%85%E2%80%94%E2%80%94%E6%BD%AE%E6%B5%81%E8%B4%AD%E7%89%A9%20_%20H&M%20CN_files/hmprod(12)
INFO: [ app_init ] --START--
INFO: Run Behavior\BuildLiteBehavior [ RunTime:0.000000s ]
INFO: [ app_init ] --END-- [ RunTime:0.001000s ]
INFO: [ app_begin ] --START--
INFO: Run Behavior\ReadHtmlCacheBehavior [ RunTime:0.002000s ]
INFO: [ app_begin ] --END-- [ RunTime:0.002000s ]
SQL: SHOW COLUMNS FROM `hm_goods` [ RunTime:0.0100s ]
SQL: SHOW COLUMNS FROM `hm_type` [ RunTime:0.0100s ]
SQL: SELECT `id`,`name` FROM `hm_type` WHERE ( pid=0 )  [ RunTime:0.0110s ]
ERR: SQLSTATE[42000]: Syntax error or access violation: 1064 You have an error in your SQL syntax; check the manual that corresponds to your MySQL server version for the right syntax to use near '_ H&amp;M CN_files )' at line 1

[ 2017-04-15T18:35:59+08:00 ] ::1 /Project/project/index.php/Home/Index/base
INFO: [ app_init ] --START--
INFO: Run Behavior\BuildLiteBehavior [ RunTime:0.000000s ]
INFO: [ app_init ] --END-- [ RunTime:0.001000s ]
INFO: [ app_begin ] --START--
INFO: Run Behavior\ReadHtmlCacheBehavior [ RunTime:0.000000s ]
INFO: [ app_begin ] --END-- [ RunTime:0.000000s ]
SQL: SHOW COLUMNS FROM `hm_goods` [ RunTime:0.0100s ]
SQL: SHOW COLUMNS FROM `hm_type` [ RunTime:0.0100s ]
SQL: SELECT * FROM `hm_type` WHERE ( pid=20 )  [ RunTime:0.0100s ]
INFO: [ app_end ] --START--
INFO: Run Behavior\ShowPageTraceBehavior [ RunTime:0.001001s ]
INFO: [ app_end ] --END-- [ RunTime:0.001001s ]

[ 2017-04-15T18:36:00+08:00 ] ::1 /Project/project/index.php/Home/Index/base
INFO: [ app_init ] --START--
INFO: Run Behavior\BuildLiteBehavior [ RunTime:0.000000s ]
INFO: [ app_init ] --END-- [ RunTime:0.001000s ]
INFO: [ app_begin ] --START--
INFO: Run Behavior\ReadHtmlCacheBehavior [ RunTime:0.001000s ]
INFO: [ app_begin ] --END-- [ RunTime:0.001000s ]
SQL: SHOW COLUMNS FROM `hm_goods` [ RunTime:0.0100s ]
SQL: SHOW COLUMNS FROM `hm_type` [ RunTime:0.0100s ]
SQL: SELECT * FROM `hm_type` WHERE ( pid=21 )  [ RunTime:0.0110s ]
INFO: [ app_end ] --START--
INFO: Run Behavior\ShowPageTraceBehavior [ RunTime:0.001000s ]
INFO: [ app_end ] --END-- [ RunTime:0.001000s ]

[ 2017-04-15T18:36:00+08:00 ] ::1 /Project/project/index.php/Home/Index/goods/pid/21
INFO: [ app_init ] --START--
INFO: Run Behavior\BuildLiteBehavior [ RunTime:0.000000s ]
INFO: [ app_init ] --END-- [ RunTime:0.000000s ]
INFO: [ app_begin ] --START--
INFO: Run Behavior\ReadHtmlCacheBehavior [ RunTime:0.000000s ]
INFO: [ app_begin ] --END-- [ RunTime:0.000000s ]
SQL: SHOW COLUMNS FROM `hm_goods` [ RunTime:0.0200s ]
SQL: SHOW COLUMNS FROM `hm_type` [ RunTime:0.0170s ]
SQL: SELECT `id`,`name` FROM `hm_type` WHERE ( pid=0 )  [ RunTime:0.0120s ]
SQL: SELECT * FROM `hm_type` WHERE ( pid=21 )  [ RunTime:0.0100s ]
SQL: SELECT p.pic,g.id,g.name,g.price FROM hm_goods g,hm_goods_pic p,hm_type t WHERE t.pid=21 AND g.tid=t.id AND p.gid=g.id AND g.status='1' ORDER BY g.addtime DESC LIMIT 6 [ RunTime:0.0190s ]
INFO: [ view_parse ] --START--
INFO: [ template_filter ] --START--
INFO: Run Behavior\ContentReplaceBehavior [ RunTime:0.000000s ]
INFO: [ template_filter ] --END-- [ RunTime:0.000000s ]
INFO: Run Behavior\ParseTemplateBehavior [ RunTime:0.015001s ]
INFO: [ view_parse ] --END-- [ RunTime:0.015001s ]
INFO: [ view_filter ] --START--
INFO: Run Behavior\WriteHtmlCacheBehavior [ RunTime:0.000000s ]
INFO: [ view_filter ] --END-- [ RunTime:0.000000s ]
INFO: [ app_end ] --START--
INFO: Run Behavior\ShowPageTraceBehavior [ RunTime:0.001000s ]
INFO: [ app_end ] --END-- [ RunTime:0.001000s ]

[ 2017-04-15T18:36:00+08:00 ] ::1 /Project/project/index.php/Home/Index/goods/pid/%E6%97%B6%E5%B0%9A%E5%A5%B3%E8%A3%85%E2%80%94%E2%80%94%E6%BD%AE%E6%B5%81%E8%B4%AD%E7%89%A9%20_%20H&M%20CN_files/hmprod
INFO: [ app_init ] --START--
INFO: Run Behavior\BuildLiteBehavior [ RunTime:0.000000s ]
INFO: [ app_init ] --END-- [ RunTime:0.000000s ]
INFO: [ app_begin ] --START--
INFO: Run Behavior\ReadHtmlCacheBehavior [ RunTime:0.001000s ]
INFO: [ app_begin ] --END-- [ RunTime:0.001000s ]
SQL: SHOW COLUMNS FROM `hm_goods` [ RunTime:0.0100s ]
SQL: SHOW COLUMNS FROM `hm_type` [ RunTime:0.0110s ]
SQL: SELECT `id`,`name` FROM `hm_type` WHERE ( pid=0 )  [ RunTime:0.0190s ]
ERR: SQLSTATE[42000]: Syntax error or access violation: 1064 You have an error in your SQL syntax; check the manual that corresponds to your MySQL server version for the right syntax to use near '_ H&amp;M CN_files )' at line 1

[ 2017-04-15T18:36:00+08:00 ] ::1 /Project/project/index.php/Home/Index/goods/pid/%E6%97%B6%E5%B0%9A%E5%A5%B3%E8%A3%85%E2%80%94%E2%80%94%E6%BD%AE%E6%B5%81%E8%B4%AD%E7%89%A9%20_%20H&M%20CN_files/hmprod(7)
INFO: [ app_init ] --START--
INFO: Run Behavior\BuildLiteBehavior [ RunTime:0.000000s ]
INFO: [ app_init ] --END-- [ RunTime:0.001000s ]
INFO: [ app_begin ] --START--
INFO: Run Behavior\ReadHtmlCacheBehavior [ RunTime:0.000000s ]
INFO: [ app_begin ] --END-- [ RunTime:0.000000s ]
SQL: SHOW COLUMNS FROM `hm_goods` [ RunTime:0.0160s ]
SQL: SHOW COLUMNS FROM `hm_type` [ RunTime:0.0110s ]
SQL: SELECT `id`,`name` FROM `hm_type` WHERE ( pid=0 )  [ RunTime:0.0110s ]
ERR: SQLSTATE[42000]: Syntax error or access violation: 1064 You have an error in your SQL syntax; check the manual that corresponds to your MySQL server version for the right syntax to use near '_ H&amp;M CN_files )' at line 1

[ 2017-04-15T18:36:00+08:00 ] ::1 /Project/project/index.php/Home/Index/goods/pid/%E6%97%B6%E5%B0%9A%E5%A5%B3%E8%A3%85%E2%80%94%E2%80%94%E6%BD%AE%E6%B5%81%E8%B4%AD%E7%89%A9%20_%20H&M%20CN_files/hmprod(10)
INFO: [ app_init ] --START--
INFO: Run Behavior\BuildLiteBehavior [ RunTime:0.000000s ]
INFO: [ app_init ] --END-- [ RunTime:0.001001s ]
INFO: [ app_begin ] --START--
INFO: Run Behavior\ReadHtmlCacheBehavior [ RunTime:0.001000s ]
INFO: [ app_begin ] --END-- [ RunTime:0.001000s ]
SQL: SHOW COLUMNS FROM `hm_goods` [ RunTime:0.0110s ]
SQL: SHOW COLUMNS FROM `hm_type` [ RunTime:0.0110s ]
SQL: SELECT `id`,`name` FROM `hm_type` WHERE ( pid=0 )  [ RunTime:0.0090s ]
ERR: SQLSTATE[42000]: Syntax error or access violation: 1064 You have an error in your SQL syntax; check the manual that corresponds to your MySQL server version for the right syntax to use near '_ H&amp;M CN_files )' at line 1

[ 2017-04-15T18:36:00+08:00 ] ::1 /Project/project/index.php/Home/Index/goods/pid/%E6%97%B6%E5%B0%9A%E5%A5%B3%E8%A3%85%E2%80%94%E2%80%94%E6%BD%AE%E6%B5%81%E8%B4%AD%E7%89%A9%20_%20H&M%20CN_files/hmprod(8)
INFO: [ app_init ] --START--
INFO: Run Behavior\BuildLiteBehavior [ RunTime:0.000000s ]
INFO: [ app_init ] --END-- [ RunTime:0.000000s ]
INFO: [ app_begin ] --START--
INFO: Run Behavior\ReadHtmlCacheBehavior [ RunTime:0.001000s ]
INFO: [ app_begin ] --END-- [ RunTime:0.001000s ]
SQL: SHOW COLUMNS FROM `hm_goods` [ RunTime:0.0100s ]
SQL: SHOW COLUMNS FROM `hm_type` [ RunTime:0.0180s ]
SQL: SELECT `id`,`name` FROM `hm_type` WHERE ( pid=0 )  [ RunTime:0.0100s ]
ERR: SQLSTATE[42000]: Syntax error or access violation: 1064 You have an error in your SQL syntax; check the manual that corresponds to your MySQL server version for the right syntax to use near '_ H&amp;M CN_files )' at line 1

[ 2017-04-15T18:36:00+08:00 ] ::1 /Project/project/index.php/Home/Index/goods/pid/%E6%97%B6%E5%B0%9A%E5%A5%B3%E8%A3%85%E2%80%94%E2%80%94%E6%BD%AE%E6%B5%81%E8%B4%AD%E7%89%A9%20_%20H&M%20CN_files/hmprod(9)
INFO: [ app_init ] --START--
INFO: Run Behavior\BuildLiteBehavior [ RunTime:0.000000s ]
INFO: [ app_init ] --END-- [ RunTime:0.001000s ]
INFO: [ app_begin ] --START--
INFO: Run Behavior\ReadHtmlCacheBehavior [ RunTime:0.001000s ]
INFO: [ app_begin ] --END-- [ RunTime:0.001000s ]
SQL: SHOW COLUMNS FROM `hm_goods` [ RunTime:0.0100s ]
SQL: SHOW COLUMNS FROM `hm_type` [ RunTime:0.0140s ]
SQL: SELECT `id`,`name` FROM `hm_type` WHERE ( pid=0 )  [ RunTime:0.0090s ]
ERR: SQLSTATE[42000]: Syntax error or access violation: 1064 You have an error in your SQL syntax; check the manual that corresponds to your MySQL server version for the right syntax to use near '_ H&amp;M CN_files )' at line 1

[ 2017-04-15T18:36:01+08:00 ] ::1 /Project/project/index.php/Home/Index/goods/pid/%E6%97%B6%E5%B0%9A%E5%A5%B3%E8%A3%85%E2%80%94%E2%80%94%E6%BD%AE%E6%B5%81%E8%B4%AD%E7%89%A9%20_%20H&M%20CN_files/hmprod(12)
INFO: [ app_init ] --START--
INFO: Run Behavior\BuildLiteBehavior [ RunTime:0.000000s ]
INFO: [ app_init ] --END-- [ RunTime:0.000000s ]
INFO: [ app_begin ] --START--
INFO: Run Behavior\ReadHtmlCacheBehavior [ RunTime:0.001000s ]
INFO: [ app_begin ] --END-- [ RunTime:0.001000s ]
SQL: SHOW COLUMNS FROM `hm_goods` [ RunTime:0.0100s ]
SQL: SHOW COLUMNS FROM `hm_type` [ RunTime:0.0100s ]
SQL: SELECT `id`,`name` FROM `hm_type` WHERE ( pid=0 )  [ RunTime:0.0130s ]
ERR: SQLSTATE[42000]: Syntax error or access violation: 1064 You have an error in your SQL syntax; check the manual that corresponds to your MySQL server version for the right syntax to use near '_ H&amp;M CN_files )' at line 1

[ 2017-04-15T18:36:01+08:00 ] ::1 /Project/project/index.php/Home/Index/base
INFO: [ app_init ] --START--
INFO: Run Behavior\BuildLiteBehavior [ RunTime:0.000000s ]
INFO: [ app_init ] --END-- [ RunTime:0.000000s ]
INFO: [ app_begin ] --START--
INFO: Run Behavior\ReadHtmlCacheBehavior [ RunTime:0.001000s ]
INFO: [ app_begin ] --END-- [ RunTime:0.001000s ]
SQL: SHOW COLUMNS FROM `hm_goods` [ RunTime:0.0100s ]
SQL: SHOW COLUMNS FROM `hm_type` [ RunTime:0.0120s ]
SQL: SELECT * FROM `hm_type` WHERE ( pid=21 )  [ RunTime:0.0100s ]
INFO: [ app_end ] --START--
INFO: Run Behavior\ShowPageTraceBehavior [ RunTime:0.001000s ]
INFO: [ app_end ] --END-- [ RunTime:0.002000s ]

[ 2017-04-15T18:36:01+08:00 ] ::1 /Project/project/index.php/Home/Index/base
INFO: [ app_init ] --START--
INFO: Run Behavior\BuildLiteBehavior [ RunTime:0.000000s ]
INFO: [ app_init ] --END-- [ RunTime:0.001000s ]
INFO: [ app_begin ] --START--
INFO: Run Behavior\ReadHtmlCacheBehavior [ RunTime:0.000000s ]
INFO: [ app_begin ] --END-- [ RunTime:0.000000s ]
SQL: SHOW COLUMNS FROM `hm_goods` [ RunTime:0.0100s ]
SQL: SHOW COLUMNS FROM `hm_type` [ RunTime:0.0100s ]
SQL: SELECT * FROM `hm_type` WHERE ( pid=22 )  [ RunTime:0.0140s ]
INFO: [ app_end ] --START--
INFO: Run Behavior\ShowPageTraceBehavior [ RunTime:0.002000s ]
INFO: [ app_end ] --END-- [ RunTime:0.002000s ]

[ 2017-04-15T18:36:02+08:00 ] ::1 /Project/project/index.php/Home/Index/goods/pid/22
INFO: [ app_init ] --START--
INFO: Run Behavior\BuildLiteBehavior [ RunTime:0.000000s ]
INFO: [ app_init ] --END-- [ RunTime:0.000000s ]
INFO: [ app_begin ] --START--
INFO: Run Behavior\ReadHtmlCacheBehavior [ RunTime:0.001000s ]
INFO: [ app_begin ] --END-- [ RunTime:0.001000s ]
SQL: SHOW COLUMNS FROM `hm_goods` [ RunTime:0.0110s ]
SQL: SHOW COLUMNS FROM `hm_type` [ RunTime:0.0080s ]
SQL: SELECT `id`,`name` FROM `hm_type` WHERE ( pid=0 )  [ RunTime:0.0080s ]
SQL: SELECT * FROM `hm_type` WHERE ( pid=22 )  [ RunTime:0.0200s ]
SQL: SELECT p.pic,g.id,g.name,g.price FROM hm_goods g,hm_goods_pic p,hm_type t WHERE t.pid=22 AND g.tid=t.id AND p.gid=g.id AND g.status='1' ORDER BY g.addtime DESC LIMIT 6 [ RunTime:0.0120s ]
INFO: [ view_parse ] --START--
INFO: [ template_filter ] --START--
INFO: Run Behavior\ContentReplaceBehavior [ RunTime:0.000000s ]
INFO: [ template_filter ] --END-- [ RunTime:0.000000s ]
INFO: Run Behavior\ParseTemplateBehavior [ RunTime:0.020001s ]
INFO: [ view_parse ] --END-- [ RunTime:0.020001s ]
INFO: [ view_filter ] --START--
INFO: Run Behavior\WriteHtmlCacheBehavior [ RunTime:0.001000s ]
INFO: [ view_filter ] --END-- [ RunTime:0.001000s ]
INFO: [ app_end ] --START--
INFO: Run Behavior\ShowPageTraceBehavior [ RunTime:0.001001s ]
INFO: [ app_end ] --END-- [ RunTime:0.001001s ]

[ 2017-04-15T18:36:02+08:00 ] ::1 /Project/project/index.php/Home/Index/goods/pid/%E6%97%B6%E5%B0%9A%E5%A5%B3%E8%A3%85%E2%80%94%E2%80%94%E6%BD%AE%E6%B5%81%E8%B4%AD%E7%89%A9%20_%20H&M%20CN_files/hmprod
INFO: [ app_init ] --START--
INFO: Run Behavior\BuildLiteBehavior [ RunTime:0.000000s ]
INFO: [ app_init ] --END-- [ RunTime:0.000000s ]
INFO: [ app_begin ] --START--
INFO: Run Behavior\ReadHtmlCacheBehavior [ RunTime:0.000000s ]
INFO: [ app_begin ] --END-- [ RunTime:0.000000s ]
SQL: SHOW COLUMNS FROM `hm_goods` [ RunTime:0.0280s ]
SQL: SHOW COLUMNS FROM `hm_type` [ RunTime:0.0090s ]
SQL: SELECT `id`,`name` FROM `hm_type` WHERE ( pid=0 )  [ RunTime:0.0080s ]
ERR: SQLSTATE[42000]: Syntax error or access violation: 1064 You have an error in your SQL syntax; check the manual that corresponds to your MySQL server version for the right syntax to use near '_ H&amp;M CN_files )' at line 1

[ 2017-04-15T18:36:02+08:00 ] ::1 /Project/project/index.php/Home/Index/goods/pid/%E6%97%B6%E5%B0%9A%E5%A5%B3%E8%A3%85%E2%80%94%E2%80%94%E6%BD%AE%E6%B5%81%E8%B4%AD%E7%89%A9%20_%20H&M%20CN_files/hmprod(8)
INFO: [ app_init ] --START--
INFO: Run Behavior\BuildLiteBehavior [ RunTime:0.000000s ]
INFO: [ app_init ] --END-- [ RunTime:0.000000s ]
INFO: [ app_begin ] --START--
INFO: Run Behavior\ReadHtmlCacheBehavior [ RunTime:0.001000s ]
INFO: [ app_begin ] --END-- [ RunTime:0.001000s ]
SQL: SHOW COLUMNS FROM `hm_goods` [ RunTime:0.0100s ]
SQL: SHOW COLUMNS FROM `hm_type` [ RunTime:0.0340s ]
SQL: SELECT `id`,`name` FROM `hm_type` WHERE ( pid=0 )  [ RunTime:0.0090s ]
ERR: SQLSTATE[42000]: Syntax error or access violation: 1064 You have an error in your SQL syntax; check the manual that corresponds to your MySQL server version for the right syntax to use near '_ H&amp;M CN_files )' at line 1

[ 2017-04-15T18:36:02+08:00 ] ::1 /Project/project/index.php/Home/Index/goods/pid/%E6%97%B6%E5%B0%9A%E5%A5%B3%E8%A3%85%E2%80%94%E2%80%94%E6%BD%AE%E6%B5%81%E8%B4%AD%E7%89%A9%20_%20H&M%20CN_files/hmprod(10)
INFO: [ app_init ] --START--
INFO: Run Behavior\BuildLiteBehavior [ RunTime:0.000000s ]
INFO: [ app_init ] --END-- [ RunTime:0.000000s ]
INFO: [ app_begin ] --START--
INFO: Run Behavior\ReadHtmlCacheBehavior [ RunTime:0.001000s ]
INFO: [ app_begin ] --END-- [ RunTime:0.001000s ]
SQL: SHOW COLUMNS FROM `hm_goods` [ RunTime:0.0130s ]
SQL: SHOW COLUMNS FROM `hm_type` [ RunTime:0.0160s ]
SQL: SELECT `id`,`name` FROM `hm_type` WHERE ( pid=0 )  [ RunTime:0.0100s ]
ERR: SQLSTATE[42000]: Syntax error or access violation: 1064 You have an error in your SQL syntax; check the manual that corresponds to your MySQL server version for the right syntax to use near '_ H&amp;M CN_files )' at line 1

[ 2017-04-15T18:36:02+08:00 ] ::1 /Project/project/index.php/Home/Index/goods/pid/%E6%97%B6%E5%B0%9A%E5%A5%B3%E8%A3%85%E2%80%94%E2%80%94%E6%BD%AE%E6%B5%81%E8%B4%AD%E7%89%A9%20_%20H&M%20CN_files/hmprod(7)
INFO: [ app_init ] --START--
INFO: Run Behavior\BuildLiteBehavior [ RunTime:0.000000s ]
INFO: [ app_init ] --END-- [ RunTime:0.000000s ]
INFO: [ app_begin ] --START--
INFO: Run Behavior\ReadHtmlCacheBehavior [ RunTime:0.001000s ]
INFO: [ app_begin ] --END-- [ RunTime:0.001000s ]
SQL: SHOW COLUMNS FROM `hm_goods` [ RunTime:0.0130s ]
SQL: SHOW COLUMNS FROM `hm_type` [ RunTime:0.0140s ]
SQL: SELECT `id`,`name` FROM `hm_type` WHERE ( pid=0 )  [ RunTime:0.0100s ]
ERR: SQLSTATE[42000]: Syntax error or access violation: 1064 You have an error in your SQL syntax; check the manual that corresponds to your MySQL server version for the right syntax to use near '_ H&amp;M CN_files )' at line 1

[ 2017-04-15T18:36:02+08:00 ] ::1 /Project/project/index.php/Home/Index/goods/pid/%E6%97%B6%E5%B0%9A%E5%A5%B3%E8%A3%85%E2%80%94%E2%80%94%E6%BD%AE%E6%B5%81%E8%B4%AD%E7%89%A9%20_%20H&M%20CN_files/hmprod(9)
INFO: [ app_init ] --START--
INFO: Run Behavior\BuildLiteBehavior [ RunTime:0.000000s ]
INFO: [ app_init ] --END-- [ RunTime:0.000000s ]
INFO: [ app_begin ] --START--
INFO: Run Behavior\ReadHtmlCacheBehavior [ RunTime:0.001000s ]
INFO: [ app_begin ] --END-- [ RunTime:0.001000s ]
SQL: SHOW COLUMNS FROM `hm_goods` [ RunTime:0.0100s ]
SQL: SHOW COLUMNS FROM `hm_type` [ RunTime:0.0100s ]
SQL: SELECT `id`,`name` FROM `hm_type` WHERE ( pid=0 )  [ RunTime:0.0100s ]
ERR: SQLSTATE[42000]: Syntax error or access violation: 1064 You have an error in your SQL syntax; check the manual that corresponds to your MySQL server version for the right syntax to use near '_ H&amp;M CN_files )' at line 1

[ 2017-04-15T18:36:02+08:00 ] ::1 /Project/project/index.php/Home/Index/goods/pid/%E6%97%B6%E5%B0%9A%E5%A5%B3%E8%A3%85%E2%80%94%E2%80%94%E6%BD%AE%E6%B5%81%E8%B4%AD%E7%89%A9%20_%20H&M%20CN_files/hmprod(12)
INFO: [ app_init ] --START--
INFO: Run Behavior\BuildLiteBehavior [ RunTime:0.000000s ]
INFO: [ app_init ] --END-- [ RunTime:0.000000s ]
INFO: [ app_begin ] --START--
INFO: Run Behavior\ReadHtmlCacheBehavior [ RunTime:0.000000s ]
INFO: [ app_begin ] --END-- [ RunTime:0.000000s ]
SQL: SHOW COLUMNS FROM `hm_goods` [ RunTime:0.0110s ]
SQL: SHOW COLUMNS FROM `hm_type` [ RunTime:0.0100s ]
SQL: SELECT `id`,`name` FROM `hm_type` WHERE ( pid=0 )  [ RunTime:0.0100s ]
ERR: SQLSTATE[42000]: Syntax error or access violation: 1064 You have an error in your SQL syntax; check the manual that corresponds to your MySQL server version for the right syntax to use near '_ H&amp;M CN_files )' at line 1

[ 2017-04-15T18:36:02+08:00 ] ::1 /Project/project/index.php/Home/Index/base
INFO: [ app_init ] --START--
INFO: Run Behavior\BuildLiteBehavior [ RunTime:0.000000s ]
INFO: [ app_init ] --END-- [ RunTime:0.001000s ]
INFO: [ app_begin ] --START--
INFO: Run Behavior\ReadHtmlCacheBehavior [ RunTime:0.000000s ]
INFO: [ app_begin ] --END-- [ RunTime:0.000000s ]
SQL: SHOW COLUMNS FROM `hm_goods` [ RunTime:0.0170s ]
SQL: SHOW COLUMNS FROM `hm_type` [ RunTime:0.0110s ]
SQL: SELECT * FROM `hm_type` WHERE ( pid=22 )  [ RunTime:0.0320s ]
INFO: [ app_end ] --START--
INFO: Run Behavior\ShowPageTraceBehavior [ RunTime:0.002000s ]
INFO: [ app_end ] --END-- [ RunTime:0.002000s ]

[ 2017-04-15T18:36:03+08:00 ] ::1 /Project/project/index.php/Home/Index/base
INFO: [ app_init ] --START--
INFO: Run Behavior\BuildLiteBehavior [ RunTime:0.000000s ]
INFO: [ app_init ] --END-- [ RunTime:0.000000s ]
INFO: [ app_begin ] --START--
INFO: Run Behavior\ReadHtmlCacheBehavior [ RunTime:0.000000s ]
INFO: [ app_begin ] --END-- [ RunTime:0.000000s ]
SQL: SHOW COLUMNS FROM `hm_goods` [ RunTime:0.0160s ]
SQL: SHOW COLUMNS FROM `hm_type` [ RunTime:0.0100s ]
SQL: SELECT * FROM `hm_type` WHERE ( pid=23 )  [ RunTime:0.0090s ]
INFO: [ app_end ] --START--
INFO: Run Behavior\ShowPageTraceBehavior [ RunTime:0.001000s ]
INFO: [ app_end ] --END-- [ RunTime:0.001000s ]

[ 2017-04-15T18:36:04+08:00 ] ::1 /Project/project/index.php/Home/Index/goods/pid/23
INFO: [ app_init ] --START--
INFO: Run Behavior\BuildLiteBehavior [ RunTime:0.000000s ]
INFO: [ app_init ] --END-- [ RunTime:0.001000s ]
INFO: [ app_begin ] --START--
INFO: Run Behavior\ReadHtmlCacheBehavior [ RunTime:0.001000s ]
INFO: [ app_begin ] --END-- [ RunTime:0.001000s ]
SQL: SHOW COLUMNS FROM `hm_goods` [ RunTime:0.0200s ]
SQL: SHOW COLUMNS FROM `hm_type` [ RunTime:0.0180s ]
SQL: SELECT `id`,`name` FROM `hm_type` WHERE ( pid=0 )  [ RunTime:0.0390s ]
SQL: SELECT * FROM `hm_type` WHERE ( pid=23 )  [ RunTime:0.0300s ]
SQL: SELECT p.pic,g.id,g.name,g.price FROM hm_goods g,hm_goods_pic p,hm_type t WHERE t.pid=23 AND g.tid=t.id AND p.gid=g.id AND g.status='1' ORDER BY g.addtime DESC LIMIT 6 [ RunTime:0.0120s ]
INFO: [ view_parse ] --START--
INFO: [ template_filter ] --START--
INFO: Run Behavior\ContentReplaceBehavior [ RunTime:0.000000s ]
INFO: [ template_filter ] --END-- [ RunTime:0.001000s ]
INFO: Run Behavior\ParseTemplateBehavior [ RunTime:0.021002s ]
INFO: [ view_parse ] --END-- [ RunTime:0.021002s ]
INFO: [ view_filter ] --START--
INFO: Run Behavior\WriteHtmlCacheBehavior [ RunTime:0.001000s ]
INFO: [ view_filter ] --END-- [ RunTime:0.001000s ]
INFO: [ app_end ] --START--
INFO: Run Behavior\ShowPageTraceBehavior [ RunTime:0.001000s ]
INFO: [ app_end ] --END-- [ RunTime:0.001000s ]

[ 2017-04-15T18:36:04+08:00 ] ::1 /Project/project/index.php/Home/Index/goods/pid/%E6%97%B6%E5%B0%9A%E5%A5%B3%E8%A3%85%E2%80%94%E2%80%94%E6%BD%AE%E6%B5%81%E8%B4%AD%E7%89%A9%20_%20H&M%20CN_files/hmprod
INFO: [ app_init ] --START--
INFO: Run Behavior\BuildLiteBehavior [ RunTime:0.000000s ]
INFO: [ app_init ] --END-- [ RunTime:0.000000s ]
INFO: [ app_begin ] --START--
INFO: Run Behavior\ReadHtmlCacheBehavior [ RunTime:0.001000s ]
INFO: [ app_begin ] --END-- [ RunTime:0.001000s ]
SQL: SHOW COLUMNS FROM `hm_goods` [ RunTime:0.0580s ]
SQL: SHOW COLUMNS FROM `hm_type` [ RunTime:0.0090s ]
SQL: SELECT `id`,`name` FROM `hm_type` WHERE ( pid=0 )  [ RunTime:0.0100s ]
ERR: SQLSTATE[42000]: Syntax error or access violation: 1064 You have an error in your SQL syntax; check the manual that corresponds to your MySQL server version for the right syntax to use near '_ H&amp;M CN_files )' at line 1

[ 2017-04-15T18:36:05+08:00 ] ::1 /Project/project/index.php/Home/Index/goods/pid/%E6%97%B6%E5%B0%9A%E5%A5%B3%E8%A3%85%E2%80%94%E2%80%94%E6%BD%AE%E6%B5%81%E8%B4%AD%E7%89%A9%20_%20H&M%20CN_files/hmprod(7)
INFO: [ app_init ] --START--
INFO: Run Behavior\BuildLiteBehavior [ RunTime:0.000000s ]
INFO: [ app_init ] --END-- [ RunTime:0.001000s ]
INFO: [ app_begin ] --START--
INFO: Run Behavior\ReadHtmlCacheBehavior [ RunTime:0.001000s ]
INFO: [ app_begin ] --END-- [ RunTime:0.001000s ]
SQL: SHOW COLUMNS FROM `hm_goods` [ RunTime:0.0100s ]
SQL: SHOW COLUMNS FROM `hm_type` [ RunTime:0.0120s ]
SQL: SELECT `id`,`name` FROM `hm_type` WHERE ( pid=0 )  [ RunTime:0.0320s ]
ERR: SQLSTATE[42000]: Syntax error or access violation: 1064 You have an error in your SQL syntax; check the manual that corresponds to your MySQL server version for the right syntax to use near '_ H&amp;M CN_files )' at line 1

[ 2017-04-15T18:36:08+08:00 ] ::1 /Project/project/index.php/Home/Index/goods/pid/%E6%97%B6%E5%B0%9A%E5%A5%B3%E8%A3%85%E2%80%94%E2%80%94%E6%BD%AE%E6%B5%81%E8%B4%AD%E7%89%A9%20_%20H&M%20CN_files/hmprod(8)
INFO: [ app_init ] --START--
INFO: Run Behavior\BuildLiteBehavior [ RunTime:0.000000s ]
INFO: [ app_init ] --END-- [ RunTime:0.001000s ]
INFO: [ app_begin ] --START--
INFO: Run Behavior\ReadHtmlCacheBehavior [ RunTime:0.001001s ]
INFO: [ app_begin ] --END-- [ RunTime:0.001001s ]
SQL: SHOW COLUMNS FROM `hm_goods` [ RunTime:0.0170s ]
SQL: SHOW COLUMNS FROM `hm_type` [ RunTime:0.0160s ]
SQL: SELECT `id`,`name` FROM `hm_type` WHERE ( pid=0 )  [ RunTime:0.0090s ]
ERR: SQLSTATE[42000]: Syntax error or access violation: 1064 You have an error in your SQL syntax; check the manual that corresponds to your MySQL server version for the right syntax to use near '_ H&amp;M CN_files )' at line 1

[ 2017-04-15T18:36:08+08:00 ] ::1 /Project/project/index.php/Home/Index/goods/pid/%E6%97%B6%E5%B0%9A%E5%A5%B3%E8%A3%85%E2%80%94%E2%80%94%E6%BD%AE%E6%B5%81%E8%B4%AD%E7%89%A9%20_%20H&M%20CN_files/hmprod(10)
INFO: [ app_init ] --START--
INFO: Run Behavior\BuildLiteBehavior [ RunTime:0.000000s ]
INFO: [ app_init ] --END-- [ RunTime:0.001000s ]
INFO: [ app_begin ] --START--
INFO: Run Behavior\ReadHtmlCacheBehavior [ RunTime:0.001000s ]
INFO: [ app_begin ] --END-- [ RunTime:0.001000s ]
SQL: SHOW COLUMNS FROM `hm_goods` [ RunTime:0.0100s ]
SQL: SHOW COLUMNS FROM `hm_type` [ RunTime:0.0390s ]
SQL: SELECT `id`,`name` FROM `hm_type` WHERE ( pid=0 )  [ RunTime:0.0170s ]
ERR: SQLSTATE[42000]: Syntax error or access violation: 1064 You have an error in your SQL syntax; check the manual that corresponds to your MySQL server version for the right syntax to use near '_ H&amp;M CN_files )' at line 1

[ 2017-04-15T18:36:08+08:00 ] ::1 /Project/project/index.php/Home/Index/goods/pid/%E6%97%B6%E5%B0%9A%E5%A5%B3%E8%A3%85%E2%80%94%E2%80%94%E6%BD%AE%E6%B5%81%E8%B4%AD%E7%89%A9%20_%20H&M%20CN_files/hmprod(9)
INFO: [ app_init ] --START--
INFO: Run Behavior\BuildLiteBehavior [ RunTime:0.000000s ]
INFO: [ app_init ] --END-- [ RunTime:0.000000s ]
INFO: [ app_begin ] --START--
INFO: Run Behavior\ReadHtmlCacheBehavior [ RunTime:0.000000s ]
INFO: [ app_begin ] --END-- [ RunTime:0.001000s ]
SQL: SHOW COLUMNS FROM `hm_goods` [ RunTime:0.0210s ]
SQL: SHOW COLUMNS FROM `hm_type` [ RunTime:0.0100s ]
SQL: SELECT `id`,`name` FROM `hm_type` WHERE ( pid=0 )  [ RunTime:0.0300s ]
ERR: SQLSTATE[42000]: Syntax error or access violation: 1064 You have an error in your SQL syntax; check the manual that corresponds to your MySQL server version for the right syntax to use near '_ H&amp;M CN_files )' at line 1

[ 2017-04-15T18:36:08+08:00 ] ::1 /Project/project/index.php/Home/Index/goods/pid/%E6%97%B6%E5%B0%9A%E5%A5%B3%E8%A3%85%E2%80%94%E2%80%94%E6%BD%AE%E6%B5%81%E8%B4%AD%E7%89%A9%20_%20H&M%20CN_files/hmprod(12)
INFO: [ app_init ] --START--
INFO: Run Behavior\BuildLiteBehavior [ RunTime:0.000000s ]
INFO: [ app_init ] --END-- [ RunTime:0.000000s ]
INFO: [ app_begin ] --START--
INFO: Run Behavior\ReadHtmlCacheBehavior [ RunTime:0.001000s ]
INFO: [ app_begin ] --END-- [ RunTime:0.001000s ]
SQL: SHOW COLUMNS FROM `hm_goods` [ RunTime:0.0130s ]
SQL: SHOW COLUMNS FROM `hm_type` [ RunTime:0.0100s ]
SQL: SELECT `id`,`name` FROM `hm_type` WHERE ( pid=0 )  [ RunTime:0.0110s ]
ERR: SQLSTATE[42000]: Syntax error or access violation: 1064 You have an error in your SQL syntax; check the manual that corresponds to your MySQL server version for the right syntax to use near '_ H&amp;M CN_files )' at line 1

[ 2017-04-15T18:36:08+08:00 ] ::1 /Project/project/index.php/Home/Index/base
INFO: [ app_init ] --START--
INFO: Run Behavior\BuildLiteBehavior [ RunTime:0.000000s ]
INFO: [ app_init ] --END-- [ RunTime:0.001001s ]
INFO: [ app_begin ] --START--
INFO: Run Behavior\ReadHtmlCacheBehavior [ RunTime:0.000000s ]
INFO: [ app_begin ] --END-- [ RunTime:0.001000s ]
SQL: SHOW COLUMNS FROM `hm_goods` [ RunTime:0.0090s ]
SQL: SHOW COLUMNS FROM `hm_type` [ RunTime:0.0200s ]
SQL: SELECT * FROM `hm_type` WHERE ( pid=23 )  [ RunTime:0.0100s ]
INFO: [ app_end ] --START--
INFO: Run Behavior\ShowPageTraceBehavior [ RunTime:0.000000s ]
INFO: [ app_end ] --END-- [ RunTime:0.000000s ]

[ 2017-04-15T18:36:08+08:00 ] ::1 /Project/project/index.php/Home/Index/base
INFO: [ app_init ] --START--
INFO: Run Behavior\BuildLiteBehavior [ RunTime:0.000000s ]
INFO: [ app_init ] --END-- [ RunTime:0.000000s ]
INFO: [ app_begin ] --START--
INFO: Run Behavior\ReadHtmlCacheBehavior [ RunTime:0.000000s ]
INFO: [ app_begin ] --END-- [ RunTime:0.000000s ]
SQL: SHOW COLUMNS FROM `hm_goods` [ RunTime:0.0100s ]
SQL: SHOW COLUMNS FROM `hm_type` [ RunTime:0.0250s ]
SQL: SELECT * FROM `hm_type` WHERE ( pid=22 )  [ RunTime:0.0100s ]
INFO: [ app_end ] --START--
INFO: Run Behavior\ShowPageTraceBehavior [ RunTime:0.001000s ]
INFO: [ app_end ] --END-- [ RunTime:0.001000s ]

[ 2017-04-15T18:36:09+08:00 ] ::1 /Project/project/index.php/Home/Index/base
INFO: [ app_init ] --START--
INFO: Run Behavior\BuildLiteBehavior [ RunTime:0.000000s ]
INFO: [ app_init ] --END-- [ RunTime:0.000000s ]
INFO: [ app_begin ] --START--
INFO: Run Behavior\ReadHtmlCacheBehavior [ RunTime:0.001001s ]
INFO: [ app_begin ] --END-- [ RunTime:0.001001s ]
SQL: SHOW COLUMNS FROM `hm_goods` [ RunTime:0.0110s ]
SQL: SHOW COLUMNS FROM `hm_type` [ RunTime:0.0100s ]
SQL: SELECT * FROM `hm_type` WHERE ( pid=16 )  [ RunTime:0.0140s ]
INFO: [ app_end ] --START--
INFO: Run Behavior\ShowPageTraceBehavior [ RunTime:0.002001s ]
INFO: [ app_end ] --END-- [ RunTime:0.002001s ]

[ 2017-04-15T18:36:09+08:00 ] ::1 /Project/project/index.php/Home/Index/goods/pid/16
INFO: [ app_init ] --START--
INFO: Run Behavior\BuildLiteBehavior [ RunTime:0.001000s ]
INFO: [ app_init ] --END-- [ RunTime:0.001000s ]
INFO: [ app_begin ] --START--
INFO: Run Behavior\ReadHtmlCacheBehavior [ RunTime:0.001000s ]
INFO: [ app_begin ] --END-- [ RunTime:0.001000s ]
SQL: SHOW COLUMNS FROM `hm_goods` [ RunTime:0.0110s ]
SQL: SHOW COLUMNS FROM `hm_type` [ RunTime:0.0110s ]
SQL: SELECT `id`,`name` FROM `hm_type` WHERE ( pid=0 )  [ RunTime:0.0220s ]
SQL: SELECT * FROM `hm_type` WHERE ( pid=16 )  [ RunTime:0.0100s ]
SQL: SELECT p.pic,g.id,g.name,g.price FROM hm_goods g,hm_goods_pic p,hm_type t WHERE t.pid=16 AND g.tid=t.id AND p.gid=g.id AND g.status='1' ORDER BY g.addtime DESC LIMIT 6 [ RunTime:0.0150s ]
INFO: [ view_parse ] --START--
INFO: [ template_filter ] --START--
INFO: Run Behavior\ContentReplaceBehavior [ RunTime:0.000000s ]
INFO: [ template_filter ] --END-- [ RunTime:0.000000s ]
INFO: Run Behavior\ParseTemplateBehavior [ RunTime:0.019001s ]
INFO: [ view_parse ] --END-- [ RunTime:0.019001s ]
INFO: [ view_filter ] --START--
INFO: Run Behavior\WriteHtmlCacheBehavior [ RunTime:0.000000s ]
INFO: [ view_filter ] --END-- [ RunTime:0.000000s ]
INFO: [ app_end ] --START--
INFO: Run Behavior\ShowPageTraceBehavior [ RunTime:0.000000s ]
INFO: [ app_end ] --END-- [ RunTime:0.001000s ]

[ 2017-04-15T18:36:09+08:00 ] ::1 /Project/project/index.php/Home/Index/goods/pid/%E6%97%B6%E5%B0%9A%E5%A5%B3%E8%A3%85%E2%80%94%E2%80%94%E6%BD%AE%E6%B5%81%E8%B4%AD%E7%89%A9%20_%20H&M%20CN_files/hmprod
INFO: [ app_init ] --START--
INFO: Run Behavior\BuildLiteBehavior [ RunTime:0.000000s ]
INFO: [ app_init ] --END-- [ RunTime:0.000000s ]
INFO: [ app_begin ] --START--
INFO: Run Behavior\ReadHtmlCacheBehavior [ RunTime:0.000000s ]
INFO: [ app_begin ] --END-- [ RunTime:0.000000s ]
SQL: SHOW COLUMNS FROM `hm_goods` [ RunTime:0.0180s ]
SQL: SHOW COLUMNS FROM `hm_type` [ RunTime:0.0110s ]
SQL: SELECT `id`,`name` FROM `hm_type` WHERE ( pid=0 )  [ RunTime:0.0430s ]
ERR: SQLSTATE[42000]: Syntax error or access violation: 1064 You have an error in your SQL syntax; check the manual that corresponds to your MySQL server version for the right syntax to use near '_ H&amp;M CN_files )' at line 1

[ 2017-04-15T18:36:10+08:00 ] ::1 /Project/project/index.php/Home/Index/goods/pid/%E6%97%B6%E5%B0%9A%E5%A5%B3%E8%A3%85%E2%80%94%E2%80%94%E6%BD%AE%E6%B5%81%E8%B4%AD%E7%89%A9%20_%20H&M%20CN_files/hmprod(7)
INFO: [ app_init ] --START--
INFO: Run Behavior\BuildLiteBehavior [ RunTime:0.000000s ]
INFO: [ app_init ] --END-- [ RunTime:0.000000s ]
INFO: [ app_begin ] --START--
INFO: Run Behavior\ReadHtmlCacheBehavior [ RunTime:0.001000s ]
INFO: [ app_begin ] --END-- [ RunTime:0.001000s ]
SQL: SHOW COLUMNS FROM `hm_goods` [ RunTime:0.0110s ]
SQL: SHOW COLUMNS FROM `hm_type` [ RunTime:0.0100s ]
SQL: SELECT `id`,`name` FROM `hm_type` WHERE ( pid=0 )  [ RunTime:0.0100s ]
ERR: SQLSTATE[42000]: Syntax error or access violation: 1064 You have an error in your SQL syntax; check the manual that corresponds to your MySQL server version for the right syntax to use near '_ H&amp;M CN_files )' at line 1

[ 2017-04-15T18:36:10+08:00 ] ::1 /Project/project/index.php/Home/Index/goods/pid/%E6%97%B6%E5%B0%9A%E5%A5%B3%E8%A3%85%E2%80%94%E2%80%94%E6%BD%AE%E6%B5%81%E8%B4%AD%E7%89%A9%20_%20H&M%20CN_files/hmprod(8)
INFO: [ app_init ] --START--
INFO: Run Behavior\BuildLiteBehavior [ RunTime:0.000000s ]
INFO: [ app_init ] --END-- [ RunTime:0.001000s ]
INFO: [ app_begin ] --START--
INFO: Run Behavior\ReadHtmlCacheBehavior [ RunTime:0.001000s ]
INFO: [ app_begin ] --END-- [ RunTime:0.001000s ]
SQL: SHOW COLUMNS FROM `hm_goods` [ RunTime:0.0100s ]
SQL: SHOW COLUMNS FROM `hm_type` [ RunTime:0.0100s ]
SQL: SELECT `id`,`name` FROM `hm_type` WHERE ( pid=0 )  [ RunTime:0.0440s ]
ERR: SQLSTATE[42000]: Syntax error or access violation: 1064 You have an error in your SQL syntax; check the manual that corresponds to your MySQL server version for the right syntax to use near '_ H&amp;M CN_files )' at line 1

[ 2017-04-15T18:36:10+08:00 ] ::1 /Project/project/index.php/Home/Index/goods/pid/%E6%97%B6%E5%B0%9A%E5%A5%B3%E8%A3%85%E2%80%94%E2%80%94%E6%BD%AE%E6%B5%81%E8%B4%AD%E7%89%A9%20_%20H&M%20CN_files/hmprod(9)
INFO: [ app_init ] --START--
INFO: Run Behavior\BuildLiteBehavior [ RunTime:0.000000s ]
INFO: [ app_init ] --END-- [ RunTime:0.000000s ]
INFO: [ app_begin ] --START--
INFO: Run Behavior\ReadHtmlCacheBehavior [ RunTime:0.000000s ]
INFO: [ app_begin ] --END-- [ RunTime:0.000000s ]
SQL: SHOW COLUMNS FROM `hm_goods` [ RunTime:0.0220s ]
SQL: SHOW COLUMNS FROM `hm_type` [ RunTime:0.0090s ]
SQL: SELECT `id`,`name` FROM `hm_type` WHERE ( pid=0 )  [ RunTime:0.0320s ]
ERR: SQLSTATE[42000]: Syntax error or access violation: 1064 You have an error in your SQL syntax; check the manual that corresponds to your MySQL server version for the right syntax to use near '_ H&amp;M CN_files )' at line 1

[ 2017-04-15T18:36:10+08:00 ] ::1 /Project/project/index.php/Home/Index/goods/pid/%E6%97%B6%E5%B0%9A%E5%A5%B3%E8%A3%85%E2%80%94%E2%80%94%E6%BD%AE%E6%B5%81%E8%B4%AD%E7%89%A9%20_%20H&M%20CN_files/hmprod(10)
INFO: [ app_init ] --START--
INFO: Run Behavior\BuildLiteBehavior [ RunTime:0.000000s ]
INFO: [ app_init ] --END-- [ RunTime:0.000000s ]
INFO: [ app_begin ] --START--
INFO: Run Behavior\ReadHtmlCacheBehavior [ RunTime:0.001000s ]
INFO: [ app_begin ] --END-- [ RunTime:0.002000s ]
SQL: SHOW COLUMNS FROM `hm_goods` [ RunTime:0.0120s ]
SQL: SHOW COLUMNS FROM `hm_type` [ RunTime:0.0400s ]
SQL: SELECT `id`,`name` FROM `hm_type` WHERE ( pid=0 )  [ RunTime:0.0090s ]
ERR: SQLSTATE[42000]: Syntax error or access violation: 1064 You have an error in your SQL syntax; check the manual that corresponds to your MySQL server version for the right syntax to use near '_ H&amp;M CN_files )' at line 1

[ 2017-04-15T18:36:10+08:00 ] ::1 /Project/project/index.php/Home/Index/goods/pid/%E6%97%B6%E5%B0%9A%E5%A5%B3%E8%A3%85%E2%80%94%E2%80%94%E6%BD%AE%E6%B5%81%E8%B4%AD%E7%89%A9%20_%20H&M%20CN_files/hmprod(12)
INFO: [ app_init ] --START--
INFO: Run Behavior\BuildLiteBehavior [ RunTime:0.000000s ]
INFO: [ app_init ] --END-- [ RunTime:0.001000s ]
INFO: [ app_begin ] --START--
INFO: Run Behavior\ReadHtmlCacheBehavior [ RunTime:0.000000s ]
INFO: [ app_begin ] --END-- [ RunTime:0.000000s ]
SQL: SHOW COLUMNS FROM `hm_goods` [ RunTime:0.0090s ]
SQL: SHOW COLUMNS FROM `hm_type` [ RunTime:0.0170s ]
SQL: SELECT `id`,`name` FROM `hm_type` WHERE ( pid=0 )  [ RunTime:0.0190s ]
ERR: SQLSTATE[42000]: Syntax error or access violation: 1064 You have an error in your SQL syntax; check the manual that corresponds to your MySQL server version for the right syntax to use near '_ H&amp;M CN_files )' at line 1

[ 2017-04-15T18:36:11+08:00 ] ::1 /Project/project/index.php/Home/Index/base
INFO: [ app_init ] --START--
INFO: Run Behavior\BuildLiteBehavior [ RunTime:0.000000s ]
INFO: [ app_init ] --END-- [ RunTime:0.000000s ]
INFO: [ app_begin ] --START--
INFO: Run Behavior\ReadHtmlCacheBehavior [ RunTime:0.001000s ]
INFO: [ app_begin ] --END-- [ RunTime:0.001000s ]
SQL: SHOW COLUMNS FROM `hm_goods` [ RunTime:0.0480s ]
SQL: SHOW COLUMNS FROM `hm_type` [ RunTime:0.0090s ]
SQL: SELECT * FROM `hm_type` WHERE ( pid=16 )  [ RunTime:0.0420s ]
INFO: [ app_end ] --START--
INFO: Run Behavior\ShowPageTraceBehavior [ RunTime:0.001000s ]
INFO: [ app_end ] --END-- [ RunTime:0.002000s ]

[ 2017-04-15T18:37:44+08:00 ] ::1 /Project/project/
INFO: [ app_init ] --START--
INFO: Run Behavior\BuildLiteBehavior [ RunTime:0.000000s ]
INFO: [ app_init ] --END-- [ RunTime:0.001000s ]
INFO: [ app_begin ] --START--
INFO: Run Behavior\ReadHtmlCacheBehavior [ RunTime:0.001000s ]
INFO: [ app_begin ] --END-- [ RunTime:0.001000s ]
SQL: SHOW COLUMNS FROM `hm_goods` [ RunTime:0.0170s ]
SQL: SHOW COLUMNS FROM `hm_type` [ RunTime:0.0090s ]
SQL: SELECT `id`,`name` FROM `hm_type` WHERE ( pid=0 )  [ RunTime:0.0090s ]
SQL: SHOW COLUMNS FROM `hm_cart` [ RunTime:0.0100s ]
INFO: [ view_parse ] --START--
INFO: [ template_filter ] --START--
INFO: Run Behavior\ContentReplaceBehavior [ RunTime:0.001000s ]
INFO: [ template_filter ] --END-- [ RunTime:0.001000s ]
INFO: Run Behavior\ParseTemplateBehavior [ RunTime:0.029001s ]
INFO: [ view_parse ] --END-- [ RunTime:0.029001s ]
INFO: [ view_filter ] --START--
INFO: Run Behavior\WriteHtmlCacheBehavior [ RunTime:0.001001s ]
INFO: [ view_filter ] --END-- [ RunTime:0.001001s ]
INFO: [ app_end ] --START--
INFO: Run Behavior\ShowPageTraceBehavior [ RunTime:0.001000s ]
INFO: [ app_end ] --END-- [ RunTime:0.001000s ]

[ 2017-04-15T18:37:47+08:00 ] ::1 /Project/project/index.php/Home/Index/base
INFO: [ app_init ] --START--
INFO: Run Behavior\BuildLiteBehavior [ RunTime:0.000000s ]
INFO: [ app_init ] --END-- [ RunTime:0.001000s ]
INFO: [ app_begin ] --START--
INFO: Run Behavior\ReadHtmlCacheBehavior [ RunTime:0.002000s ]
INFO: [ app_begin ] --END-- [ RunTime:0.002000s ]
SQL: SHOW COLUMNS FROM `hm_goods` [ RunTime:0.0110s ]
SQL: SHOW COLUMNS FROM `hm_type` [ RunTime:0.0310s ]
SQL: SELECT * FROM `hm_type` WHERE ( pid=16 )  [ RunTime:0.0160s ]
INFO: [ app_end ] --START--
INFO: Run Behavior\ShowPageTraceBehavior [ RunTime:0.002000s ]
INFO: [ app_end ] --END-- [ RunTime:0.002000s ]

[ 2017-04-15T18:37:48+08:00 ] ::1 /Project/project/index.php/Home/Index/goods/pid/16
INFO: [ app_init ] --START--
INFO: Run Behavior\BuildLiteBehavior [ RunTime:0.001000s ]
INFO: [ app_init ] --END-- [ RunTime:0.001000s ]
INFO: [ app_begin ] --START--
INFO: Run Behavior\ReadHtmlCacheBehavior [ RunTime:0.001000s ]
INFO: [ app_begin ] --END-- [ RunTime:0.001000s ]
SQL: SHOW COLUMNS FROM `hm_goods` [ RunTime:0.0180s ]
SQL: SHOW COLUMNS FROM `hm_type` [ RunTime:0.0090s ]
SQL: SELECT `id`,`name` FROM `hm_type` WHERE ( pid=0 )  [ RunTime:0.0090s ]
SQL: SELECT * FROM `hm_type` WHERE ( pid=16 )  [ RunTime:0.0100s ]
SQL: SELECT p.pic,g.id,g.name,g.price FROM hm_goods g,hm_goods_pic p,hm_type t WHERE t.pid=16 AND g.tid=t.id AND p.gid=g.id AND g.status='1' ORDER BY g.addtime DESC LIMIT 6 [ RunTime:0.0240s ]
INFO: [ view_parse ] --START--
INFO: [ template_filter ] --START--
INFO: Run Behavior\ContentReplaceBehavior [ RunTime:0.001000s ]
INFO: [ template_filter ] --END-- [ RunTime:0.001000s ]
INFO: Run Behavior\ParseTemplateBehavior [ RunTime:0.034002s ]
INFO: [ view_parse ] --END-- [ RunTime:0.034002s ]
INFO: [ view_filter ] --START--
INFO: Run Behavior\WriteHtmlCacheBehavior [ RunTime:0.000000s ]
INFO: [ view_filter ] --END-- [ RunTime:0.001000s ]
INFO: [ app_end ] --START--
INFO: Run Behavior\ShowPageTraceBehavior [ RunTime:0.000000s ]
INFO: [ app_end ] --END-- [ RunTime:0.000000s ]

[ 2017-04-15T18:37:48+08:00 ] ::1 /Project/project/index.php/Home/Index/goods/pid/%E6%97%B6%E5%B0%9A%E5%A5%B3%E8%A3%85%E2%80%94%E2%80%94%E6%BD%AE%E6%B5%81%E8%B4%AD%E7%89%A9%20_%20H&M%20CN_files/hmprod
INFO: [ app_init ] --START--
INFO: Run Behavior\BuildLiteBehavior [ RunTime:0.000000s ]
INFO: [ app_init ] --END-- [ RunTime:0.000000s ]
INFO: [ app_begin ] --START--
INFO: Run Behavior\ReadHtmlCacheBehavior [ RunTime:0.000000s ]
INFO: [ app_begin ] --END-- [ RunTime:0.000000s ]
SQL: SHOW COLUMNS FROM `hm_goods` [ RunTime:0.0100s ]
SQL: SHOW COLUMNS FROM `hm_type` [ RunTime:0.0110s ]
SQL: SELECT `id`,`name` FROM `hm_type` WHERE ( pid=0 )  [ RunTime:0.0110s ]
ERR: SQLSTATE[42000]: Syntax error or access violation: 1064 You have an error in your SQL syntax; check the manual that corresponds to your MySQL server version for the right syntax to use near '_ H&amp;M CN_files )' at line 1

[ 2017-04-15T18:37:48+08:00 ] ::1 /Project/project/index.php/Home/Index/goods/pid/%E6%97%B6%E5%B0%9A%E5%A5%B3%E8%A3%85%E2%80%94%E2%80%94%E6%BD%AE%E6%B5%81%E8%B4%AD%E7%89%A9%20_%20H&M%20CN_files/hmprod(7)
INFO: [ app_init ] --START--
INFO: Run Behavior\BuildLiteBehavior [ RunTime:0.000000s ]
INFO: [ app_init ] --END-- [ RunTime:0.001000s ]
INFO: [ app_begin ] --START--
INFO: Run Behavior\ReadHtmlCacheBehavior [ RunTime:0.001000s ]
INFO: [ app_begin ] --END-- [ RunTime:0.001000s ]
SQL: SHOW COLUMNS FROM `hm_goods` [ RunTime:0.0150s ]
SQL: SHOW COLUMNS FROM `hm_type` [ RunTime:0.0110s ]
SQL: SELECT `id`,`name` FROM `hm_type` WHERE ( pid=0 )  [ RunTime:0.0250s ]
ERR: SQLSTATE[42000]: Syntax error or access violation: 1064 You have an error in your SQL syntax; check the manual that corresponds to your MySQL server version for the right syntax to use near '_ H&amp;M CN_files )' at line 1

[ 2017-04-15T18:37:49+08:00 ] ::1 /Project/project/index.php/Home/Index/goods/pid/%E6%97%B6%E5%B0%9A%E5%A5%B3%E8%A3%85%E2%80%94%E2%80%94%E6%BD%AE%E6%B5%81%E8%B4%AD%E7%89%A9%20_%20H&M%20CN_files/hmprod(10)
INFO: [ app_init ] --START--
INFO: Run Behavior\BuildLiteBehavior [ RunTime:0.000000s ]
INFO: [ app_init ] --END-- [ RunTime:0.000000s ]
INFO: [ app_begin ] --START--
INFO: Run Behavior\ReadHtmlCacheBehavior [ RunTime:0.001000s ]
INFO: [ app_begin ] --END-- [ RunTime:0.001000s ]
SQL: SHOW COLUMNS FROM `hm_goods` [ RunTime:0.0100s ]
SQL: SHOW COLUMNS FROM `hm_type` [ RunTime:0.0110s ]
SQL: SELECT `id`,`name` FROM `hm_type` WHERE ( pid=0 )  [ RunTime:0.0100s ]
ERR: SQLSTATE[42000]: Syntax error or access violation: 1064 You have an error in your SQL syntax; check the manual that corresponds to your MySQL server version for the right syntax to use near '_ H&amp;M CN_files )' at line 1

[ 2017-04-15T18:37:49+08:00 ] ::1 /Project/project/index.php/Home/Index/goods/pid/%E6%97%B6%E5%B0%9A%E5%A5%B3%E8%A3%85%E2%80%94%E2%80%94%E6%BD%AE%E6%B5%81%E8%B4%AD%E7%89%A9%20_%20H&M%20CN_files/hmprod(8)
INFO: [ app_init ] --START--
INFO: Run Behavior\BuildLiteBehavior [ RunTime:0.000000s ]
INFO: [ app_init ] --END-- [ RunTime:0.000000s ]
INFO: [ app_begin ] --START--
INFO: Run Behavior\ReadHtmlCacheBehavior [ RunTime:0.001000s ]
INFO: [ app_begin ] --END-- [ RunTime:0.001000s ]
SQL: SHOW COLUMNS FROM `hm_goods` [ RunTime:0.0130s ]
SQL: SHOW COLUMNS FROM `hm_type` [ RunTime:0.0090s ]
SQL: SELECT `id`,`name` FROM `hm_type` WHERE ( pid=0 )  [ RunTime:0.0090s ]
ERR: SQLSTATE[42000]: Syntax error or access violation: 1064 You have an error in your SQL syntax; check the manual that corresponds to your MySQL server version for the right syntax to use near '_ H&amp;M CN_files )' at line 1

[ 2017-04-15T18:37:50+08:00 ] ::1 /Project/project/index.php/Home/Index/goods/pid/%E6%97%B6%E5%B0%9A%E5%A5%B3%E8%A3%85%E2%80%94%E2%80%94%E6%BD%AE%E6%B5%81%E8%B4%AD%E7%89%A9%20_%20H&M%20CN_files/hmprod(9)
INFO: [ app_init ] --START--
INFO: Run Behavior\BuildLiteBehavior [ RunTime:0.000000s ]
INFO: [ app_init ] --END-- [ RunTime:0.000000s ]
INFO: [ app_begin ] --START--
INFO: Run Behavior\ReadHtmlCacheBehavior [ RunTime:0.001000s ]
INFO: [ app_begin ] --END-- [ RunTime:0.001000s ]
SQL: SHOW COLUMNS FROM `hm_goods` [ RunTime:0.0150s ]
SQL: SHOW COLUMNS FROM `hm_type` [ RunTime:0.0100s ]
SQL: SELECT `id`,`name` FROM `hm_type` WHERE ( pid=0 )  [ RunTime:0.0100s ]
ERR: SQLSTATE[42000]: Syntax error or access violation: 1064 You have an error in your SQL syntax; check the manual that corresponds to your MySQL server version for the right syntax to use near '_ H&amp;M CN_files )' at line 1

[ 2017-04-15T18:37:50+08:00 ] ::1 /Project/project/index.php/Home/Index/goods/pid/%E6%97%B6%E5%B0%9A%E5%A5%B3%E8%A3%85%E2%80%94%E2%80%94%E6%BD%AE%E6%B5%81%E8%B4%AD%E7%89%A9%20_%20H&M%20CN_files/hmprod(12)
INFO: [ app_init ] --START--
INFO: Run Behavior\BuildLiteBehavior [ RunTime:0.000000s ]
INFO: [ app_init ] --END-- [ RunTime:0.001001s ]
INFO: [ app_begin ] --START--
INFO: Run Behavior\ReadHtmlCacheBehavior [ RunTime:0.001000s ]
INFO: [ app_begin ] --END-- [ RunTime:0.002000s ]
SQL: SHOW COLUMNS FROM `hm_goods` [ RunTime:0.0170s ]
SQL: SHOW COLUMNS FROM `hm_type` [ RunTime:0.0100s ]
SQL: SELECT `id`,`name` FROM `hm_type` WHERE ( pid=0 )  [ RunTime:0.0190s ]
ERR: SQLSTATE[42000]: Syntax error or access violation: 1064 You have an error in your SQL syntax; check the manual that corresponds to your MySQL server version for the right syntax to use near '_ H&amp;M CN_files )' at line 1

[ 2017-04-15T18:37:50+08:00 ] ::1 /Project/project/index.php/Home/Index/base
INFO: [ app_init ] --START--
INFO: Run Behavior\BuildLiteBehavior [ RunTime:0.000000s ]
INFO: [ app_init ] --END-- [ RunTime:0.001000s ]
INFO: [ app_begin ] --START--
INFO: Run Behavior\ReadHtmlCacheBehavior [ RunTime:0.000000s ]
INFO: [ app_begin ] --END-- [ RunTime:0.000000s ]
SQL: SHOW COLUMNS FROM `hm_goods` [ RunTime:0.0110s ]
SQL: SHOW COLUMNS FROM `hm_type` [ RunTime:0.0130s ]
SQL: SELECT * FROM `hm_type` WHERE ( pid=16 )  [ RunTime:0.0090s ]
INFO: [ app_end ] --START--
INFO: Run Behavior\ShowPageTraceBehavior [ RunTime:0.002001s ]
INFO: [ app_end ] --END-- [ RunTime:0.002001s ]

[ 2017-04-15T18:40:30+08:00 ] ::1 /Project/project/index.php/Home/Index/goods/pid/16
INFO: [ app_init ] --START--
INFO: Run Behavior\BuildLiteBehavior [ RunTime:0.000000s ]
INFO: [ app_init ] --END-- [ RunTime:0.000000s ]
INFO: [ app_begin ] --START--
INFO: Run Behavior\ReadHtmlCacheBehavior [ RunTime:0.001000s ]
INFO: [ app_begin ] --END-- [ RunTime:0.001000s ]
SQL: SHOW COLUMNS FROM `hm_goods` [ RunTime:0.0110s ]
SQL: SHOW COLUMNS FROM `hm_type` [ RunTime:0.0100s ]
SQL: SELECT `id`,`name` FROM `hm_type` WHERE ( pid=0 )  [ RunTime:0.0110s ]
SQL: SELECT * FROM `hm_type` WHERE ( pid=16 )  [ RunTime:0.0110s ]
SQL: SELECT p.pic,g.id,g.name,g.price FROM hm_goods g,hm_goods_pic p,hm_type t WHERE t.pid=16 AND g.tid=t.id AND p.gid=g.id AND g.status='1' ORDER BY g.addtime DESC LIMIT 6 [ RunTime:0.0120s ]
INFO: [ view_parse ] --START--
INFO: [ template_filter ] --START--
INFO: Run Behavior\ContentReplaceBehavior [ RunTime:0.001000s ]
INFO: [ template_filter ] --END-- [ RunTime:0.001000s ]
INFO: Run Behavior\ParseTemplateBehavior [ RunTime:0.051003s ]
INFO: [ view_parse ] --END-- [ RunTime:0.051003s ]
INFO: [ view_filter ] --START--
INFO: Run Behavior\WriteHtmlCacheBehavior [ RunTime:0.001000s ]
INFO: [ view_filter ] --END-- [ RunTime:0.001000s ]
INFO: [ app_end ] --START--
INFO: Run Behavior\ShowPageTraceBehavior [ RunTime:0.001000s ]
INFO: [ app_end ] --END-- [ RunTime:0.002000s ]

[ 2017-04-15T18:40:31+08:00 ] ::1 /Project/project/index.php/Home/Index/goods/pid/%E6%97%B6%E5%B0%9A%E5%A5%B3%E8%A3%85%E2%80%94%E2%80%94%E6%BD%AE%E6%B5%81%E8%B4%AD%E7%89%A9%20_%20H&M%20CN_files/hmprod
INFO: [ app_init ] --START--
INFO: Run Behavior\BuildLiteBehavior [ RunTime:0.000000s ]
INFO: [ app_init ] --END-- [ RunTime:0.001000s ]
INFO: [ app_begin ] --START--
INFO: Run Behavior\ReadHtmlCacheBehavior [ RunTime:0.000000s ]
INFO: [ app_begin ] --END-- [ RunTime:0.001000s ]
SQL: SHOW COLUMNS FROM `hm_goods` [ RunTime:0.0230s ]
SQL: SHOW COLUMNS FROM `hm_type` [ RunTime:0.0320s ]
SQL: SELECT `id`,`name` FROM `hm_type` WHERE ( pid=0 )  [ RunTime:0.0240s ]
ERR: SQLSTATE[42000]: Syntax error or access violation: 1064 You have an error in your SQL syntax; check the manual that corresponds to your MySQL server version for the right syntax to use near '_ H&amp;M CN_files )' at line 1

[ 2017-04-15T18:40:31+08:00 ] ::1 /Project/project/index.php/Home/Index/goods/pid/%E6%97%B6%E5%B0%9A%E5%A5%B3%E8%A3%85%E2%80%94%E2%80%94%E6%BD%AE%E6%B5%81%E8%B4%AD%E7%89%A9%20_%20H&M%20CN_files/hmprod(10)
INFO: [ app_init ] --START--
INFO: Run Behavior\BuildLiteBehavior [ RunTime:0.000000s ]
INFO: [ app_init ] --END-- [ RunTime:0.000000s ]
INFO: [ app_begin ] --START--
INFO: Run Behavior\ReadHtmlCacheBehavior [ RunTime:0.001001s ]
INFO: [ app_begin ] --END-- [ RunTime:0.001001s ]
SQL: SHOW COLUMNS FROM `hm_goods` [ RunTime:0.0110s ]
SQL: SHOW COLUMNS FROM `hm_type` [ RunTime:0.0100s ]
SQL: SELECT `id`,`name` FROM `hm_type` WHERE ( pid=0 )  [ RunTime:0.0110s ]
ERR: SQLSTATE[42000]: Syntax error or access violation: 1064 You have an error in your SQL syntax; check the manual that corresponds to your MySQL server version for the right syntax to use near '_ H&amp;M CN_files )' at line 1

[ 2017-04-15T18:40:31+08:00 ] ::1 /Project/project/index.php/Home/Index/goods/pid/%E6%97%B6%E5%B0%9A%E5%A5%B3%E8%A3%85%E2%80%94%E2%80%94%E6%BD%AE%E6%B5%81%E8%B4%AD%E7%89%A9%20_%20H&M%20CN_files/hmprod(7)
INFO: [ app_init ] --START--
INFO: Run Behavior\BuildLiteBehavior [ RunTime:0.000000s ]
INFO: [ app_init ] --END-- [ RunTime:0.000000s ]
INFO: [ app_begin ] --START--
INFO: Run Behavior\ReadHtmlCacheBehavior [ RunTime:0.001000s ]
INFO: [ app_begin ] --END-- [ RunTime:0.001000s ]
SQL: SHOW COLUMNS FROM `hm_goods` [ RunTime:0.0110s ]
SQL: SHOW COLUMNS FROM `hm_type` [ RunTime:0.0090s ]
SQL: SELECT `id`,`name` FROM `hm_type` WHERE ( pid=0 )  [ RunTime:0.0170s ]
ERR: SQLSTATE[42000]: Syntax error or access violation: 1064 You have an error in your SQL syntax; check the manual that corresponds to your MySQL server version for the right syntax to use near '_ H&amp;M CN_files )' at line 1

[ 2017-04-15T18:40:31+08:00 ] ::1 /Project/project/index.php/Home/Index/goods/pid/%E6%97%B6%E5%B0%9A%E5%A5%B3%E8%A3%85%E2%80%94%E2%80%94%E6%BD%AE%E6%B5%81%E8%B4%AD%E7%89%A9%20_%20H&M%20CN_files/hmprod(12)
INFO: [ app_init ] --START--
INFO: Run Behavior\BuildLiteBehavior [ RunTime:0.000000s ]
INFO: [ app_init ] --END-- [ RunTime:0.000000s ]
INFO: [ app_begin ] --START--
INFO: Run Behavior\ReadHtmlCacheBehavior [ RunTime:0.001000s ]
INFO: [ app_begin ] --END-- [ RunTime:0.001000s ]
SQL: SHOW COLUMNS FROM `hm_goods` [ RunTime:0.0110s ]
SQL: SHOW COLUMNS FROM `hm_type` [ RunTime:0.0330s ]
SQL: SELECT `id`,`name` FROM `hm_type` WHERE ( pid=0 )  [ RunTime:0.0100s ]
ERR: SQLSTATE[42000]: Syntax error or access violation: 1064 You have an error in your SQL syntax; check the manual that corresponds to your MySQL server version for the right syntax to use near '_ H&amp;M CN_files )' at line 1

[ 2017-04-15T18:40:31+08:00 ] ::1 /Project/project/index.php/Home/Index/goods/pid/%E6%97%B6%E5%B0%9A%E5%A5%B3%E8%A3%85%E2%80%94%E2%80%94%E6%BD%AE%E6%B5%81%E8%B4%AD%E7%89%A9%20_%20H&M%20CN_files/hmprod(9)
INFO: [ app_init ] --START--
INFO: Run Behavior\BuildLiteBehavior [ RunTime:0.000000s ]
INFO: [ app_init ] --END-- [ RunTime:0.000000s ]
INFO: [ app_begin ] --START--
INFO: Run Behavior\ReadHtmlCacheBehavior [ RunTime:0.001000s ]
INFO: [ app_begin ] --END-- [ RunTime:0.001000s ]
SQL: SHOW COLUMNS FROM `hm_goods` [ RunTime:0.0110s ]
SQL: SHOW COLUMNS FROM `hm_type` [ RunTime:0.0100s ]
SQL: SELECT `id`,`name` FROM `hm_type` WHERE ( pid=0 )  [ RunTime:0.0100s ]
ERR: SQLSTATE[42000]: Syntax error or access violation: 1064 You have an error in your SQL syntax; check the manual that corresponds to your MySQL server version for the right syntax to use near '_ H&amp;M CN_files )' at line 1

[ 2017-04-15T18:40:31+08:00 ] ::1 /Project/project/index.php/Home/Index/goods/pid/%E6%97%B6%E5%B0%9A%E5%A5%B3%E8%A3%85%E2%80%94%E2%80%94%E6%BD%AE%E6%B5%81%E8%B4%AD%E7%89%A9%20_%20H&M%20CN_files/hmprod(8)
INFO: [ app_init ] --START--
INFO: Run Behavior\BuildLiteBehavior [ RunTime:0.000000s ]
INFO: [ app_init ] --END-- [ RunTime:0.001000s ]
INFO: [ app_begin ] --START--
INFO: Run Behavior\ReadHtmlCacheBehavior [ RunTime:0.001000s ]
INFO: [ app_begin ] --END-- [ RunTime:0.001000s ]
SQL: SHOW COLUMNS FROM `hm_goods` [ RunTime:0.0090s ]
SQL: SHOW COLUMNS FROM `hm_type` [ RunTime:0.0100s ]
SQL: SELECT `id`,`name` FROM `hm_type` WHERE ( pid=0 )  [ RunTime:0.0090s ]
ERR: SQLSTATE[42000]: Syntax error or access violation: 1064 You have an error in your SQL syntax; check the manual that corresponds to your MySQL server version for the right syntax to use near '_ H&amp;M CN_files )' at line 1

[ 2017-04-15T18:42:35+08:00 ] ::1 /Project/project/index.php/Home/Index/goods/pid/16
INFO: [ app_init ] --START--
INFO: Run Behavior\BuildLiteBehavior [ RunTime:0.001000s ]
INFO: [ app_init ] --END-- [ RunTime:0.001000s ]
INFO: [ app_begin ] --START--
INFO: Run Behavior\ReadHtmlCacheBehavior [ RunTime:0.001000s ]
INFO: [ app_begin ] --END-- [ RunTime:0.001000s ]
SQL: SHOW COLUMNS FROM `hm_goods` [ RunTime:0.0230s ]
SQL: SHOW COLUMNS FROM `hm_type` [ RunTime:0.0120s ]
SQL: SELECT `id`,`name` FROM `hm_type` WHERE ( pid=0 )  [ RunTime:0.0090s ]
SQL: SELECT * FROM `hm_type` WHERE ( pid=16 )  [ RunTime:0.0100s ]
SQL: SELECT p.pic,g.id,g.name,g.price FROM hm_goods g,hm_goods_pic p,hm_type t WHERE t.pid=16 AND g.tid=t.id AND p.gid=g.id AND g.status='1' ORDER BY g.addtime DESC LIMIT 6 [ RunTime:0.0100s ]
INFO: [ view_parse ] --START--
INFO: [ template_filter ] --START--
INFO: Run Behavior\ContentReplaceBehavior [ RunTime:0.000000s ]
INFO: [ template_filter ] --END-- [ RunTime:0.000000s ]
INFO: Run Behavior\ParseTemplateBehavior [ RunTime:0.025002s ]
INFO: [ view_parse ] --END-- [ RunTime:0.025002s ]
INFO: [ view_filter ] --START--
INFO: Run Behavior\WriteHtmlCacheBehavior [ RunTime:0.001000s ]
INFO: [ view_filter ] --END-- [ RunTime:0.002000s ]
INFO: [ app_end ] --START--
INFO: Run Behavior\ShowPageTraceBehavior [ RunTime:0.002000s ]
INFO: [ app_end ] --END-- [ RunTime:0.002000s ]

[ 2017-04-15T18:42:36+08:00 ] ::1 /Project/project/index.php/Home/Index/goods/pid/%E6%97%B6%E5%B0%9A%E5%A5%B3%E8%A3%85%E2%80%94%E2%80%94%E6%BD%AE%E6%B5%81%E8%B4%AD%E7%89%A9%20_%20H&M%20CN_files/hmprod
INFO: [ app_init ] --START--
INFO: Run Behavior\BuildLiteBehavior [ RunTime:0.000000s ]
INFO: [ app_init ] --END-- [ RunTime:0.000000s ]
INFO: [ app_begin ] --START--
INFO: Run Behavior\ReadHtmlCacheBehavior [ RunTime:0.001000s ]
INFO: [ app_begin ] --END-- [ RunTime:0.001000s ]
SQL: SHOW COLUMNS FROM `hm_goods` [ RunTime:0.0130s ]
SQL: SHOW COLUMNS FROM `hm_type` [ RunTime:0.0190s ]
SQL: SELECT `id`,`name` FROM `hm_type` WHERE ( pid=0 )  [ RunTime:0.0080s ]
ERR: SQLSTATE[42000]: Syntax error or access violation: 1064 You have an error in your SQL syntax; check the manual that corresponds to your MySQL server version for the right syntax to use near '_ H&amp;M CN_files )' at line 1

[ 2017-04-15T18:42:36+08:00 ] ::1 /Project/project/index.php/Home/Index/goods/pid/%E6%97%B6%E5%B0%9A%E5%A5%B3%E8%A3%85%E2%80%94%E2%80%94%E6%BD%AE%E6%B5%81%E8%B4%AD%E7%89%A9%20_%20H&M%20CN_files/hmprod(12)
INFO: [ app_init ] --START--
INFO: Run Behavior\BuildLiteBehavior [ RunTime:0.000000s ]
INFO: [ app_init ] --END-- [ RunTime:0.000000s ]
INFO: [ app_begin ] --START--
INFO: Run Behavior\ReadHtmlCacheBehavior [ RunTime:0.001000s ]
INFO: [ app_begin ] --END-- [ RunTime:0.001000s ]
SQL: SHOW COLUMNS FROM `hm_goods` [ RunTime:0.0090s ]
SQL: SHOW COLUMNS FROM `hm_type` [ RunTime:0.0100s ]
SQL: SELECT `id`,`name` FROM `hm_type` WHERE ( pid=0 )  [ RunTime:0.0120s ]
ERR: SQLSTATE[42000]: Syntax error or access violation: 1064 You have an error in your SQL syntax; check the manual that corresponds to your MySQL server version for the right syntax to use near '_ H&amp;M CN_files )' at line 1

[ 2017-04-15T18:42:36+08:00 ] ::1 /Project/project/index.php/Home/Index/goods/pid/%E6%97%B6%E5%B0%9A%E5%A5%B3%E8%A3%85%E2%80%94%E2%80%94%E6%BD%AE%E6%B5%81%E8%B4%AD%E7%89%A9%20_%20H&M%20CN_files/hmprod(9)
INFO: [ app_init ] --START--
INFO: Run Behavior\BuildLiteBehavior [ RunTime:0.000000s ]
INFO: [ app_init ] --END-- [ RunTime:0.001000s ]
INFO: [ app_begin ] --START--
INFO: Run Behavior\ReadHtmlCacheBehavior [ RunTime:0.001000s ]
INFO: [ app_begin ] --END-- [ RunTime:0.001000s ]
SQL: SHOW COLUMNS FROM `hm_goods` [ RunTime:0.0100s ]
SQL: SHOW COLUMNS FROM `hm_type` [ RunTime:0.0350s ]
SQL: SELECT `id`,`name` FROM `hm_type` WHERE ( pid=0 )  [ RunTime:0.0290s ]
ERR: SQLSTATE[42000]: Syntax error or access violation: 1064 You have an error in your SQL syntax; check the manual that corresponds to your MySQL server version for the right syntax to use near '_ H&amp;M CN_files )' at line 1

[ 2017-04-15T18:42:36+08:00 ] ::1 /Project/project/index.php/Home/Index/goods/pid/%E6%97%B6%E5%B0%9A%E5%A5%B3%E8%A3%85%E2%80%94%E2%80%94%E6%BD%AE%E6%B5%81%E8%B4%AD%E7%89%A9%20_%20H&M%20CN_files/hmprod(8)
INFO: [ app_init ] --START--
INFO: Run Behavior\BuildLiteBehavior [ RunTime:0.000000s ]
INFO: [ app_init ] --END-- [ RunTime:0.001000s ]
INFO: [ app_begin ] --START--
INFO: Run Behavior\ReadHtmlCacheBehavior [ RunTime:0.000000s ]
INFO: [ app_begin ] --END-- [ RunTime:0.000000s ]
SQL: SHOW COLUMNS FROM `hm_goods` [ RunTime:0.0100s ]
SQL: SHOW COLUMNS FROM `hm_type` [ RunTime:0.0110s ]
SQL: SELECT `id`,`name` FROM `hm_type` WHERE ( pid=0 )  [ RunTime:0.0090s ]
ERR: SQLSTATE[42000]: Syntax error or access violation: 1064 You have an error in your SQL syntax; check the manual that corresponds to your MySQL server version for the right syntax to use near '_ H&amp;M CN_files )' at line 1

[ 2017-04-15T18:42:36+08:00 ] ::1 /Project/project/index.php/Home/Index/goods/pid/%E6%97%B6%E5%B0%9A%E5%A5%B3%E8%A3%85%E2%80%94%E2%80%94%E6%BD%AE%E6%B5%81%E8%B4%AD%E7%89%A9%20_%20H&M%20CN_files/hmprod(10)
INFO: [ app_init ] --START--
INFO: Run Behavior\BuildLiteBehavior [ RunTime:0.000000s ]
INFO: [ app_init ] --END-- [ RunTime:0.001000s ]
INFO: [ app_begin ] --START--
INFO: Run Behavior\ReadHtmlCacheBehavior [ RunTime:0.001001s ]
INFO: [ app_begin ] --END-- [ RunTime:0.001001s ]
SQL: SHOW COLUMNS FROM `hm_goods` [ RunTime:0.0170s ]
SQL: SHOW COLUMNS FROM `hm_type` [ RunTime:0.0090s ]
SQL: SELECT `id`,`name` FROM `hm_type` WHERE ( pid=0 )  [ RunTime:0.0190s ]
ERR: SQLSTATE[42000]: Syntax error or access violation: 1064 You have an error in your SQL syntax; check the manual that corresponds to your MySQL server version for the right syntax to use near '_ H&amp;M CN_files )' at line 1

[ 2017-04-15T18:42:36+08:00 ] ::1 /Project/project/index.php/Home/Index/goods/pid/%E6%97%B6%E5%B0%9A%E5%A5%B3%E8%A3%85%E2%80%94%E2%80%94%E6%BD%AE%E6%B5%81%E8%B4%AD%E7%89%A9%20_%20H&M%20CN_files/hmprod(7)
INFO: [ app_init ] --START--
INFO: Run Behavior\BuildLiteBehavior [ RunTime:0.000000s ]
INFO: [ app_init ] --END-- [ RunTime:0.000000s ]
INFO: [ app_begin ] --START--
INFO: Run Behavior\ReadHtmlCacheBehavior [ RunTime:0.001000s ]
INFO: [ app_begin ] --END-- [ RunTime:0.001000s ]
SQL: SHOW COLUMNS FROM `hm_goods` [ RunTime:0.0110s ]
SQL: SHOW COLUMNS FROM `hm_type` [ RunTime:0.0180s ]
SQL: SELECT `id`,`name` FROM `hm_type` WHERE ( pid=0 )  [ RunTime:0.0090s ]
ERR: SQLSTATE[42000]: Syntax error or access violation: 1064 You have an error in your SQL syntax; check the manual that corresponds to your MySQL server version for the right syntax to use near '_ H&amp;M CN_files )' at line 1

