[ 2017-04-09T17:31:09+08:00 ] ::1 /Project/project/Public/show/images/sprites.png
INFO: [ app_init ] --START--
INFO: Run Behavior\BuildLiteBehavior [ RunTime:0.000000s ]
INFO: [ app_init ] --END-- [ RunTime:0.001000s ]
ERR: 无法加载模块:Public

[ 2017-04-09T17:31:09+08:00 ] ::1 /Project/project/Public/shared/images/chat-icon.png
INFO: [ app_init ] --START--
INFO: Run Behavior\BuildLiteBehavior [ RunTime:0.000000s ]
INFO: [ app_init ] --END-- [ RunTime:0.001000s ]
ERR: 无法加载模块:Public

[ 2017-04-09T17:31:09+08:00 ] ::1 /Project/project/Public/show/fonts/hm_amperserif/disp_regular/hmamperserif_disp_regular.woff
INFO: [ app_init ] --START--
INFO: Run Behavior\BuildLiteBehavior [ RunTime:0.000000s ]
INFO: [ app_init ] --END-- [ RunTime:0.001000s ]
ERR: 无法加载模块:Public

[ 2017-04-09T17:31:09+08:00 ] ::1 /Project/project/Public/show/fonts/hm_amperserif/text_regular/hmamperserif_text_regular.woff
INFO: [ app_init ] --START--
INFO: Run Behavior\BuildLiteBehavior [ RunTime:0.000000s ]
INFO: [ app_init ] --END-- [ RunTime:0.001000s ]
ERR: 无法加载模块:Public

[ 2017-04-09T17:31:10+08:00 ] ::1 /Project/project/Public/show/fonts/hm_amperserif/disp_regular/hmamperserif_disp_regular.ttf
INFO: [ app_init ] --START--
INFO: Run Behavior\BuildLiteBehavior [ RunTime:0.000000s ]
INFO: [ app_init ] --END-- [ RunTime:0.000000s ]
ERR: 无法加载模块:Public

[ 2017-04-09T17:31:10+08:00 ] ::1 /Project/project/Public/show/fonts/hm_ampersand/regular/hmampersand_regular.ttf
INFO: [ app_init ] --START--
INFO: Run Behavior\BuildLiteBehavior [ RunTime:0.000000s ]
INFO: [ app_init ] --END-- [ RunTime:0.001000s ]
ERR: 无法加载模块:Public

[ 2017-04-09T17:31:10+08:00 ] ::1 /Project/project/Public/show/fonts/hm_amperserif/text_regular/hmamperserif_text_regular.ttf
INFO: [ app_init ] --START--
INFO: Run Behavior\BuildLiteBehavior [ RunTime:0.000000s ]
INFO: [ app_init ] --END-- [ RunTime:0.000000s ]
ERR: 无法加载模块:Public

[ 2017-04-09T21:16:14+08:00 ] ::1 /Project/project/Public/show/fonts/hm_ampersand/regular/hmampersand_regular.woff
INFO: [ app_init ] --START--
INFO: Run Behavior\BuildLiteBehavior [ RunTime:0.000000s ]
INFO: [ app_init ] --END-- [ RunTime:0.000000s ]
ERR: 无法加载模块:Public

[ 2017-04-09T21:16:14+08:00 ] ::1 /Project/project/Public/show/images/sprites.png
INFO: [ app_init ] --START--
INFO: Run Behavior\BuildLiteBehavior [ RunTime:0.000000s ]
INFO: [ app_init ] --END-- [ RunTime:0.001000s ]
ERR: 无法加载模块:Public

[ 2017-04-09T21:16:14+08:00 ] ::1 /Project/project/Public/show/fonts/hm_amperserif/disp_regular/hmamperserif_disp_regular.woff
INFO: [ app_init ] --START--
INFO: Run Behavior\BuildLiteBehavior [ RunTime:0.000000s ]
INFO: [ app_init ] --END-- [ RunTime:0.001000s ]
ERR: 无法加载模块:Public

[ 2017-04-09T21:16:14+08:00 ] ::1 /Project/project/Public/shared/images/chat-icon.png
INFO: [ app_init ] --START--
INFO: Run Behavior\BuildLiteBehavior [ RunTime:0.000000s ]
INFO: [ app_init ] --END-- [ RunTime:0.001000s ]
ERR: 无法加载模块:Public

[ 2017-04-09T21:16:14+08:00 ] ::1 /Project/project/Public/show/fonts/hm_amperserif/text_regular/hmamperserif_text_regular.woff
INFO: [ app_init ] --START--
INFO: Run Behavior\BuildLiteBehavior [ RunTime:0.000000s ]
INFO: [ app_init ] --END-- [ RunTime:0.001000s ]
ERR: 无法加载模块:Public

[ 2017-04-09T21:16:14+08:00 ] ::1 /Project/project/Public/show/fonts/hm_ampersand/regular/hmampersand_regular.ttf
INFO: [ app_init ] --START--
INFO: Run Behavior\BuildLiteBehavior [ RunTime:0.001000s ]
INFO: [ app_init ] --END-- [ RunTime:0.001000s ]
ERR: 无法加载模块:Public

[ 2017-04-09T21:16:14+08:00 ] ::1 /Project/project/Public/show/fonts/hm_amperserif/disp_regular/hmamperserif_disp_regular.ttf
INFO: [ app_init ] --START--
INFO: Run Behavior\BuildLiteBehavior [ RunTime:0.000000s ]
INFO: [ app_init ] --END-- [ RunTime:0.000000s ]
ERR: 无法加载模块:Public

[ 2017-04-09T21:16:14+08:00 ] ::1 /Project/project/Public/show/fonts/hm_amperserif/text_regular/hmamperserif_text_regular.ttf
INFO: [ app_init ] --START--
INFO: Run Behavior\BuildLiteBehavior [ RunTime:0.000000s ]
INFO: [ app_init ] --END-- [ RunTime:0.000000s ]
ERR: 无法加载模块:Public

[ 2017-04-09T21:16:27+08:00 ] ::1 /Project/project/Public/Backstage/i/favicon.png
INFO: [ app_init ] --START--
INFO: Run Behavior\BuildLiteBehavior [ RunTime:0.000000s ]
INFO: [ app_init ] --END-- [ RunTime:0.000000s ]
ERR: 无法加载模块:Public

