[ 2017-04-11T09:00:40+08:00 ] ::1 /Project/project/Public/show/fonts/hm_amperserif/text_regular/hmamperserif_text_regular.woff
INFO: [ app_init ] --START--
INFO: Run Behavior\BuildLiteBehavior [ RunTime:0.000000s ]
INFO: [ app_init ] --END-- [ RunTime:0.000000s ]
ERR: 无法加载模块:Public

[ 2017-04-11T09:00:40+08:00 ] ::1 /Project/project/Public/show/images/sprites.png
INFO: [ app_init ] --START--
INFO: Run Behavior\BuildLiteBehavior [ RunTime:0.000000s ]
INFO: [ app_init ] --END-- [ RunTime:0.001000s ]
ERR: 无法加载模块:Public

[ 2017-04-11T09:00:40+08:00 ] ::1 /Project/project/Public/show/fonts/hm_ampersand/regular/hmampersand_regular.woff
INFO: [ app_init ] --START--
INFO: Run Behavior\BuildLiteBehavior [ RunTime:0.000000s ]
INFO: [ app_init ] --END-- [ RunTime:0.001000s ]
ERR: 无法加载模块:Public

[ 2017-04-11T09:00:40+08:00 ] ::1 /Project/project/Public/shared/images/chat-icon.png
INFO: [ app_init ] --START--
INFO: Run Behavior\BuildLiteBehavior [ RunTime:0.000000s ]
INFO: [ app_init ] --END-- [ RunTime:0.000000s ]
ERR: 无法加载模块:Public

[ 2017-04-11T09:00:40+08:00 ] ::1 /Project/project/Public/show/fonts/hm_amperserif/disp_regular/hmamperserif_disp_regular.woff
INFO: [ app_init ] --START--
INFO: Run Behavior\BuildLiteBehavior [ RunTime:0.000000s ]
INFO: [ app_init ] --END-- [ RunTime:0.000000s ]
ERR: 无法加载模块:Public

[ 2017-04-11T09:00:42+08:00 ] ::1 /Project/project/Public/show/fonts/hm_amperserif/text_regular/hmamperserif_text_regular.ttf
INFO: [ app_init ] --START--
INFO: Run Behavior\BuildLiteBehavior [ RunTime:0.000000s ]
INFO: [ app_init ] --END-- [ RunTime:0.001000s ]
ERR: 无法加载模块:Public

[ 2017-04-11T09:00:42+08:00 ] ::1 /Project/project/Public/show/fonts/hm_ampersand/regular/hmampersand_regular.ttf
INFO: [ app_init ] --START--
INFO: Run Behavior\BuildLiteBehavior [ RunTime:0.000000s ]
INFO: [ app_init ] --END-- [ RunTime:0.001000s ]
ERR: 无法加载模块:Public

[ 2017-04-11T09:00:42+08:00 ] ::1 /Project/project/Public/show/fonts/hm_amperserif/disp_regular/hmamperserif_disp_regular.ttf
INFO: [ app_init ] --START--
INFO: Run Behavior\BuildLiteBehavior [ RunTime:0.000000s ]
INFO: [ app_init ] --END-- [ RunTime:0.001000s ]
ERR: 无法加载模块:Public

[ 2017-04-11T09:01:07+08:00 ] ::1 /Project/project/Public/show/fonts/hm_ampersand/regular/hmampersand_regular.woff
INFO: [ app_init ] --START--
INFO: Run Behavior\BuildLiteBehavior [ RunTime:0.000000s ]
INFO: [ app_init ] --END-- [ RunTime:0.001000s ]
ERR: 无法加载模块:Public

[ 2017-04-11T09:01:07+08:00 ] ::1 /Project/project/Public/show/images/sprites.png
INFO: [ app_init ] --START--
INFO: Run Behavior\BuildLiteBehavior [ RunTime:0.000000s ]
INFO: [ app_init ] --END-- [ RunTime:0.001000s ]
ERR: 无法加载模块:Public

[ 2017-04-11T09:01:07+08:00 ] ::1 /Project/project/Public/show/fonts/hm_amperserif/disp_regular/hmamperserif_disp_regular.woff
INFO: [ app_init ] --START--
INFO: Run Behavior\BuildLiteBehavior [ RunTime:0.000000s ]
INFO: [ app_init ] --END-- [ RunTime:0.001001s ]
ERR: 无法加载模块:Public

[ 2017-04-11T09:01:07+08:00 ] ::1 /Project/project/Public/show/fonts/hm_amperserif/text_regular/hmamperserif_text_regular.woff
INFO: [ app_init ] --START--
INFO: Run Behavior\BuildLiteBehavior [ RunTime:0.000000s ]
INFO: [ app_init ] --END-- [ RunTime:0.000000s ]
ERR: 无法加载模块:Public

[ 2017-04-11T09:01:07+08:00 ] ::1 /Project/project/Public/shared/images/chat-icon.png
INFO: [ app_init ] --START--
INFO: Run Behavior\BuildLiteBehavior [ RunTime:0.000000s ]
INFO: [ app_init ] --END-- [ RunTime:0.000000s ]
ERR: 无法加载模块:Public

[ 2017-04-11T09:01:07+08:00 ] ::1 /Project/project/Public/show/fonts/hm_amperserif/disp_regular/hmamperserif_disp_regular.ttf
INFO: [ app_init ] --START--
INFO: Run Behavior\BuildLiteBehavior [ RunTime:0.001000s ]
INFO: [ app_init ] --END-- [ RunTime:0.001000s ]
ERR: 无法加载模块:Public

[ 2017-04-11T09:01:07+08:00 ] ::1 /Project/project/Public/show/fonts/hm_ampersand/regular/hmampersand_regular.ttf
INFO: [ app_init ] --START--
INFO: Run Behavior\BuildLiteBehavior [ RunTime:0.000000s ]
INFO: [ app_init ] --END-- [ RunTime:0.000000s ]
ERR: 无法加载模块:Public

[ 2017-04-11T09:01:07+08:00 ] ::1 /Project/project/Public/show/fonts/hm_amperserif/text_regular/hmamperserif_text_regular.ttf
INFO: [ app_init ] --START--
INFO: Run Behavior\BuildLiteBehavior [ RunTime:0.000000s ]
INFO: [ app_init ] --END-- [ RunTime:0.001000s ]
ERR: 无法加载模块:Public

[ 2017-04-11T09:01:34+08:00 ] ::1 /Project/project/Public/Backstage/i/favicon.png
INFO: [ app_init ] --START--
INFO: Run Behavior\BuildLiteBehavior [ RunTime:0.000000s ]
INFO: [ app_init ] --END-- [ RunTime:0.000000s ]
ERR: 无法加载模块:Public

[ 2017-04-11T09:07:45+08:00 ] ::1 /Project/project/Public/show/fonts/hm_amperserif/disp_regular/hmamperserif_disp_regular.woff
INFO: [ app_init ] --START--
INFO: Run Behavior\BuildLiteBehavior [ RunTime:0.000000s ]
INFO: [ app_init ] --END-- [ RunTime:0.000000s ]
ERR: 无法加载模块:Public

[ 2017-04-11T09:07:45+08:00 ] ::1 /Project/project/Public/show/fonts/hm_ampersand/regular/hmampersand_regular.woff
INFO: [ app_init ] --START--
INFO: Run Behavior\BuildLiteBehavior [ RunTime:0.000000s ]
INFO: [ app_init ] --END-- [ RunTime:0.001000s ]
ERR: 无法加载模块:Public

[ 2017-04-11T09:07:45+08:00 ] ::1 /Project/project/Public/show/images/sprites.png
INFO: [ app_init ] --START--
INFO: Run Behavior\BuildLiteBehavior [ RunTime:0.000000s ]
INFO: [ app_init ] --END-- [ RunTime:0.000000s ]
ERR: 无法加载模块:Public

[ 2017-04-11T09:07:45+08:00 ] ::1 /Project/project/Public/show/fonts/hm_amperserif/text_regular/hmamperserif_text_regular.woff
INFO: [ app_init ] --START--
INFO: Run Behavior\BuildLiteBehavior [ RunTime:0.000000s ]
INFO: [ app_init ] --END-- [ RunTime:0.001000s ]
ERR: 无法加载模块:Public

[ 2017-04-11T09:07:45+08:00 ] ::1 /Project/project/Public/shared/images/chat-icon.png
INFO: [ app_init ] --START--
INFO: Run Behavior\BuildLiteBehavior [ RunTime:0.000000s ]
INFO: [ app_init ] --END-- [ RunTime:0.001000s ]
ERR: 无法加载模块:Public

[ 2017-04-11T09:07:45+08:00 ] ::1 /Project/project/Public/show/fonts/hm_amperserif/disp_regular/hmamperserif_disp_regular.ttf
INFO: [ app_init ] --START--
INFO: Run Behavior\BuildLiteBehavior [ RunTime:0.000000s ]
INFO: [ app_init ] --END-- [ RunTime:0.001000s ]
ERR: 无法加载模块:Public

[ 2017-04-11T09:07:45+08:00 ] ::1 /Project/project/Public/show/fonts/hm_ampersand/regular/hmampersand_regular.ttf
INFO: [ app_init ] --START--
INFO: Run Behavior\BuildLiteBehavior [ RunTime:0.000000s ]
INFO: [ app_init ] --END-- [ RunTime:0.000000s ]
ERR: 无法加载模块:Public

[ 2017-04-11T09:07:45+08:00 ] ::1 /Project/project/Public/show/fonts/hm_amperserif/text_regular/hmamperserif_text_regular.ttf
INFO: [ app_init ] --START--
INFO: Run Behavior\BuildLiteBehavior [ RunTime:0.000000s ]
INFO: [ app_init ] --END-- [ RunTime:0.001000s ]
ERR: 无法加载模块:Public

[ 2017-04-11T13:40:46+08:00 ] ::1 /Project/project/Public/show/fonts/hm_amperserif/disp_regular/hmamperserif_disp_regular.woff
INFO: [ app_init ] --START--
INFO: Run Behavior\BuildLiteBehavior [ RunTime:0.000000s ]
INFO: [ app_init ] --END-- [ RunTime:0.001000s ]
ERR: 无法加载模块:Public

[ 2017-04-11T13:40:46+08:00 ] ::1 /Project/project/Public/show/fonts/hm_ampersand/regular/hmampersand_regular.woff
INFO: [ app_init ] --START--
INFO: Run Behavior\BuildLiteBehavior [ RunTime:0.000000s ]
INFO: [ app_init ] --END-- [ RunTime:0.001000s ]
ERR: 无法加载模块:Public

[ 2017-04-11T13:40:46+08:00 ] ::1 /Project/project/Public/show/images/sprites.png
INFO: [ app_init ] --START--
INFO: Run Behavior\BuildLiteBehavior [ RunTime:0.000000s ]
INFO: [ app_init ] --END-- [ RunTime:0.001000s ]
ERR: 无法加载模块:Public

[ 2017-04-11T13:40:46+08:00 ] ::1 /Project/project/Public/shared/images/chat-icon.png
INFO: [ app_init ] --START--
INFO: Run Behavior\BuildLiteBehavior [ RunTime:0.000000s ]
INFO: [ app_init ] --END-- [ RunTime:0.001000s ]
ERR: 无法加载模块:Public

[ 2017-04-11T13:40:46+08:00 ] ::1 /Project/project/Public/show/fonts/hm_amperserif/text_regular/hmamperserif_text_regular.ttf
INFO: [ app_init ] --START--
INFO: Run Behavior\BuildLiteBehavior [ RunTime:0.000000s ]
INFO: [ app_init ] --END-- [ RunTime:0.000000s ]
ERR: 无法加载模块:Public

[ 2017-04-11T13:40:46+08:00 ] ::1 /Project/project/Public/show/fonts/hm_ampersand/regular/hmampersand_regular.ttf
INFO: [ app_init ] --START--
INFO: Run Behavior\BuildLiteBehavior [ RunTime:0.000000s ]
INFO: [ app_init ] --END-- [ RunTime:0.000000s ]
ERR: 无法加载模块:Public

[ 2017-04-11T13:40:46+08:00 ] ::1 /Project/project/Public/show/fonts/hm_amperserif/disp_regular/hmamperserif_disp_regular.ttf
INFO: [ app_init ] --START--
INFO: Run Behavior\BuildLiteBehavior [ RunTime:0.000000s ]
INFO: [ app_init ] --END-- [ RunTime:0.000000s ]
ERR: 无法加载模块:Public

[ 2017-04-11T13:41:01+08:00 ] ::1 /Project/project/Public/Backstage/i/favicon.png
INFO: [ app_init ] --START--
INFO: Run Behavior\BuildLiteBehavior [ RunTime:0.000000s ]
INFO: [ app_init ] --END-- [ RunTime:0.000000s ]
ERR: 无法加载模块:Public

[ 2017-04-11T15:05:05+08:00 ] ::1 /Project/project/Public/Upload/2016-11-28/583b5327167e5.jpg
INFO: [ app_init ] --START--
INFO: Run Behavior\BuildLiteBehavior [ RunTime:0.000000s ]
INFO: [ app_init ] --END-- [ RunTime:0.001000s ]
ERR: 无法加载模块:Public

[ 2017-04-11T15:05:05+08:00 ] ::1 /Project/project/Public/Upload/2016-11-28/583b5327167e5.jpg
INFO: [ app_init ] --START--
INFO: Run Behavior\BuildLiteBehavior [ RunTime:0.000000s ]
INFO: [ app_init ] --END-- [ RunTime:0.000000s ]
ERR: 无法加载模块:Public

