[ 2017-04-10T08:53:53+08:00 ] ::1 /Project/project/Public/show/fonts/hm_amperserif/text_regular/hmamperserif_text_regular.woff
INFO: [ app_init ] --START--
INFO: Run Behavior\BuildLiteBehavior [ RunTime:0.000000s ]
INFO: [ app_init ] --END-- [ RunTime:0.001000s ]
ERR: 无法加载模块:Public

[ 2017-04-10T08:53:53+08:00 ] ::1 /Project/project/Public/show/fonts/hm_amperserif/disp_regular/hmamperserif_disp_regular.woff
INFO: [ app_init ] --START--
INFO: Run Behavior\BuildLiteBehavior [ RunTime:0.000000s ]
INFO: [ app_init ] --END-- [ RunTime:0.001000s ]
ERR: 无法加载模块:Public

[ 2017-04-10T08:53:53+08:00 ] ::1 /Project/project/Public/show/fonts/hm_ampersand/regular/hmampersand_regular.woff
INFO: [ app_init ] --START--
INFO: Run Behavior\BuildLiteBehavior [ RunTime:0.000000s ]
INFO: [ app_init ] --END-- [ RunTime:0.001000s ]
ERR: 无法加载模块:Public

[ 2017-04-10T08:53:53+08:00 ] ::1 /Project/project/Public/shared/images/chat-icon.png
INFO: [ app_init ] --START--
INFO: Run Behavior\BuildLiteBehavior [ RunTime:0.000000s ]
INFO: [ app_init ] --END-- [ RunTime:0.001000s ]
ERR: 无法加载模块:Public

[ 2017-04-10T08:53:53+08:00 ] ::1 /Project/project/Public/show/images/sprites.png
INFO: [ app_init ] --START--
INFO: Run Behavior\BuildLiteBehavior [ RunTime:0.000000s ]
INFO: [ app_init ] --END-- [ RunTime:0.000000s ]
ERR: 无法加载模块:Public

[ 2017-04-10T08:53:56+08:00 ] ::1 /Project/project/Public/show/fonts/hm_amperserif/text_regular/hmamperserif_text_regular.ttf
INFO: [ app_init ] --START--
INFO: Run Behavior\BuildLiteBehavior [ RunTime:0.000000s ]
INFO: [ app_init ] --END-- [ RunTime:0.000000s ]
ERR: 无法加载模块:Public

[ 2017-04-10T08:53:56+08:00 ] ::1 /Project/project/Public/show/fonts/hm_ampersand/regular/hmampersand_regular.ttf
INFO: [ app_init ] --START--
INFO: Run Behavior\BuildLiteBehavior [ RunTime:0.000000s ]
INFO: [ app_init ] --END-- [ RunTime:0.000000s ]
ERR: 无法加载模块:Public

[ 2017-04-10T08:53:56+08:00 ] ::1 /Project/project/Public/show/fonts/hm_amperserif/disp_regular/hmamperserif_disp_regular.ttf
INFO: [ app_init ] --START--
INFO: Run Behavior\BuildLiteBehavior [ RunTime:0.000000s ]
INFO: [ app_init ] --END-- [ RunTime:0.001000s ]
ERR: 无法加载模块:Public

[ 2017-04-10T08:54:16+08:00 ] ::1 /Project/project/Public/Backstage/i/favicon.png
INFO: [ app_init ] --START--
INFO: Run Behavior\BuildLiteBehavior [ RunTime:0.000000s ]
INFO: [ app_init ] --END-- [ RunTime:0.000000s ]
ERR: 无法加载模块:Public

[ 2017-04-10T08:59:07+08:00 ] ::1 /Project/project/Public/show/fonts/hm_ampersand/regular/hmampersand_regular.woff
INFO: [ app_init ] --START--
INFO: Run Behavior\BuildLiteBehavior [ RunTime:0.000000s ]
INFO: [ app_init ] --END-- [ RunTime:0.000000s ]
ERR: 无法加载模块:Public

[ 2017-04-10T08:59:07+08:00 ] ::1 /Project/project/Public/show/images/sprites.png
INFO: [ app_init ] --START--
INFO: Run Behavior\BuildLiteBehavior [ RunTime:0.000000s ]
INFO: [ app_init ] --END-- [ RunTime:0.001000s ]
ERR: 无法加载模块:Public

[ 2017-04-10T08:59:07+08:00 ] ::1 /Project/project/Public/show/fonts/hm_amperserif/disp_regular/hmamperserif_disp_regular.woff
INFO: [ app_init ] --START--
INFO: Run Behavior\BuildLiteBehavior [ RunTime:0.000000s ]
INFO: [ app_init ] --END-- [ RunTime:0.001000s ]
ERR: 无法加载模块:Public

[ 2017-04-10T08:59:07+08:00 ] ::1 /Project/project/Public/shared/images/chat-icon.png
INFO: [ app_init ] --START--
INFO: Run Behavior\BuildLiteBehavior [ RunTime:0.000000s ]
INFO: [ app_init ] --END-- [ RunTime:0.000000s ]
ERR: 无法加载模块:Public

[ 2017-04-10T08:59:07+08:00 ] ::1 /Project/project/Public/show/fonts/hm_amperserif/text_regular/hmamperserif_text_regular.woff
INFO: [ app_init ] --START--
INFO: Run Behavior\BuildLiteBehavior [ RunTime:0.000000s ]
INFO: [ app_init ] --END-- [ RunTime:0.001000s ]
ERR: 无法加载模块:Public

[ 2017-04-10T08:59:08+08:00 ] ::1 /Project/project/Public/show/fonts/hm_ampersand/regular/hmampersand_regular.ttf
INFO: [ app_init ] --START--
INFO: Run Behavior\BuildLiteBehavior [ RunTime:0.000000s ]
INFO: [ app_init ] --END-- [ RunTime:0.000000s ]
ERR: 无法加载模块:Public

[ 2017-04-10T08:59:08+08:00 ] ::1 /Project/project/Public/show/fonts/hm_amperserif/disp_regular/hmamperserif_disp_regular.ttf
INFO: [ app_init ] --START--
INFO: Run Behavior\BuildLiteBehavior [ RunTime:0.000000s ]
INFO: [ app_init ] --END-- [ RunTime:0.001000s ]
ERR: 无法加载模块:Public

[ 2017-04-10T08:59:08+08:00 ] ::1 /Project/project/Public/show/fonts/hm_amperserif/text_regular/hmamperserif_text_regular.ttf
INFO: [ app_init ] --START--
INFO: Run Behavior\BuildLiteBehavior [ RunTime:0.000000s ]
INFO: [ app_init ] --END-- [ RunTime:0.001000s ]
ERR: 无法加载模块:Public

[ 2017-04-10T08:59:27+08:00 ] ::1 /Project/project/Public/Backstage/i/favicon.png
INFO: [ app_init ] --START--
INFO: Run Behavior\BuildLiteBehavior [ RunTime:0.000000s ]
INFO: [ app_init ] --END-- [ RunTime:0.001000s ]
ERR: 无法加载模块:Public

[ 2017-04-10T08:59:40+08:00 ] 192.168.42.42 /Project/project/Public/show/fonts/hm_ampersand/regular/hmampersand_regular.woff
INFO: [ app_init ] --START--
INFO: Run Behavior\BuildLiteBehavior [ RunTime:0.000000s ]
INFO: [ app_init ] --END-- [ RunTime:0.001000s ]
ERR: 无法加载模块:Public

[ 2017-04-10T08:59:40+08:00 ] 192.168.42.42 /Project/project/Public/show/fonts/hm_amperserif/text_regular/hmamperserif_text_regular.woff
INFO: [ app_init ] --START--
INFO: Run Behavior\BuildLiteBehavior [ RunTime:0.000000s ]
INFO: [ app_init ] --END-- [ RunTime:0.001000s ]
ERR: 无法加载模块:Public

[ 2017-04-10T08:59:40+08:00 ] 192.168.42.42 /Project/project/Public/show/images/sprites.png
INFO: [ app_init ] --START--
INFO: Run Behavior\BuildLiteBehavior [ RunTime:0.000000s ]
INFO: [ app_init ] --END-- [ RunTime:0.001000s ]
ERR: 无法加载模块:Public

[ 2017-04-10T08:59:40+08:00 ] 192.168.42.42 /Project/project/Public/show/fonts/hm_amperserif/disp_regular/hmamperserif_disp_regular.woff
INFO: [ app_init ] --START--
INFO: Run Behavior\BuildLiteBehavior [ RunTime:0.000000s ]
INFO: [ app_init ] --END-- [ RunTime:0.000000s ]
ERR: 无法加载模块:Public

[ 2017-04-10T08:59:40+08:00 ] 192.168.42.42 /Project/project/Public/shared/images/chat-icon.png
INFO: [ app_init ] --START--
INFO: Run Behavior\BuildLiteBehavior [ RunTime:0.000000s ]
INFO: [ app_init ] --END-- [ RunTime:0.001000s ]
ERR: 无法加载模块:Public

[ 2017-04-10T08:59:40+08:00 ] 192.168.42.42 /Project/project/Public/show/fonts/hm_ampersand/regular/hmampersand_regular.ttf
INFO: [ app_init ] --START--
INFO: Run Behavior\BuildLiteBehavior [ RunTime:0.000000s ]
INFO: [ app_init ] --END-- [ RunTime:0.001000s ]
ERR: 无法加载模块:Public

[ 2017-04-10T08:59:40+08:00 ] 192.168.42.42 /Project/project/Public/show/fonts/hm_amperserif/text_regular/hmamperserif_text_regular.ttf
INFO: [ app_init ] --START--
INFO: Run Behavior\BuildLiteBehavior [ RunTime:0.000000s ]
INFO: [ app_init ] --END-- [ RunTime:0.001000s ]
ERR: 无法加载模块:Public

[ 2017-04-10T08:59:40+08:00 ] 192.168.42.42 /Project/project/Public/show/fonts/hm_amperserif/disp_regular/hmamperserif_disp_regular.ttf
INFO: [ app_init ] --START--
INFO: Run Behavior\BuildLiteBehavior [ RunTime:0.000000s ]
INFO: [ app_init ] --END-- [ RunTime:0.001000s ]
ERR: 无法加载模块:Public

[ 2017-04-10T09:00:42+08:00 ] 192.168.42.34 /Project/project/Public/show/fonts/hm_ampersand/regular/hmampersand_regular.woff
INFO: [ app_init ] --START--
INFO: Run Behavior\BuildLiteBehavior [ RunTime:0.000000s ]
INFO: [ app_init ] --END-- [ RunTime:0.000000s ]
ERR: 无法加载模块:Public

[ 2017-04-10T09:00:42+08:00 ] 192.168.42.34 /Project/project/Public/show/images/sprites.png
INFO: [ app_init ] --START--
INFO: Run Behavior\BuildLiteBehavior [ RunTime:0.000000s ]
INFO: [ app_init ] --END-- [ RunTime:0.001000s ]
ERR: 无法加载模块:Public

[ 2017-04-10T09:00:42+08:00 ] 192.168.42.34 /Project/project/Public/show/fonts/hm_amperserif/disp_regular/hmamperserif_disp_regular.woff
INFO: [ app_init ] --START--
INFO: Run Behavior\BuildLiteBehavior [ RunTime:0.000000s ]
INFO: [ app_init ] --END-- [ RunTime:0.000000s ]
ERR: 无法加载模块:Public

[ 2017-04-10T09:00:42+08:00 ] 192.168.42.34 /Project/project/Public/show/fonts/hm_amperserif/text_regular/hmamperserif_text_regular.woff
INFO: [ app_init ] --START--
INFO: Run Behavior\BuildLiteBehavior [ RunTime:0.000000s ]
INFO: [ app_init ] --END-- [ RunTime:0.001000s ]
ERR: 无法加载模块:Public

[ 2017-04-10T09:00:42+08:00 ] 192.168.42.34 /Project/project/Public/shared/images/chat-icon.png
INFO: [ app_init ] --START--
INFO: Run Behavior\BuildLiteBehavior [ RunTime:0.000000s ]
INFO: [ app_init ] --END-- [ RunTime:0.000000s ]
ERR: 无法加载模块:Public

[ 2017-04-10T09:00:42+08:00 ] 192.168.42.34 /Project/project/Public/show/fonts/hm_ampersand/regular/hmampersand_regular.ttf
INFO: [ app_init ] --START--
INFO: Run Behavior\BuildLiteBehavior [ RunTime:0.000000s ]
INFO: [ app_init ] --END-- [ RunTime:0.001000s ]
ERR: 无法加载模块:Public

[ 2017-04-10T09:00:42+08:00 ] 192.168.42.34 /Project/project/Public/show/fonts/hm_amperserif/disp_regular/hmamperserif_disp_regular.ttf
INFO: [ app_init ] --START--
INFO: Run Behavior\BuildLiteBehavior [ RunTime:0.000000s ]
INFO: [ app_init ] --END-- [ RunTime:0.001000s ]
ERR: 无法加载模块:Public

[ 2017-04-10T09:00:42+08:00 ] 192.168.42.34 /Project/project/Public/show/fonts/hm_amperserif/text_regular/hmamperserif_text_regular.ttf
INFO: [ app_init ] --START--
INFO: Run Behavior\BuildLiteBehavior [ RunTime:0.000000s ]
INFO: [ app_init ] --END-- [ RunTime:0.001000s ]
ERR: 无法加载模块:Public

[ 2017-04-10T09:01:01+08:00 ] 192.168.42.42 /Project/project/Public/show/fonts/hm_ampersand/regular/hmampersand_regular.woff
INFO: [ app_init ] --START--
INFO: Run Behavior\BuildLiteBehavior [ RunTime:0.000000s ]
INFO: [ app_init ] --END-- [ RunTime:0.001000s ]
ERR: 无法加载模块:Public

[ 2017-04-10T09:01:01+08:00 ] 192.168.42.42 /Project/project/Public/show/fonts/hm_amperserif/disp_regular/hmamperserif_disp_regular.woff
INFO: [ app_init ] --START--
INFO: Run Behavior\BuildLiteBehavior [ RunTime:0.000000s ]
INFO: [ app_init ] --END-- [ RunTime:0.001000s ]
ERR: 无法加载模块:Public

[ 2017-04-10T09:01:01+08:00 ] 192.168.42.42 /Project/project/Public/shared/images/chat-icon.png
INFO: [ app_init ] --START--
INFO: Run Behavior\BuildLiteBehavior [ RunTime:0.000000s ]
INFO: [ app_init ] --END-- [ RunTime:0.001000s ]
ERR: 无法加载模块:Public

[ 2017-04-10T09:01:01+08:00 ] 192.168.42.42 /Project/project/Public/show/fonts/hm_amperserif/text_regular/hmamperserif_text_regular.woff
INFO: [ app_init ] --START--
INFO: Run Behavior\BuildLiteBehavior [ RunTime:0.000000s ]
INFO: [ app_init ] --END-- [ RunTime:0.001000s ]
ERR: 无法加载模块:Public

[ 2017-04-10T09:01:01+08:00 ] 192.168.42.42 /Project/project/Public/show/images/sprites.png
INFO: [ app_init ] --START--
INFO: Run Behavior\BuildLiteBehavior [ RunTime:0.000000s ]
INFO: [ app_init ] --END-- [ RunTime:0.001000s ]
ERR: 无法加载模块:Public

[ 2017-04-10T09:01:01+08:00 ] 192.168.42.42 /Project/project/Public/show/fonts/hm_ampersand/regular/hmampersand_regular.ttf
INFO: [ app_init ] --START--
INFO: Run Behavior\BuildLiteBehavior [ RunTime:0.000000s ]
INFO: [ app_init ] --END-- [ RunTime:0.000000s ]
ERR: 无法加载模块:Public

[ 2017-04-10T09:01:01+08:00 ] 192.168.42.42 /Project/project/Public/show/fonts/hm_amperserif/disp_regular/hmamperserif_disp_regular.ttf
INFO: [ app_init ] --START--
INFO: Run Behavior\BuildLiteBehavior [ RunTime:0.000000s ]
INFO: [ app_init ] --END-- [ RunTime:0.000000s ]
ERR: 无法加载模块:Public

[ 2017-04-10T09:01:01+08:00 ] 192.168.42.42 /Project/project/Public/show/fonts/hm_amperserif/text_regular/hmamperserif_text_regular.ttf
INFO: [ app_init ] --START--
INFO: Run Behavior\BuildLiteBehavior [ RunTime:0.000000s ]
INFO: [ app_init ] --END-- [ RunTime:0.000000s ]
ERR: 无法加载模块:Public

[ 2017-04-10T09:08:41+08:00 ] ::1 /Project/project/Public/show/fonts/hm_ampersand/regular/hmampersand_regular.woff
INFO: [ app_init ] --START--
INFO: Run Behavior\BuildLiteBehavior [ RunTime:0.000000s ]
INFO: [ app_init ] --END-- [ RunTime:0.000000s ]
ERR: 无法加载模块:Public

[ 2017-04-10T09:08:41+08:00 ] ::1 /Project/project/Public/show/images/sprites.png
INFO: [ app_init ] --START--
INFO: Run Behavior\BuildLiteBehavior [ RunTime:0.000000s ]
INFO: [ app_init ] --END-- [ RunTime:0.001000s ]
ERR: 无法加载模块:Public

[ 2017-04-10T09:08:41+08:00 ] ::1 /Project/project/Public/show/fonts/hm_amperserif/disp_regular/hmamperserif_disp_regular.woff
INFO: [ app_init ] --START--
INFO: Run Behavior\BuildLiteBehavior [ RunTime:0.000000s ]
INFO: [ app_init ] --END-- [ RunTime:0.000000s ]
ERR: 无法加载模块:Public

[ 2017-04-10T09:08:41+08:00 ] ::1 /Project/project/Public/show/fonts/hm_amperserif/text_regular/hmamperserif_text_regular.woff
INFO: [ app_init ] --START--
INFO: Run Behavior\BuildLiteBehavior [ RunTime:0.000000s ]
INFO: [ app_init ] --END-- [ RunTime:0.001000s ]
ERR: 无法加载模块:Public

[ 2017-04-10T09:08:41+08:00 ] ::1 /Project/project/Public/shared/images/chat-icon.png
INFO: [ app_init ] --START--
INFO: Run Behavior\BuildLiteBehavior [ RunTime:0.000000s ]
INFO: [ app_init ] --END-- [ RunTime:0.001000s ]
ERR: 无法加载模块:Public

[ 2017-04-10T09:08:41+08:00 ] ::1 /Project/project/Public/show/fonts/hm_ampersand/regular/hmampersand_regular.ttf
INFO: [ app_init ] --START--
INFO: Run Behavior\BuildLiteBehavior [ RunTime:0.000000s ]
INFO: [ app_init ] --END-- [ RunTime:0.000000s ]
ERR: 无法加载模块:Public

[ 2017-04-10T09:08:41+08:00 ] ::1 /Project/project/Public/show/fonts/hm_amperserif/disp_regular/hmamperserif_disp_regular.ttf
INFO: [ app_init ] --START--
INFO: Run Behavior\BuildLiteBehavior [ RunTime:0.000000s ]
INFO: [ app_init ] --END-- [ RunTime:0.000000s ]
ERR: 无法加载模块:Public

[ 2017-04-10T09:08:41+08:00 ] ::1 /Project/project/Public/show/fonts/hm_amperserif/text_regular/hmamperserif_text_regular.ttf
INFO: [ app_init ] --START--
INFO: Run Behavior\BuildLiteBehavior [ RunTime:0.000000s ]
INFO: [ app_init ] --END-- [ RunTime:0.001000s ]
ERR: 无法加载模块:Public

[ 2017-04-10T09:36:26+08:00 ] ::1 /Project/project/Public/show/fonts/hm_ampersand/regular/hmampersand_regular.woff
INFO: [ app_init ] --START--
INFO: Run Behavior\BuildLiteBehavior [ RunTime:0.000000s ]
INFO: [ app_init ] --END-- [ RunTime:0.001000s ]
ERR: 无法加载模块:Public

[ 2017-04-10T09:36:26+08:00 ] ::1 /Project/project/Public/show/images/sprites.png
INFO: [ app_init ] --START--
INFO: Run Behavior\BuildLiteBehavior [ RunTime:0.000000s ]
INFO: [ app_init ] --END-- [ RunTime:0.000000s ]
ERR: 无法加载模块:Public

[ 2017-04-10T09:36:26+08:00 ] ::1 /Project/project/Public/show/fonts/hm_amperserif/disp_regular/hmamperserif_disp_regular.woff
INFO: [ app_init ] --START--
INFO: Run Behavior\BuildLiteBehavior [ RunTime:0.000000s ]
INFO: [ app_init ] --END-- [ RunTime:0.001000s ]
ERR: 无法加载模块:Public

[ 2017-04-10T09:36:26+08:00 ] ::1 /Project/project/Public/shared/images/chat-icon.png
INFO: [ app_init ] --START--
INFO: Run Behavior\BuildLiteBehavior [ RunTime:0.000000s ]
INFO: [ app_init ] --END-- [ RunTime:0.000000s ]
ERR: 无法加载模块:Public

00s ]
ERR: 无法加载模块:Public

[ 2017-04-10T09:36:26+08:00 ] ::1 /Project/project/Public/show/fonts/hm_ampersand/regular/hmampersand_regular.ttf
INFO: [ app_init ] --START--
INFO: Run Behavior\BuildLiteBehavior [ RunTime:0.000000s ]
INFO: [ app_init ] --END-- [ RunTime:0.000000s ]
ERR: 无法加载模块:Public

[ 2017-04-10T09:36:26+08:00 ] ::1 /Project/project/Public/show/fonts/hm_amperserif/text_regular/hmamperserif_text_regular.ttf
INFO: [ app_init ] --START--
INFO: Run Behavior\BuildLiteBehavior [ RunTime:0.000000s ]
INFO: [ app_init ] --END-- [ RunTime:0.001001s ]
ERR: 无法加载模块:Public

[ 2017-04-10T09:36:26+08:00 ] ::1 /Project/project/Public/show/fonts/hm_amperserif/disp_regular/hmamperserif_disp_regular.ttf
INFO: [ app_init ] --START--
INFO: Run Behavior\BuildLiteBehavior [ RunTime:0.000000s ]
INFO: [ app_init ] --END-- [ RunTime:0.001000s ]
ERR: 无法加载模块:Public

[ 2017-04-10T10:19:40+08:00 ] ::1 /Project/project/Public/show/fonts/hm_ampersand/regular/hmampersand_regular.woff
INFO: [ app_init ] --START--
INFO: Run Behavior\BuildLiteBehavior [ RunTime:0.000000s ]
INFO: [ app_init ] --END-- [ RunTime:0.001000s ]
ERR: 无法加载模块:Public

[ 2017-04-10T10:19:40+08:00 ] ::1 /Project/project/Public/show/images/sprites.png
INFO: [ app_init ] --START--
INFO: Run Behavior\BuildLiteBehavior [ RunTime:0.000000s ]
INFO: [ app_init ] --END-- [ RunTime:0.001000s ]
ERR: 无法加载模块:Public

[ 2017-04-10T10:19:40+08:00 ] ::1 /Project/project/Public/show/fonts/hm_amperserif/disp_regular/hmamperserif_disp_regular.woff
INFO: [ app_init ] --START--
INFO: Run Behavior\BuildLiteBehavior [ RunTime:0.000000s ]
INFO: [ app_init ] --END-- [ RunTime:0.001000s ]
ERR: 无法加载模块:Public

[ 2017-04-10T10:19:40+08:00 ] ::1 /Project/project/Public/show/fonts/hm_amperserif/text_regular/hmamperserif_text_regular.woff
INFO: [ app_init ] --START--
INFO: Run Behavior\BuildLiteBehavior [ RunTime:0.000000s ]
INFO: [ app_init ] --END-- [ RunTime:0.001000s ]
ERR: 无法加载模块:Public

[ 2017-04-10T10:19:40+08:00 ] ::1 /Project/project/Public/shared/images/chat-icon.png
INFO: [ app_init ] --START--
INFO: Run Behavior\BuildLiteBehavior [ RunTime:0.000000s ]
INFO: [ app_init ] --END-- [ RunTime:0.001000s ]
ERR: 无法加载模块:Public

[ 2017-04-10T10:19:40+08:00 ] ::1 /Project/project/Public/show/fonts/hm_ampersand/regular/hmampersand_regular.ttf
INFO: [ app_init ] --START--
INFO: Run Behavior\BuildLiteBehavior [ RunTime:0.000000s ]
INFO: [ app_init ] --END-- [ RunTime:0.001001s ]
ERR: 无法加载模块:Public

[ 2017-04-10T10:19:40+08:00 ] ::1 /Project/project/Public/show/fonts/hm_amperserif/disp_regular/hmamperserif_disp_regular.ttf
INFO: [ app_init ] --START--
INFO: Run Behavior\BuildLiteBehavior [ RunTime:0.000000s ]
INFO: [ app_init ] --END-- [ RunTime:0.001001s ]
ERR: 无法加载模块:Public

[ 2017-04-10T10:19:40+08:00 ] ::1 /Project/project/Public/show/fonts/hm_amperserif/text_regular/hmamperserif_text_regular.ttf
INFO: [ app_init ] --START--
INFO: Run Behavior\BuildLiteBehavior [ RunTime:0.000000s ]
INFO: [ app_init ] --END-- [ RunTime:0.001000s ]
ERR: 无法加载模块:Public

[ 2017-04-10T10:24:39+08:00 ] ::1 /Project/project/Public/show/fonts/hm_ampersand/regular/hmampersand_regular.woff
INFO: [ app_init ] --START--
INFO: Run Behavior\BuildLiteBehavior [ RunTime:0.000000s ]
INFO: [ app_init ] --END-- [ RunTime:0.001000s ]
ERR: 无法加载模块:Public

[ 2017-04-10T10:24:39+08:00 ] ::1 /Project/project/Public/show/images/sprites.png
INFO: [ app_init ] --START--
INFO: Run Behavior\BuildLiteBehavior [ RunTime:0.000000s ]
INFO: [ app_init ] --END-- [ RunTime:0.001000s ]
ERR: 无法加载模块:Public

[ 2017-04-10T10:24:39+08:00 ] ::1 /Project/project/Public/show/fonts/hm_amperserif/disp_regular/hmamperserif_disp_regular.woff
INFO: [ app_init ] --START--
INFO: Run Behavior\BuildLiteBehavior [ RunTime:0.000000s ]
INFO: [ app_init ] --END-- [ RunTime:0.000000s ]
ERR: 无法加载模块:Public

[ 2017-04-10T10:24:39+08:00 ] ::1 /Project/project/Public/shared/images/chat-icon.png
INFO: [ app_init ] --START--
INFO: Run Behavior\BuildLiteBehavior [ RunTime:0.000000s ]
INFO: [ app_init ] --END-- [ RunTime:0.001000s ]
ERR: 无法加载模块:Public

[ 2017-04-10T10:24:39+08:00 ] ::1 /Project/project/Public/show/fonts/hm_amperserif/text_regular/hmamperserif_text_regular.woff
INFO: [ app_init ] --START--
INFO: Run Behavior\BuildLiteBehavior [ RunTime:0.000000s ]
INFO: [ app_init ] --END-- [ RunTime:0.001000s ]
ERR: 无法加载模块:Public

[ 2017-04-10T10:24:39+08:00 ] ::1 /Project/project/Public/show/fonts/hm_ampersand/regular/hmampersand_regular.ttf
INFO: [ app_init ] --START--
INFO: Run Behavior\BuildLiteBehavior [ RunTime:0.000000s ]
INFO: [ app_init ] --END-- [ RunTime:0.000000s ]
ERR: 无法加载模块:Public

[ 2017-04-10T10:24:39+08:00 ] ::1 /Project/project/Public/show/fonts/hm_amperserif/disp_regular/hmamperserif_disp_regular.ttf
INFO: [ app_init ] --START--
INFO: Run Behavior\BuildLiteBehavior [ RunTime:0.001000s ]
INFO: [ app_init ] --END-- [ RunTime:0.001000s ]
ERR: 无法加载模块:Public

[ 2017-04-10T10:24:39+08:00 ] ::1 /Project/project/Public/show/fonts/hm_amperserif/text_regular/hmamperserif_text_regular.ttf
INFO: [ app_init ] --START--
INFO: Run Behavior\BuildLiteBehavior [ RunTime:0.000000s ]
INFO: [ app_init ] --END-- [ RunTime:0.001000s ]
ERR: 无法加载模块:Public

[ 2017-04-10T10:47:37+08:00 ] 192.168.42.233 /Project/project/Public/show/fonts/hm_ampersand/regular/hmampersand_regular.woff
INFO: [ app_init ] --START--
INFO: Run Behavior\BuildLiteBehavior [ RunTime:0.000000s ]
INFO: [ app_init ] --END-- [ RunTime:0.001000s ]
ERR: 无法加载模块:Public

[ 2017-04-10T10:47:37+08:00 ] 192.168.42.233 /Project/project/Public/show/fonts/hm_amperserif/disp_regular/hmamperserif_disp_regular.woff
INFO: [ app_init ] --START--
INFO: Run Behavior\BuildLiteBehavior [ RunTime:0.000000s ]
INFO: [ app_init ] --END-- [ RunTime:0.001000s ]
ERR: 无法加载模块:Public

[ 2017-04-10T10:47:37+08:00 ] 192.168.42.233 /Project/project/Public/show/images/sprites.png
INFO: [ app_init ] --START--
INFO: Run Behavior\BuildLiteBehavior [ RunTime:0.000000s ]
INFO: [ app_init ] --END-- [ RunTime:0.001000s ]
ERR: 无法加载模块:Public

[ 2017-04-10T10:47:37+08:00 ] 192.168.42.233 /Project/project/Public/show/fonts/hm_amperserif/text_regular/hmamperserif_text_regular.woff
INFO: [ app_init ] --START--
INFO: Run Behavior\BuildLiteBehavior [ RunTime:0.000000s ]
INFO: [ app_init ] --END-- [ RunTime:0.001000s ]
ERR: 无法加载模块:Public

[ 2017-04-10T10:47:37+08:00 ] 192.168.42.233 /Project/project/Public/shared/images/chat-icon.png
INFO: [ app_init ] --START--
INFO: Run Behavior\BuildLiteBehavior [ RunTime:0.000000s ]
INFO: [ app_init ] --END-- [ RunTime:0.000000s ]
ERR: 无法加载模块:Public

[ 2017-04-10T10:47:37+08:00 ] 192.168.42.233 /Project/project/Public/show/fonts/hm_ampersand/regular/hmampersand_regular.ttf
INFO: [ app_init ] --START--
INFO: Run Behavior\BuildLiteBehavior [ RunTime:0.000000s ]
INFO: [ app_init ] --END-- [ RunTime:0.001000s ]
ERR: 无法加载模块:Public

[ 2017-04-10T10:47:37+08:00 ] 192.168.42.233 /Project/project/Public/show/fonts/hm_amperserif/text_regular/hmamperserif_text_regular.ttf
INFO: [ app_init ] --START--
INFO: Run Behavior\BuildLiteBehavior [ RunTime:0.000000s ]
INFO: [ app_init ] --END-- [ RunTime:0.001000s ]
ERR: 无法加载模块:Public

[ 2017-04-10T10:47:37+08:00 ] 192.168.42.233 /Project/project/Public/show/fonts/hm_amperserif/disp_regular/hmamperserif_disp_regular.ttf
INFO: [ app_init ] --START--
INFO: Run Behavior\BuildLiteBehavior [ RunTime:0.000000s ]
INFO: [ app_init ] --END-- [ RunTime:0.001000s ]
ERR: 无法加载模块:Public

[ 2017-04-10T10:47:56+08:00 ] 192.168.42.233 /Project/project/Public/Backstage/i/favicon.png
INFO: [ app_init ] --START--
INFO: Run Behavior\BuildLiteBehavior [ RunTime:0.000000s ]
INFO: [ app_init ] --END-- [ RunTime:0.001000s ]
ERR: 无法加载模块:Public

[ 2017-04-10T11:38:23+08:00 ] ::1 /Project/project/Public/show/fonts/hm_ampersand/regular/hmampersand_regular.woff
INFO: [ app_init ] --START--
INFO: Run Behavior\BuildLiteBehavior [ RunTime:0.000000s ]
INFO: [ app_init ] --END-- [ RunTime:0.000000s ]
ERR: 无法加载模块:Public

[ 2017-04-10T11:38:23+08:00 ] ::1 /Project/project/Public/show/images/sprites.png
INFO: [ app_init ] --START--
INFO: Run Behavior\BuildLiteBehavior [ RunTime:0.000000s ]
INFO: [ app_init ] --END-- [ RunTime:0.000000s ]
ERR: 无法加载模块:Public

[ 2017-04-10T11:38:23+08:00 ] ::1 /Project/project/Public/show/fonts/hm_amperserif/disp_regular/hmamperserif_disp_regular.woff
INFO: [ app_init ] --START--
INFO: Run Behavior\BuildLiteBehavior [ RunTime:0.000000s ]
INFO: [ app_init ] --END-- [ RunTime:0.001000s ]
ERR: 无法加载模块:Public

[ 2017-04-10T11:38:23+08:00 ] ::1 /Project/project/Public/show/fonts/hm_amperserif/text_regular/hmamperserif_text_regular.woff
INFO: [ app_init ] --START--
INFO: Run Behavior\BuildLiteBehavior [ RunTime:0.000000s ]
INFO: [ app_init ] --END-- [ RunTime:0.000000s ]
ERR: 无法加载模块:Public

[ 2017-04-10T11:38:23+08:00 ] ::1 /Project/project/Public/shared/images/chat-icon.png
INFO: [ app_init ] --START--
INFO: Run Behavior\BuildLiteBehavior [ RunTime:0.000000s ]
INFO: [ app_init ] --END-- [ RunTime:0.001000s ]
ERR: 无法加载模块:Public

[ 2017-04-10T11:38:23+08:00 ] ::1 /Project/project/Public/show/fonts/hm_ampersand/regular/hmampersand_regular.ttf
INFO: [ app_init ] --START--
INFO: Run Behavior\BuildLiteBehavior [ RunTime:0.000000s ]
INFO: [ app_init ] --END-- [ RunTime:0.001000s ]
ERR: 无法加载模块:Public

[ 2017-04-10T11:38:23+08:00 ] ::1 /Project/project/Public/show/fonts/hm_amperserif/disp_regular/hmamperserif_disp_regular.ttf
INFO: [ app_init ] --START--
INFO: Run Behavior\BuildLiteBehavior [ RunTime:0.000000s ]
INFO: [ app_init ] --END-- [ RunTime:0.000000s ]
ERR: 无法加载模块:Public

[ 2017-04-10T11:38:23+08:00 ] ::1 /Project/project/Public/show/fonts/hm_amperserif/text_regular/hmamperserif_text_regular.ttf
INFO: [ app_init ] --START--
INFO: Run Behavior\BuildLiteBehavior [ RunTime:0.000000s ]
INFO: [ app_init ] --END-- [ RunTime:0.000000s ]
ERR: 无法加载模块:Public

[ 2017-04-10T11:47:11+08:00 ] ::1 /Project/project/Public/Backstage/i/favicon.png
INFO: [ app_init ] --START--
INFO: Run Behavior\BuildLiteBehavior [ RunTime:0.000000s ]
INFO: [ app_init ] --END-- [ RunTime:0.000000s ]
ERR: 无法加载模块:Public

[ 2017-04-10T13:34:35+08:00 ] ::1 /Project/project/Public/show/images/sprites.png
INFO: [ app_init ] --START--
INFO: Run Behavior\BuildLiteBehavior [ RunTime:0.000000s ]
INFO: [ app_init ] --END-- [ RunTime:0.000000s ]
ERR: 无法加载模块:Public

[ 2017-04-10T13:34:35+08:00 ] ::1 /Project/project/Public/show/fonts/hm_ampersand/regular/hmampersand_regular.woff
INFO: [ app_init ] --START--
INFO: Run Behavior\BuildLiteBehavior [ RunTime:0.000000s ]
INFO: [ app_init ] --END-- [ RunTime:0.001001s ]
ERR: 无法加载模块:Public

[ 2017-04-10T13:34:35+08:00 ] ::1 /Project/project/Public/show/fonts/hm_amperserif/disp_regular/hmamperserif_disp_regular.woff
INFO: [ app_init ] --START--
INFO: Run Behavior\BuildLiteBehavior [ RunTime:0.000000s ]
INFO: [ app_init ] --END-- [ RunTime:0.001001s ]
ERR: 无法加载模块:Public

[ 2017-04-10T13:34:35+08:00 ] ::1 /Project/project/Public/show/fonts/hm_amperserif/text_regular/hmamperserif_text_regular.woff
INFO: [ app_init ] --START--
INFO: Run Behavior\BuildLiteBehavior [ RunTime:0.000000s ]
INFO: [ app_init ] --END-- [ RunTime:0.000000s ]
ERR: 无法加载模块:Public

[ 2017-04-10T13:34:35+08:00 ] ::1 /Project/project/Public/shared/images/chat-icon.png
INFO: [ app_init ] --START--
INFO: Run Behavior\BuildLiteBehavior [ RunTime:0.000000s ]
INFO: [ app_init ] --END-- [ RunTime:0.001000s ]
ERR: 无法加载模块:Public

[ 2017-04-10T13:34:35+08:00 ] ::1 /Project/project/Public/show/fonts/hm_ampersand/regular/hmampersand_regular.ttf
INFO: [ app_init ] --START--
INFO: Run Behavior\BuildLiteBehavior [ RunTime:0.000000s ]
INFO: [ app_init ] --END-- [ RunTime:0.000000s ]
ERR: 无法加载模块:Public

[ 2017-04-10T13:34:35+08:00 ] ::1 /Project/project/Public/show/fonts/hm_amperserif/disp_regular/hmamperserif_disp_regular.ttf
INFO: [ app_init ] --START--
INFO: Run Behavior\BuildLiteBehavior [ RunTime:0.000000s ]
INFO: [ app_init ] --END-- [ RunTime:0.000000s ]
ERR: 无法加载模块:Public

[ 2017-04-10T13:34:35+08:00 ] ::1 /Project/project/Public/show/fonts/hm_amperserif/text_regular/hmamperserif_text_regular.ttf
INFO: [ app_init ] --START--
INFO: Run Behavior\BuildLiteBehavior [ RunTime:0.001001s ]
INFO: [ app_init ] --END-- [ RunTime:0.001001s ]
ERR: 无法加载模块:Public

[ 2017-04-10T13:36:07+08:00 ] ::1 /Project/project/Public/Backstage/i/favicon.png
INFO: [ app_init ] --START--
INFO: Run Behavior\BuildLiteBehavior [ RunTime:0.000000s ]
INFO: [ app_init ] --END-- [ RunTime:0.000000s ]
ERR: 无法加载模块:Public

