[ 2017-04-05T08:57:26+08:00 ] ::1 /Project/project/Public/show/fonts/hm_amperserif/text_regular/hmamperserif_text_regular.woff
INFO: [ app_init ] --START--
INFO: Run Behavior\BuildLiteBehavior [ RunTime:0.000000s ]
INFO: [ app_init ] --END-- [ RunTime:0.000000s ]
ERR: æ— æ³•åŠ è½½æ¨¡å—:Public

[ 2017-04-05T08:57:26+08:00 ] ::1 /Project/project/Public/show/fonts/hm_ampersand/regular/hmampersand_regular.woff
INFO: [ app_init ] --START--
INFO: Run Behavior\BuildLiteBehavior [ RunTime:0.000000s ]
INFO: [ app_init ] --END-- [ RunTime:0.001000s ]
ERR: æ— æ³•åŠ è½½æ¨¡å—:Public

—:Public

[ 2017-04-05T08:57:26+08:00 ] ::1 /Project/project/Public/show/images/sprites.png
INFO: [ app_init ] --START--
INFO: Run Behavior\BuildLiteBehavior [ RunTime:0.000000s ]
INFO: [ app_init ] --END-- [ RunTime:0.000000s ]
ERR: æ— æ³•åŠ è½½æ¨¡å—:Public

[ 2017-04-05T08:57:26+08:00 ] ::1 /Project/project/Public/shared/images/chat-icon.png
INFO: [ app_init ] --START--
INFO: Run Behavior\BuildLiteBehavior [ RunTime:0.000000s ]
INFO: [ app_init ] --END-- [ RunTime:0.001000s ]
ERR: æ— æ³•åŠ è½½æ¨¡å—:Public

[ 2017-04-05T08:57:27+08:00 ] ::1 /Project/project/Public/show/fonts/hm_amperserif/disp_regular/hmamperserif_disp_regular.ttf
INFO: [ app_init ] --START--
INFO: Run Behavior\BuildLiteBehavior [ RunTime:0.000000s ]
INFO: [ app_init ] --END-- [ RunTime:0.000000s ]
ERR: æ— æ³•åŠ è½½æ¨¡å—:Public

[ 2017-04-05T08:57:27+08:00 ] ::1 /Project/project/Public/show/fonts/hm_ampersand/regular/hmampersand_regular.ttf
INFO: [ app_init ] --START--
INFO: Run Behavior\BuildLiteBehavior [ RunTime:0.000000s ]
INFO: [ app_init ] --END-- [ RunTime:0.001000s ]
ERR: æ— æ³•åŠ è½½æ¨¡å—:Public

[ 2017-04-05T08:57:27+08:00 ] ::1 /Project/project/Public/show/fonts/hm_amperserif/text_regular/hmamperserif_text_regular.ttf
INFO: [ app_init ] --START--
INFO: Run Behavior\BuildLiteBehavior [ RunTime:0.000000s ]
INFO: [ app_init ] --END-- [ RunTime:0.001000s ]
ERR: æ— æ³•åŠ è½½æ¨¡å—:Public

[ 2017-04-05T08:57:48+08:00 ] ::1 /Project/project/Public/Backstage/i/favicon.png
INFO: [ app_init ] --START--
INFO: Run Behavior\BuildLiteBehavior [ RunTime:0.000000s ]
INFO: [ app_init ] --END-- [ RunTime:0.000000s ]
ERR: æ— æ³•åŠ è½½æ¨¡å—:Public

